z(m),CH2CH2,CH3CH3,CH4,CHCH,H2,N2
0.000000e+00,0.000000e+00,7.475339e-02,0.000000e+00,0.000000e+00,0.000000e+00,9.252466e-01
1.000000e-06,1.635491e-05,7.473509e-02,2.499442e-09,6.609969e-07,1.277486e-06,9.252466e-01
1.450000e-06,2.201267e-05,7.472874e-02,3.692032e-09,9.083940e-07,1.722295e-06,9.252466e-01
1.900000e-06,2.715069e-05,7.472297e-02,4.941952e-09,1.141744e-06,2.127576e-06,9.252466e-01
2.350000e-06,3.190301e-05,7.471761e-02,6.250113e-09,1.365009e-06,2.503575e-06,9.252466e-01
2.800000e-06,3.635214e-05,7.471259e-02,7.615928e-09,1.580541e-06,2.856585e-06,9.252466e-01
3.250000e-06,4.055361e-05,7.470785e-02,9.038235e-09,1.789877e-06,3.190835e-06,9.252466e-01
3.700000e-06,4.454722e-05,7.470333e-02,1.051567e-08,1.994088e-06,3.509351e-06,9.252466e-01
4.150000e-06,4.836276e-05,7.469901e-02,1.204681e-08,2.193959e-06,3.814395e-06,9.252466e-01
4.600000e-06,5.202333e-05,7.469486e-02,1.363029e-08,2.390087e-06,4.107720e-06,9.252466e-01
5.050000e-06,5.554728e-05,7.469085e-02,1.526476e-08,2.582937e-06,4.390716e-06,9.252466e-01
5.500000e-06,5.894955e-05,7.468699e-02,1.694898e-08,2.772884e-06,4.664516e-06,9.252466e-01
5.950000e-06,6.224250e-05,7.468324e-02,1.868178e-08,2.960233e-06,4.930054e-06,9.252466e-01
6.400000e-06,6.543650e-05,7.467960e-02,2.046204e-08,3.145238e-06,5.188115e-06,9.252466e-01
6.850000e-06,6.854038e-05,7.467606e-02,2.228874e-08,3.328113e-06,5.439368e-06,9.252466e-01
7.300000e-06,7.156171e-05,7.467261e-02,2.416091e-08,3.509040e-06,5.684384e-06,9.252466e-01
7.750000e-06,7.450708e-05,7.466925e-02,2.607767e-08,3.688177e-06,5.923662e-06,9.252466e-01
8.200000e-06,7.738224e-05,7.466596e-02,2.803816e-08,3.865662e-06,6.157635e-06,9.252466e-01
8.650000e-06,8.019227e-05,7.466274e-02,3.004161e-08,4.041615e-06,6.386688e-06,9.252466e-01
9.100000e-06,8.294166e-05,7.465959e-02,3.208728e-08,4.216142e-06,6.611161e-06,9.252466e-01
9.550000e-06,8.563443e-05,7.465650e-02,3.417448e-08,4.389338e-06,6.831356e-06,9.252466e-01
1.000000e-05,8.827419e-05,7.465347e-02,3.630257e-08,4.561290e-06,7.047545e-06,9.252466e-01
1.450000e-05,1.123441e-04,7.462573e-02,5.971510e-08,6.226252e-06,9.033594e-06,9.252466e-01
1.900000e-05,1.334003e-04,7.460129e-02,8.672904e-08,7.821298e-06,1.079202e-05,9.252466e-01
2.350000e-05,1.524779e-04,7.457902e-02,1.170860e-07,9.372150e-06,1.240121e-05,9.252466e-01
2.800000e-05,1.701585e-04,7.455828e-02,1.506372e-07,1.089421e-05,1.390534e-05,9.252466e-01
3.250000e-05,1.868070e-04,7.453867e-02,1.873013e-07,1.239788e-05,1.533227e-05,9.252466e-01
3.700000e-05,2.026703e-04,7.451990e-02,2.270418e-07,1.389079e-05,1.670091e-05,9.252466e-01
4.150000e-05,2.179244e-04,7.450179e-02,2.698538e-07,1.537880e-05,1.802481e-05,9.252466e-01
4.600000e-05,2.326997e-04,7.448419e-02,3.157560e-07,1.686666e-05,1.931410e-05,9.252466e-01
5.050000e-05,2.470963e-04,7.446699e-02,3.647850e-07,1.835827e-05,2.057656e-05,9.252466e-01
5.500000e-05,2.611926e-04,7.445011e-02,4.169920e-07,1.985698e-05,2.181833e-05,9.252466e-01
5.950000e-05,2.750514e-04,7.443346e-02,4.724397e-07,2.136567e-05,2.304438e-05,9.252466e-01
6.400000e-05,2.887239e-04,7.441699e-02,5.312010e-07,2.288687e-05,2.425878e-05,9.252466e-01
6.850000e-05,3.022525e-04,7.440066e-02,5.933568e-07,2.442285e-05,2.546490e-05,9.252466e-01
7.300000e-05,3.156725e-04,7.438442e-02,6.589955e-07,2.597563e-05,2.666561e-05,9.252466e-01
7.750000e-05,3.290138e-04,7.436824e-02,7.282115e-07,2.754704e-05,2.786332e-05,9.252466e-01
8.200000e-05,3.423019e-04,7.435209e-02,8.011050e-07,2.913877e-05,2.906012e-05,9.252466e-01
8.650000e-05,3.555585e-04,7.433594e-02,8.777809e-07,3.075234e-05,3.025780e-05,9.252466e-01
9.100000e-05,3.688024e-04,7.431978e-02,9.583489e-07,3.238915e-05,3.145793e-05,9.252466e-01
9.550000e-05,3.820500e-04,7.430359e-02,1.042922e-06,3.405049e-05,3.266186e-05,9.252466e-01
1.000000e-04,3.953151e-04,7.428734e-02,1.131618e-06,3.573755e-05,3.387078e-05,9.252466e-01
1.450000e-04,5.309801e-04,7.411950e-02,2.272904e-06,5.422254e-05,4.641057e-05,9.252466e-01
1.900000e-04,6.752049e-04,7.393816e-02,3.970105e-06,7.601736e-05,6.004307e-05,9.252466e-01
2.350000e-04,8.288735e-04,7.374203e-02,6.360455e-06,1.012768e-04,7.484715e-05,9.252466e-01
2.800000e-04,9.913576e-04,7.353177e-02,9.583066e-06,1.299193e-04,9.075632e-05,9.252466e-01
3.250000e-04,1.162129e-03,7.330792e-02,1.378362e-05,1.618531e-04,1.077092e-04,9.252466e-01
3.700000e-04,1.340270e-03,7.307156e-02,1.910457e-05,1.968576e-04,1.255968e-04,9.252466e-01
4.150000e-04,1.523237e-03,7.282619e-02,2.564402e-05,2.342001e-04,1.441168e-04,9.252466e-01
4.600000e-04,1.707351e-03,7.257716e-02,3.342428e-05,2.726422e-04,1.628114e-04,9.252466e-01
5.050000e-04,1.890123e-03,7.232838e-02,4.242786e-05,3.111248e-04,1.813390e-04,9.252466e-01
5.500000e-04,2.071419e-03,7.208035e-02,5.266508e-05,3.493192e-04,1.996384e-04,9.252466e-01
5.950000e-04,2.252098e-03,7.183201e-02,6.417981e-05,3.873191e-04,2.177831e-04,9.252466e-01
6.400000e-04,2.432088e-03,7.158366e-02,7.698472e-05,4.249186e-04,2.357352e-04,9.252466e-01
6.850000e-04,2.610139e-03,7.133753e-02,9.101715e-05,4.614105e-04,2.532992e-04,9.252466e-01
7.300000e-04,2.785005e-03,7.109588e-02,1.061721e-04,4.960533e-04,2.702776e-04,9.252466e-01
7.750000e-04,2.956185e-03,7.085982e-02,1.223531e-04,5.284508e-04,2.865790e-04,9.252466e-01
8.200000e-04,3.123603e-03,7.062969e-02,1.394759e-04,5.584450e-04,3.021786e-04,9.252466e-01
8.650000e-04,3.287249e-03,7.040568e-02,1.574556e-04,5.859435e-04,3.170669e-04,9.252466e-01
9.100000e-04,3.447436e-03,7.018733e-02,1.762356e-04,6.110940e-04,3.312928e-04,9.252466e-01
9.550000e-04,3.605464e-03,6.997220e-02,1.958763e-04,6.347703e-04,3.450812e-04,9.252466e-01
1.000000e-03,3.764346e-03,6.975420e-02,2.166859e-04,6.591874e-04,3.589721e-04,9.252466e-01
1.000000e-03,3.764346e-03,6.975420e-02,2.166859e-04,6.591874e-04,3.589721e-04,9.252466e-01
