
 CHEMKIN INTERPRETER OUTPUT: CHEMKIN-II Version 3.0 Jun. 1991
                              DOUBLE PRECISION

                          --------------------
                          ELEMENTS     ATOMIC
                          CONSIDERED   WEIGHT
                          --------------------
                           1. N       14.0067    
                           2. H       1.00797    
                           3. Ru      101.070    
                          --------------------
 -------------------------------------------------------------------------------
                         C
                       P H
                       H A
                       A R
 SPECIES               S G MOLECULAR TEMPERATURE   ELEMENT COUNT
 CONSIDERED            E E WEIGHT    LOW    HIGH   N  H  Ru 
 -------------------------------------------------------------------------------
   1. N2               G 0  28.01340  300.0 1500.0  2  0  0
   2. NH3              G 0  17.03061  300.0 1500.0  1  3  0
   3. H2               G 0   2.01594  300.0 1500.0  0  2  0
 -------------------------------------------------------------------------------



                                                      (k = A T**b exp(-E/RT))
      REACTIONS CONSIDERED                              A        b        E


 WARNING...NO REACTION INPUT FOUND; 

 LINKING FILE HAS NO REACTION INFORMATION ON IT.



 NO ERRORS FOUND ON INPUT...CHEMKIN LINKING FILE WRITTEN.

 WORKING SPACE REQUIREMENTS ARE
    INTEGER:       19
    REAL:          72
    CHARACTER:      6
