 Experimental condition #  1
Vol [cm3]             N2                 NH3                H2                        Temp. [K]     Pressure [atm]
   0.00000000E+000    0.00000000E+000    1.00000000E+000    0.00000000E+000    9.00000000E+002    1.00000000E+000
   1.00000000E-002    3.53459396E-003    9.95702322E-001    7.63084388E-004    9.00000000E+002    1.00000047E+000
   2.00000000E-002    6.56965812E-003    9.92012017E-001    1.41832516E-003    9.00000000E+002    1.00000384E+000
   3.00000000E-002    9.27631450E-003    9.88721020E-001    2.00266589E-003    9.00000000E+002    1.00000601E+000
   4.00000000E-002    1.17462236E-002    9.85717881E-001    2.53589519E-003    9.00000000E+002    1.00001029E+000
   5.00000000E-002    1.40347864E-002    9.82935240E-001    3.02997361E-003    9.00000000E+002    1.00001343E+000
   6.00000000E-002    1.61783447E-002    9.80328908E-001    3.49274694E-003    9.00000000E+002    1.00001786E+000
   7.00000000E-002    1.82022278E-002    9.77868089E-001    3.92968358E-003    9.00000000E+002    1.00001289E+000
   8.00000000E-002    2.01249311E-002    9.75530292E-001    4.34477649E-003    9.00000000E+002    1.00001282E+000
   9.00000000E-002    2.19604664E-002    9.73298483E-001    4.74105068E-003    9.00000000E+002    1.00001266E+000
   1.00000000E-001    2.37197676E-002    9.71159366E-001    5.12086666E-003    9.00000000E+002    1.00001316E+000
   1.10000000E-001    2.54115769E-002    9.69102311E-001    5.48611180E-003    9.00000000E+002    1.00001088E+000
   1.20000000E-001    2.70430256E-002    9.67118649E-001    5.83832566E-003    9.00000000E+002    1.00001205E+000
   1.30000000E-001    2.86200310E-002    9.65201183E-001    6.17878577E-003    9.00000000E+002    1.00001408E+000
   1.40000000E-001    3.01475745E-002    9.63343858E-001    6.50856753E-003    9.00000000E+002    1.00001826E+000
   1.50000000E-001    3.16299024E-002    9.61541510E-001    6.82858767E-003    9.00000000E+002    1.00002050E+000
   1.60000000E-001    3.30706725E-002    9.59789692E-001    7.13963589E-003    9.00000000E+002    1.00002293E+000
   1.70000000E-001    3.44730655E-002    9.58084536E-001    7.44239887E-003    9.00000000E+002    1.00002690E+000
   1.80000000E-001    3.58398708E-002    9.56422650E-001    7.73747882E-003    9.00000000E+002    1.00002822E+000
   1.90000000E-001    3.71735518E-002    9.54801041E-001    8.02540755E-003    9.00000000E+002    1.00002878E+000
   2.00000000E-001    3.84762974E-002    9.53217045E-001    8.30665762E-003    9.00000000E+002    1.00003175E+000
   2.10000000E-001    3.97500654E-002    9.51668283E-001    8.58165172E-003    9.00000000E+002    1.00003333E+000
   2.20000000E-001    4.09966157E-002    9.50152615E-001    8.85076977E-003    9.00000000E+002    1.00003176E+000
   2.30000000E-001    4.22175365E-002    9.48668109E-001    9.11435469E-003    9.00000000E+002    1.00003098E+000
   2.40000000E-001    4.34142664E-002    9.47213017E-001    9.37271700E-003    9.00000000E+002    1.00003938E+000
   2.50000000E-001    4.45881164E-002    9.45785744E-001    9.62613979E-003    9.00000000E+002    1.00004795E+000
   2.60000000E-001    4.57402868E-002    9.44384831E-001    9.87488214E-003    9.00000000E+002    1.00004737E+000
   2.70000000E-001    4.68718748E-002    9.43008944E-001    1.01191810E-002    9.00000000E+002    1.00005024E+000
   2.80000000E-001    4.79838899E-002    9.41656856E-001    1.03592542E-002    9.00000000E+002    1.00005300E+000
   2.90000000E-001    4.90772629E-002    9.40327434E-001    1.05953028E-002    9.00000000E+002    1.00005566E+000
   3.00000000E-001    5.01528542E-002    9.39019633E-001    1.08275124E-002    9.00000000E+002    1.00005820E+000
   3.10000000E-001    5.12114610E-002    9.37732484E-001    1.10560553E-002    9.00000000E+002    1.00006055E+000
   3.20000000E-001    5.22538237E-002    9.36465085E-001    1.12810913E-002    9.00000000E+002    1.00006279E+000
   3.30000000E-001    5.32806319E-002    9.35216599E-001    1.15027692E-002    9.00000000E+002    1.00006218E+000
   3.40000000E-001    5.42925282E-002    9.33986244E-001    1.17212277E-002    9.00000000E+002    1.00006157E+000
   3.50000000E-001    5.52901129E-002    9.32773291E-001    1.19365965E-002    9.00000000E+002    1.00006102E+000
   3.60000000E-001    5.62739477E-002    9.31577055E-001    1.21489969E-002    9.00000000E+002    1.00006056E+000
   3.70000000E-001    5.72445594E-002    9.30396898E-001    1.23585425E-002    9.00000000E+002    1.00006013E+000
   3.80000000E-001    5.82024425E-002    9.29232217E-001    1.25653401E-002    9.00000000E+002    1.00005974E+000
   3.90000000E-001    5.91480620E-002    9.28082448E-001    1.27694901E-002    9.00000000E+002    1.00005937E+000
   4.00000000E-001    6.00818555E-002    9.26947057E-001    1.29710870E-002    9.00000000E+002    1.00006179E+000
   4.10000000E-001    6.10042358E-002    9.25825544E-001    1.31702200E-002    9.00000000E+002    1.00006411E+000
   4.20000000E-001    6.19155933E-002    9.24717434E-001    1.33669732E-002    9.00000000E+002    1.00006585E+000
   4.30000000E-001    6.28162968E-002    9.23622277E-001    1.35614263E-002    9.00000000E+002    1.00006643E+000
   4.40000000E-001    6.37066952E-002    9.22539650E-001    1.37536546E-002    9.00000000E+002    1.00006787E+000
   4.50000000E-001    6.45871192E-002    9.21469151E-001    1.39437296E-002    9.00000000E+002    1.00006928E+000
   4.60000000E-001    6.54578825E-002    9.20410399E-001    1.41317189E-002    9.00000000E+002    1.00007067E+000
   4.70000000E-001    6.63192831E-002    9.19363030E-001    1.43176869E-002    9.00000000E+002    1.00007207E+000
   4.80000000E-001    6.71716042E-002    9.18326701E-001    1.45016947E-002    9.00000000E+002    1.00007363E+000
   4.90000000E-001    6.80151152E-002    9.17301084E-001    1.46838005E-002    9.00000000E+002    1.00007516E+000
   5.00000000E-001    6.88500727E-002    9.16285868E-001    1.48640597E-002    9.00000000E+002    1.00007664E+000
   5.10000000E-001    6.96767214E-002    9.15280754E-001    1.50425251E-002    9.00000000E+002    1.00007810E+000
   5.20000000E-001    7.04952946E-002    9.14285458E-001    1.52192471E-002    9.00000000E+002    1.00007953E+000
   5.30000000E-001    7.13060152E-002    9.13299711E-001    1.53942737E-002    9.00000000E+002    1.00008092E+000
   5.40000000E-001    7.21090961E-002    9.12323253E-001    1.55676511E-002    9.00000000E+002    1.00008228E+000
   5.50000000E-001    7.29047409E-002    9.11355836E-001    1.57394230E-002    9.00000000E+002    1.00008360E+000
   5.60000000E-001    7.36931446E-002    9.10397224E-001    1.59096317E-002    9.00000000E+002    1.00008488E+000
   5.70000000E-001    7.44744936E-002    9.09447189E-001    1.60783173E-002    9.00000000E+002    1.00008612E+000
   5.80000000E-001    7.52489670E-002    9.08505514E-001    1.62455186E-002    9.00000000E+002    1.00008734E+000
   5.90000000E-001    7.60167362E-002    9.07571991E-001    1.64112725E-002    9.00000000E+002    1.00008853E+000
   6.00000000E-001    7.67779659E-002    9.06646420E-001    1.65756146E-002    9.00000000E+002    1.00008969E+000
   6.10000000E-001    7.75328142E-002    9.05728607E-001    1.67385789E-002    9.00000000E+002    1.00009079E+000
   6.20000000E-001    7.82814329E-002    9.04818369E-001    1.69001984E-002    9.00000000E+002    1.00009181E+000
   6.30000000E-001    7.90239681E-002    9.03915527E-001    1.70605045E-002    9.00000000E+002    1.00009273E+000
   6.40000000E-001    7.97605606E-002    9.03019912E-001    1.72195277E-002    9.00000000E+002    1.00009235E+000
   6.50000000E-001    8.04913455E-002    9.02131357E-001    1.73772970E-002    9.00000000E+002    1.00009197E+000
   6.60000000E-001    8.12164531E-002    9.01249706E-001    1.75338407E-002    9.00000000E+002    1.00009166E+000
   6.70000000E-001    8.19360085E-002    9.00374806E-001    1.76891857E-002    9.00000000E+002    1.00009282E+000
   6.80000000E-001    8.26501328E-002    8.99506509E-001    1.78433582E-002    9.00000000E+002    1.00009377E+000
   6.90000000E-001    8.33589425E-002    8.98644674E-001    1.79963833E-002    9.00000000E+002    1.00009470E+000
   7.00000000E-001    8.40625504E-002    8.97789164E-001    1.81482854E-002    9.00000000E+002    1.00009555E+000
   7.10000000E-001    8.47610650E-002    8.96939847E-001    1.82990879E-002    9.00000000E+002    1.00009640E+000
   7.20000000E-001    8.54545916E-002    8.96096595E-001    1.84488135E-002    9.00000000E+002    1.00009724E+000
   7.30000000E-001    8.61432315E-002    8.95259284E-001    1.85974841E-002    9.00000000E+002    1.00009764E+000
   7.40000000E-001    8.68270821E-002    8.94427797E-001    1.87451208E-002    9.00000000E+002    1.00010170E+000
   7.50000000E-001    8.75062399E-002    8.93602016E-001    1.88917444E-002    9.00000000E+002    1.00009837E+000
   7.60000000E-001    8.81807965E-002    8.92781829E-001    1.90373746E-002    9.00000000E+002    1.00009555E+000
   7.70000000E-001    8.88508409E-002    8.91967128E-001    1.91820306E-002    9.00000000E+002    1.00009279E+000
   7.80000000E-001    8.95164591E-002    8.91157810E-001    1.93257311E-002    9.00000000E+002    1.00009007E+000
   7.90000000E-001    9.01777344E-002    8.90353772E-001    1.94684940E-002    9.00000000E+002    1.00008740E+000
   8.00000000E-001    9.08347476E-002    8.89554916E-001    1.96103367E-002    9.00000000E+002    1.00008480E+000
   8.10000000E-001    9.14875771E-002    8.88761147E-001    1.97512763E-002    9.00000000E+002    1.00008225E+000
   8.20000000E-001    9.21362988E-002    8.87972372E-001    1.98913290E-002    9.00000000E+002    1.00007978E+000
   8.30000000E-001    9.27809859E-002    8.87188503E-001    2.00305106E-002    9.00000000E+002    1.00008030E+000
   8.40000000E-001    9.34217098E-002    8.86409453E-001    2.01688367E-002    9.00000000E+002    1.00008080E+000
   8.50000000E-001    9.40585402E-002    8.85635138E-001    2.03063221E-002    9.00000000E+002    1.00008130E+000
   8.60000000E-001    9.46915443E-002    8.84865474E-001    2.04429816E-002    9.00000000E+002    1.00008178E+000
   8.70000000E-001    9.53207878E-002    8.84100383E-001    2.05788291E-002    9.00000000E+002    1.00008225E+000
   8.80000000E-001    9.59463345E-002    8.83339787E-001    2.07138785E-002    9.00000000E+002    1.00008272E+000
   8.90000000E-001    9.65682461E-002    8.82583611E-001    2.08481432E-002    9.00000000E+002    1.00008316E+000
   9.00000000E-001    9.71865830E-002    8.81831781E-001    2.09816361E-002    9.00000000E+002    1.00008360E+000
   9.10000000E-001    9.78014037E-002    8.81084226E-001    2.11143699E-002    9.00000000E+002    1.00008402E+000
   9.20000000E-001    9.84127652E-002    8.80340878E-001    2.12463569E-002    9.00000000E+002    1.00008443E+000
   9.30000000E-001    9.90207231E-002    8.79601668E-001    2.13776091E-002    9.00000000E+002    1.00008483E+000
   9.40000000E-001    9.96253312E-002    8.78866531E-001    2.15081381E-002    9.00000000E+002    1.00008521E+000
   9.50000000E-001    1.00226642E-001    8.78135402E-001    2.16379553E-002    9.00000000E+002    1.00008490E+000
   9.60000000E-001    1.00824708E-001    8.77408220E-001    2.17670718E-002    9.00000000E+002    1.00008460E+000
   9.70000000E-001    1.01419577E-001    8.76684924E-001    2.18954983E-002    9.00000000E+002    1.00008431E+000
   9.80000000E-001    1.02011300E-001    8.75965455E-001    2.20232454E-002    9.00000000E+002    1.00008401E+000
   9.90000000E-001    1.02599922E-001    8.75249754E-001    2.21503233E-002    9.00000000E+002    1.00008373E+000
   1.00000000E+000    1.03185492E-001    8.74537766E-001    2.22767420E-002    9.00000000E+002    1.00008345E+000
