#Dimensionless Gibbs Energies of reactions (G/RT) at Reactor & Ref. Pressure (1bar)

-3.661349e+01   -3.500406e+01   2 O + M <=> O2 + M
-3.246253e+01   -3.085309e+01   H + O + M <=> OH + M
2.349972e-02    2.349972e-02    H2 + O <=> H + OH
-2.212644e+01   -2.212644e+01   HO2 + O <=> O2 + OH
-8.062420e+00   -8.062420e+00   H2O2 + O <=> HO2 + OH
-7.024714e+01   -7.024714e+01   CH + O <=> CO + H
-3.629112e+01   -3.629112e+01   CH2 + O <=> H + HCO
-7.659825e+01   -7.659825e+01   CH2(S) + O <=> CO + H2
-4.078983e+01   -4.078983e+01   CH2(S) + O <=> H + HCO
-2.601698e+01   -2.601698e+01   CH3 + O <=> CH2O + H
-2.924442e+00   -2.924442e+00   CH4 + O <=> CH3 + OH
-3.697559e+01   -3.536615e+01   CO + O (+M) <=> CO2 (+M)
-3.578492e+01   -3.578492e+01   HCO + O <=> CO + OH
-4.029798e+01   -4.029798e+01   HCO + O <=> CO2 + H
-9.562003e+00   -9.562003e+00   CH2O + O <=> HCO + OH
-2.964515e+01   -2.964515e+01   CH2OH + O <=> CH2O + OH
-3.511266e+01   -3.511266e+01   CH3O + O <=> CH2O + OH
-6.135470e+00   -6.135470e+00   CH3OH + O <=> CH2OH + OH
-6.679544e-01   -6.679544e-01   CH3OH + O <=> CH3O + OH
-3.312710e+01   -3.312710e+01   C2H + O <=> CH + CO
-8.370425e+00   -8.370425e+00   C2H2 + O <=> H + HCCO
8.636841e+00    8.636841e+00    C2H2 + O <=> C2H + OH
-2.266136e+01   -2.266136e+01   C2H2 + O <=> CH2 + CO
-3.390645e+01   -3.390645e+01   C2H3 + O <=> CH2CO + H
-1.591763e+01   -1.591763e+01   C2H4 + O <=> CH3 + HCO
-3.331237e+01   -3.331237e+01   C2H5 + O <=> CH2O + CH3
-5.745264e+00   -5.745264e+00   C2H6 + O <=> C2H5 + OH
-5.390445e+01   -5.551388e+01   HCCO + O <=> 2 CO + H
-1.826305e+00   -1.826305e+00   CH2CO + O <=> HCCO + OH
-2.063030e+01   -2.063030e+01   CH2CO + O <=> CH2 + CO2
-3.620921e-01   -3.620921e-01   CO + O2 <=> CO2 + O
1.256443e+01    1.256443e+01    CH2O + O2 <=> HCO + HO2
-1.033609e+01   -8.726654e+00   H + O2 + M <=> HO2 + M
-1.033609e+01   -8.726654e+00   H + 2 O2 <=> HO2 + O2
-1.033609e+01   -8.726654e+00   H + H2O + O2 <=> H2O + HO2
-1.033609e+01   -8.726654e+00   H + N2 + O2 <=> HO2 + N2
-1.033609e+01   -8.726654e+00   AR + H + O2 <=> AR + HO2
4.150965e+00    4.150965e+00    H + O2 <=> O + OH
-3.248603e+01   -3.087659e+01   2 H + M <=> H2 + M
-3.248603e+01   -3.087659e+01   2 H + H2 <=> 2 H2
-3.248603e+01   -3.087659e+01   2 H + H2O <=> H2 + H2O
-3.248603e+01   -3.087659e+01   CO2 + 2 H <=> CO2 + H2
-3.731608e+01   -3.570664e+01   H + OH + M <=> H2O + M
-2.282902e+01   -2.282902e+01   H + HO2 <=> H2O + O
-2.214994e+01   -2.214994e+01   H + HO2 <=> H2 + O2
-1.797547e+01   -1.797547e+01   H + HO2 <=> 2 OH
-8.085919e+00   -8.085919e+00   H + H2O2 <=> H2 + HO2
-3.089144e+01   -3.089144e+01   H + H2O2 <=> H2O + OH
-8.777737e+00   -8.777737e+00   CH + H <=> C + H2
-3.317466e+01   -3.156522e+01   CH2 + H (+M) <=> CH3 (+M)
-6.351107e+00   -6.351107e+00   CH2(S) + H <=> CH + H2
-2.953809e+01   -2.792865e+01   CH3 + H (+M) <=> CH4 (+M)
-2.947942e+00   -2.947942e+00   CH4 + H <=> CH3 + H2
-2.290053e+01   -2.129109e+01   H + HCO (+M) <=> CH2O (+M)
-3.580842e+01   -3.580842e+01   H + HCO <=> CO + H2
-2.817379e+00   -1.207942e+00   CH2O + H (+M) <=> CH2OH (+M)
2.650136e+00    4.259574e+00    CH2O + H (+M) <=> CH3O (+M)
-9.585503e+00   -9.585503e+00   CH2O + H <=> H2 + HCO
-2.632706e+01   -2.471762e+01   CH2OH + H (+M) <=> CH3OH (+M)
-2.966865e+01   -2.966865e+01   CH2OH + H <=> CH2O + H2
-3.628167e+00   -3.628167e+00   CH2OH + H <=> CH3 + OH
-3.270874e+00   -3.270874e+00   CH2OH + H <=> CH2(S) + H2O
-3.179457e+01   -3.018514e+01   CH3O + H (+M) <=> CH3OH (+M)
-5.467515e+00   -5.467515e+00   CH3O + H <=> CH2OH + H
-3.513616e+01   -3.513616e+01   CH3O + H <=> CH2O + H2
-9.095682e+00   -9.095682e+00   CH3O + H <=> CH3 + OH
-8.738389e+00   -8.738389e+00   CH3O + H <=> CH2(S) + H2O
-6.158969e+00   -6.158969e+00   CH3OH + H <=> CH2OH + H2
-6.914541e-01   -6.914541e-01   CH3OH + H <=> CH3O + H2
-4.109937e+01   -3.948993e+01   C2H + H (+M) <=> C2H2 (+M)
-5.100199e+00   -3.490761e+00   C2H2 + H (+M) <=> C2H3 (+M)
-3.149580e+01   -2.988636e+01   C2H3 + H (+M) <=> C2H4 (+M)
-2.738583e+01   -2.738583e+01   C2H3 + H <=> C2H2 + H2
-5.505786e+00   -3.896348e+00   C2H4 + H (+M) <=> C2H5 (+M)
-9.902279e-01   -9.902279e-01   C2H4 + H <=> C2H3 + H2
-2.671727e+01   -2.510783e+01   C2H5 + H (+M) <=> C2H6 (+M)
-2.698024e+01   -2.698024e+01   C2H5 + H <=> C2H4 + H2
-5.768764e+00   -5.768764e+00   C2H6 + H <=> C2H5 + H2
-9.792227e+00   -9.792227e+00   H + HCCO <=> CH2(S) + CO
-1.849805e+00   -1.849805e+00   CH2CO + H <=> H2 + HCCO
-1.682937e+01   -1.682937e+01   CH2CO + H <=> CH3 + CO
-1.298293e+01   -1.298293e+01   H + HCCOH <=> CH2CO + H
1.290790e+01    1.451733e+01    CO + H2 (+M) <=> CH2O (+M)
-4.830047e+00   -4.830047e+00   H2 + OH <=> H + H2O
-6.424638e+00   -4.815200e+00   2 OH (+M) <=> H2O2 (+M)
-4.853547e+00   -4.853547e+00   2 OH <=> H2O + O
-2.697998e+01   -2.697998e+01   HO2 + OH <=> H2O + O2
-1.291597e+01   -1.291597e+01   H2O2 + OH <=> H2O + HO2
-1.291597e+01   -1.291597e+01   H2O2 + OH <=> H2O + HO2
-6.149290e+01   -6.149290e+01   C + OH <=> CO + H
-3.446222e+01   -3.446222e+01   CH + OH <=> H + HCO
-2.672911e+01   -2.672911e+01   CH2 + OH <=> CH2O + H
-6.682445e+00   -6.682445e+00   CH2 + OH <=> CH + H2O
-3.122782e+01   -3.122782e+01   CH2(S) + OH <=> CH2O + H
-2.269889e+01   -2.108945e+01   CH3 + OH (+M) <=> CH3OH (+M)
-4.141417e+00   -4.141417e+00   CH3 + OH <=> CH2 + H2O
3.572922e-01    3.572922e-01    CH3 + OH <=> CH2(S) + H2O
-7.777989e+00   -7.777989e+00   CH4 + OH <=> CH3 + H2O
-4.513058e+00   -4.513058e+00   CO + OH <=> CO2 + H
-4.063847e+01   -4.063847e+01   HCO + OH <=> CO + H2O
-1.441555e+01   -1.441555e+01   CH2O + OH <=> H2O + HCO
-3.449870e+01   -3.449870e+01   CH2OH + OH <=> CH2O + H2O
-3.996621e+01   -3.996621e+01   CH3O + OH <=> CH2O + H2O
-1.098902e+01   -1.098902e+01   CH3OH + OH <=> CH2OH + H2O
-5.521501e+00   -5.521501e+00   CH3OH + OH <=> CH3O + H2O
-1.700727e+01   -1.700727e+01   C2H + OH <=> H + HCCO
-6.544120e+00   -6.544120e+00   C2H2 + OH <=> CH2CO + H
6.438809e+00    6.438809e+00    C2H2 + OH <=> H + HCCOH
3.783294e+00    3.783294e+00    C2H2 + OH <=> C2H + H2O
-2.337349e+01   -2.337349e+01   C2H2 + OH <=> CH3 + CO
-3.221588e+01   -3.221588e+01   C2H3 + OH <=> C2H2 + H2O
-5.820275e+00   -5.820275e+00   C2H4 + OH <=> C2H3 + H2O
-1.059881e+01   -1.059881e+01   C2H6 + OH <=> C2H5 + H2O
-6.679852e+00   -6.679852e+00   CH2CO + OH <=> H2O + HCCO
-1.406402e+01   -1.406402e+01   2 HO2 <=> H2O2 + O2
-1.406402e+01   -1.406402e+01   2 HO2 <=> H2O2 + O2
-4.470458e+01   -4.470458e+01   CH2 + HO2 <=> CH2O + OH
-1.920199e+01   -1.920199e+01   CH3 + HO2 <=> CH4 + O2
-8.879790e+00   -8.879790e+00   CH3 + HO2 <=> CH3O + OH
-2.248853e+01   -2.248853e+01   CO + HO2 <=> CO2 + OH
-1.499584e+00   -1.499584e+00   CH2O + HO2 <=> H2O2 + HCO
-5.734194e+01   -5.734194e+01   C + O2 <=> CO + O
-3.019470e+01   -3.019470e+01   C + CH2 <=> C2H + H
-3.811941e+01   -3.811941e+01   C + CH3 <=> C2H2 + H
-3.031125e+01   -3.031125e+01   CH + O2 <=> HCO + O
1.852398e+00    1.852398e+00    CH + H2 <=> CH2 + H
-2.004667e+01   -2.004667e+01   CH + H2O <=> CH2O + H
-4.758578e+01   -4.758578e+01   CH + CH2 <=> C2H2 + H
-1.951132e+01   -1.951132e+01   CH + CH3 <=> C2H3 + H
-2.146903e+01   -2.146903e+01   CH + CH4 <=> C2H4 + H
-1.634269e+01   -1.473326e+01   CH + CO (+M) <=> HCCO (+M)
-2.994916e+01   -2.994916e+01   CH + CO2 <=> CO + HCO
-2.740079e+01   -2.740079e+01   CH + CH2O <=> CH2CO + H
-6.187672e+01   -6.187672e+01   CH + HCCO <=> C2H2 + CO
-3.546254e+01   -3.707198e+01   CH2 + O2 => CO + H + OH
-6.886308e-01   -6.886308e-01   CH2 + H2 <=> CH3 + H
-4.943818e+01   -4.943818e+01   2 CH2 <=> C2H2 + H2
-2.037349e+01   -2.037349e+01   CH2 + CH3 <=> C2H4 + H
-3.636573e+00   -3.636573e+00   CH2 + CH4 <=> 2 CH3
-1.634529e+01   -1.473585e+01   CH2 + CO (+M) <=> CH2CO (+M)
-3.634328e+01   -3.634328e+01   CH2 + HCCO <=> C2H3 + CO
-4.498709e+00   -4.498709e+00   CH2(S) + N2 <=> CH2 + N2
-4.498709e+00   -4.498709e+00   AR + CH2(S) <=> AR + CH2
-3.996125e+01   -4.157069e+01   CH2(S) + O2 <=> CO + H + OH
-7.727733e+01   -7.727733e+01   CH2(S) + O2 <=> CO + H2O
-5.187339e+00   -5.187339e+00   CH2(S) + H2 <=> CH3 + H
-2.305619e+01   -2.144675e+01   CH2(S) + H2O (+M) <=> CH3OH (+M)
-4.498709e+00   -4.498709e+00   CH2(S) + H2O <=> CH2 + H2O
-2.487220e+01   -2.487220e+01   CH2(S) + CH3 <=> C2H4 + H
-8.135282e+00   -8.135282e+00   CH2(S) + CH4 <=> 2 CH3
-4.498709e+00   -4.498709e+00   CH2(S) + CO <=> CH2 + CO
-4.498709e+00   -4.498709e+00   CH2(S) + CO2 <=> CH2 + CO2
-2.671476e+01   -2.671476e+01   CH2(S) + CO2 <=> CH2O + CO
-1.095610e+01   -1.095610e+01   C2H6 + CH2(S) <=> C2H5 + CH3
1.324665e+01    1.324665e+01    CH3 + O2 <=> CH3O + O
-2.186602e+01   -2.186602e+01   CH3 + O2 <=> CH2O + OH
-5.137977e+00   -5.137977e+00   CH3 + H2O2 <=> CH4 + HO2
-1.942188e+01   -1.781244e+01   2 CH3 (+M) <=> C2H6 (+M)
7.295384e+00    7.295384e+00    2 CH3 <=> C2H5 + H
-3.286048e+01   -3.286048e+01   CH3 + HCO <=> CH4 + CO
-6.637561e+00   -6.637561e+00   CH2O + CH3 <=> CH4 + HCO
-3.211027e+00   -3.211027e+00   CH3 + CH3OH <=> CH2OH + CH4
2.256488e+00    2.256488e+00    CH3 + CH3OH <=> CH3O + CH4
1.957714e+00    1.957714e+00    C2H4 + CH3 <=> C2H3 + CH4
-2.820821e+00   -2.820821e+00   C2H6 + CH3 <=> C2H5 + CH4
-3.322393e+00   -4.931831e+00   H2O + HCO <=> CO + H + H2O
-3.322393e+00   -4.931831e+00   HCO + M <=> CO + H + M
-1.365849e+01   -1.365849e+01   HCO + O2 <=> CO + HO2
-7.518713e+00   -7.518713e+00   CH2OH + O2 <=> CH2O + HO2
-1.298623e+01   -1.298623e+01   CH3O + O2 <=> CH2O + HO2
-6.343835e+01   -6.343835e+01   C2H + O2 <=> CO + HCO
-8.613341e+00   -8.613341e+00   C2H + H2 <=> C2H2 + H
-3.681692e+01   -3.681692e+01   C2H3 + O2 <=> CH2O + HCO
4.109971e+00    2.500533e+00    C2H4 (+M) <=> C2H2 + H2 (+M)
-4.830306e+00   -4.830306e+00   C2H5 + O2 <=> C2H4 + HO2
-4.975348e+01   -5.136292e+01   HCCO + O2 <=> 2 CO + OH
-4.553402e+01   -4.714346e+01   2 HCCO <=> C2H2 + 2 CO
-3.013901e+01   -3.013901e+01   N + NO <=> N2 + O
-1.486960e+01   -1.486960e+01   N + O2 <=> NO + O
-1.902057e+01   -1.902057e+01   N + OH <=> H + NO
-3.457720e+01   -3.457720e+01   N2O + O <=> N2 + O2
-1.930779e+01   -1.930779e+01   N2O + O <=> 2 NO
-3.042624e+01   -3.042624e+01   H + N2O <=> N2 + OH
-1.245077e+01   -1.245077e+01   N2O + OH <=> HO2 + N2
2.036291e+00    4.268531e-01    N2O (+M) <=> N2 + O (+M)
-1.327462e+00   -1.327462e+00   HO2 + NO <=> NO2 + OH
-1.581452e+01   -1.420508e+01   NO + O + M <=> NO2 + M
-2.079897e+01   -2.079897e+01   NO2 + O <=> NO + O2
-1.664801e+01   -1.664801e+01   H + NO2 <=> NO + OH
-2.778973e+01   -2.778973e+01   NH + O <=> H + NO
-8.792657e+00   -8.792657e+00   H + NH <=> H2 + N
-3.680238e+00   -3.680238e+00   NH + OH <=> H + HNO
-1.362270e+01   -1.362270e+01   NH + OH <=> H2O + N
4.707275e-01    4.707275e-01    NH + O2 <=> HNO + O
-2.363876e+01   -2.363876e+01   NH + O2 <=> NO + OH
-5.792874e+01   -5.792874e+01   N + NH <=> H + N2
1.149809e+00    1.149809e+00    H2O + NH <=> H2 + HNO
-3.890817e+01   -3.890817e+01   NH + NO <=> N2 + OH
-8.481932e+00   -8.481932e+00   NH + NO <=> H + N2O
-5.676456e+00   -5.676456e+00   NH2 + O <=> NH + OH
-9.356694e+00   -9.356694e+00   NH2 + O <=> H + HNO
-5.699956e+00   -5.699956e+00   H + NH2 <=> H2 + NH
-1.053000e+01   -1.053000e+01   NH2 + OH <=> H2O + NH
-1.224134e+01   -1.385078e+01   NNH <=> H + N2
-1.224134e+01   -1.385078e+01   NNH + M <=> H + N2 + M
-2.257743e+01   -2.257743e+01   NNH + O2 <=> HO2 + N2
-4.470387e+01   -4.470387e+01   NNH + O <=> N2 + OH
-5.795697e+00   -5.795697e+00   NNH + O <=> NH + NO
-4.472737e+01   -4.472737e+01   H + NNH <=> H2 + N2
-4.955741e+01   -4.955741e+01   NNH + OH <=> H2O + N2
-4.177943e+01   -4.177943e+01   CH3 + NNH <=> CH4 + N2
-8.353040e+00   -6.743602e+00   H + NO + M <=> HNO + M
-2.410949e+01   -2.410949e+01   HNO + O <=> NO + OH
-2.413299e+01   -2.413299e+01   H + HNO <=> H2 + NO
-2.896304e+01   -2.896304e+01   HNO + OH <=> H2O + NO
-1.983052e+00   -1.983052e+00   HNO + O2 <=> HO2 + NO
-3.105900e+01   -3.105900e+01   CN + O <=> CO + N
-8.719243e+00   -8.719243e+00   CN + OH <=> H + NCO
-2.382630e+00   -2.382630e+00   CN + H2O <=> HCN + OH
-4.568277e+00   -4.568277e+00   CN + O2 <=> NCO + O
-7.212678e+00   -7.212678e+00   CN + H2 <=> H + HCN
-4.136032e+01   -4.136032e+01   NCO + O <=> CO + NO
-1.357060e+01   -1.357060e+01   H + NCO <=> CO + NH
-8.897793e+00   -1.050723e+01   NCO + OH <=> CO + H + NO
-7.149933e+01   -7.149933e+01   N + NCO <=> CO + N2
-4.172241e+01   -4.172241e+01   NCO + O2 <=> CO2 + NO
1.012278e+01    8.513338e+00    NCO + M <=> CO + N + M
-2.205253e+01   -2.205253e+01   NCO + NO <=> CO + N2O
-5.699182e+01   -5.699182e+01   NCO + NO <=> CO2 + N2
3.969871e+01    3.808927e+01    HCN + M <=> CN + H + M
-1.483065e+00   -1.483065e+00   HCN + O <=> H + NCO
-1.505366e+01   -1.505366e+01   HCN + O <=> CO + NH
7.236177e+00    7.236177e+00    HCN + O <=> CN + OH
6.793270e+00    6.793270e+00    HCN + OH <=> H + HOCN
-3.798104e+00   -3.798104e+00   HCN + OH <=> H + HNCO
-9.377205e+00   -9.377205e+00   HCN + OH <=> CO + NH2
4.105314e-01    2.019969e+00    H + HCN (+M) <=> H2CN (+M)
-3.377942e+01   -3.377942e+01   H2CN + N <=> CH2 + N2
1.872567e+01    1.872567e+01    C + N2 <=> CN + N
2.735259e+00    2.735259e+00    CH + N2 <=> HCN + N
-1.298510e-01   1.479587e+00    CH + N2 (+M) <=> HCNN (+M)
9.675519e+00    9.675519e+00    CH2 + N2 <=> HCN + NH
5.176810e+00    5.176810e+00    CH2(S) + N2 <=> HCN + NH
-1.141334e+01   -1.141334e+01   C + NO <=> CN + O
-4.247233e+01   -4.247233e+01   C + NO <=> CO + N
-2.740375e+01   -2.740375e+01   CH + NO <=> HCN + O
-2.888682e+01   -2.888682e+01   CH + NO <=> H + NCO
-1.544165e+01   -1.544165e+01   CH + NO <=> HCO + N
-3.303076e+01   -3.303076e+01   CH2 + NO <=> H + HNCO
-2.923265e+01   -2.923265e+01   CH2 + NO <=> HCN + OH
-4.422453e+00   -4.422453e+00   CH2 + NO <=> H + HCNO
-3.752946e+01   -3.752946e+01   CH2(S) + NO <=> H + HNCO
-3.373136e+01   -3.373136e+01   CH2(S) + NO <=> HCN + OH
-8.921162e+00   -8.921162e+00   CH2(S) + NO <=> H + HCNO
-3.337407e+01   -3.337407e+01   CH3 + NO <=> H2O + HCN
4.352539e+00    4.352539e+00    CH3 + NO <=> H2CN + OH
-7.011729e+01   -7.172673e+01   HCNN + O <=> CO + H + N2
-4.861799e+01   -4.861799e+01   HCNN + O <=> HCN + NO
-3.018140e+01   -3.179084e+01   HCNN + O2 <=> HCO + N2 + O
-3.433237e+01   -3.594181e+01   HCNN + OH <=> H + HCO + N2
-3.050378e+01   -3.050378e+01   H + HCNN <=> CH2 + N2
-1.576861e+01   -1.576861e+01   HNCO + O <=> CO2 + NH
-1.493579e+01   -1.493579e+01   HNCO + O <=> CO + HNO
2.315039e+00    2.315039e+00    HNCO + O <=> NCO + OH
-5.579100e+00   -5.579100e+00   H + HNCO <=> CO + NH2
2.291539e+00    2.291539e+00    H + HNCO <=> H2 + NCO
-2.538508e+00   -2.538508e+00   HNCO + OH <=> H2O + NCO
-1.009216e+01   -1.009216e+01   HNCO + OH <=> CO2 + NH2
2.120697e+01    1.959753e+01    HNCO + M <=> CO + NH + M
-2.860830e+01   -2.860830e+01   H + HCNO <=> H + HNCO
-2.481020e+01   -2.481020e+01   H + HCNO <=> HCN + OH
-3.418740e+01   -3.418740e+01   H + HCNO <=> CO + NH2
-1.059137e+01   -1.059137e+01   H + HOCN <=> H + HNCO
-1.871339e+01   -1.871339e+01   HCCO + NO <=> CO + HCNO
-1.466803e+01   -1.466803e+01   CH3 + N <=> H + H2CN
-4.756459e+01   -4.756459e+01   CH3 + N <=> H2 + HCN
-3.714392e-01   -3.714392e-01   H + NH3 <=> H2 + NH2
-5.201486e+00   -5.201486e+00   NH3 + OH <=> H2O + NH2
-3.479394e-01   -3.479394e-01   NH3 + O <=> NH2 + OH
8.328197e-01    8.328197e-01    CO2 + NH <=> CO + HNO
-2.536725e+01   -2.536725e+01   CN + NO2 <=> NCO + NO
-4.321359e+01   -4.321359e+01   NCO + NO2 <=> CO2 + N2O
-1.450751e+01   -1.450751e+01   CO2 + N <=> CO + NO
-3.892488e+01   -4.053432e+01   CH3 + O => CO + H + H2
-6.759143e+00   -6.759143e+00   C2H4 + O <=> CH2CHO + H
-2.846964e+01   -2.846964e+01   C2H5 + O <=> CH3CHO + H
-2.697998e+01   -2.697998e+01   HO2 + OH <=> H2O + O2
-2.604048e+01   -2.604048e+01   CH3 + OH => CH2O + H2
-3.132226e+01   -2.971282e+01   CH + H2 (+M) <=> CH3 (+M)
-3.997560e+01   -4.158504e+01   CH2 + O2 => CO2 + 2 H
-2.257815e+01   -2.257815e+01   CH2 + O2 <=> CH2O + O
-1.695215e+01   -1.856159e+01   2 CH2 => C2H2 + 2 H
-2.639777e+01   -2.639777e+01   CH2(S) + H2O => CH2O + H2
-1.641449e+00   -1.641449e+00   C2H3 + O2 <=> CH2CHO + O
-5.235893e+00   -5.235893e+00   C2H3 + O2 <=> C2H2 + HO2
-5.246241e+00   -5.246241e+00   CH3CHO + O <=> CH2CHO + OH
-1.772712e+01   -1.933656e+01   CH3CHO + O => CH3 + CO + OH
4.399317e+00    2.789880e+00    CH3CHO + O2 => CH3 + CO + HO2
-5.269741e+00   -5.269741e+00   CH3CHO + H <=> CH2CHO + H2
-1.775062e+01   -1.936006e+01   CH3CHO + H => CH3 + CO + H2
-2.258067e+01   -2.419010e+01   CH3CHO + OH => CH3 + CO + H2O
-9.664700e+00   -1.127414e+01   CH3CHO + HO2 => CH3 + CO + H2O2
-1.480268e+01   -1.641211e+01   CH3 + CH3CHO => CH3 + CH4 + CO
-4.348494e+00   -2.739056e+00   CH2CO + H (+M) <=> CH2CHO (+M)
-1.628180e+01   -1.789124e+01   CH2CHO + O => CH2 + CO2 + H
-3.434690e+01   -3.595633e+01   CH2CHO + O2 => CH2O + CO + OH
-8.123977e+00   -9.733415e+00   CH2CHO + O2 => 2 HCO + OH
-9.158485e+00   -9.158485e+00   CH2CHO + H <=> CH3 + HCO
-2.813754e+01   -2.813754e+01   CH2CHO + H <=> CH2CO + H2
-3.296758e+01   -3.296758e+01   CH2CHO + OH <=> CH2CO + H2O
-5.530318e+00   -5.530318e+00   CH2CHO + OH <=> CH2OH + HCO
-1.772847e+01   -1.611903e+01   C2H5 + CH3 (+M) <=> C3H8 (+M)
-5.723429e+00   -5.723429e+00   C3H8 + O <=> C3H7 + OH
-5.746928e+00   -5.746928e+00   C3H8 + H <=> C3H7 + H2
-1.057698e+01   -1.057698e+01   C3H8 + OH <=> C3H7 + H2O
-2.338991e+00   -2.338991e+00   C3H7 + H2O2 <=> C3H8 + HO2
-2.798986e+00   -2.798986e+00   C3H8 + CH3 <=> C3H7 + CH4
3.504843e+00    5.114281e+00    C2H4 + CH3 (+M) <=> C3H7 (+M)
-3.502761e+01   -3.502761e+01   C3H7 + O <=> C2H5 + CH2O
-2.673910e+01   -2.512966e+01   C3H7 + H (+M) <=> C3H8 (+M)
-9.010629e+00   -9.010629e+00   C3H7 + H <=> C2H5 + CH3
-5.382462e+00   -5.382462e+00   C3H7 + OH <=> C2H5 + CH2OH
-1.640301e+01   -1.640301e+01   C3H7 + HO2 <=> C3H8 + O2
-2.054055e+01   -2.214999e+01   C3H7 + HO2 => C2H5 + CH2O + OH
-1.715245e+00   -1.715245e+00   C3H7 + CH3 <=> 2 C2H5
