#Dimensionless formation enthalpies of species (H/RT) at Reference Pressure of 1 bar

H2               2.68631
H                 23.728
O                26.8821
O2               2.98302
OH               6.66509
H2O             -20.7771
HO2              5.19504
H2O2            -8.53909
C                73.7103
CH               62.6582
CH2              43.0493
CH2(S)           46.7246
CH3              19.4134
CH4             -2.04656
CO              -8.22902
CO2             -34.9831
HCO              8.12947
CH2O            -6.10723
CH2OH            4.69074
CH3O              7.4868
CH3OH           -13.4066
C2H              61.1952
C2H2             28.3858
C2H3              36.216
C2H4             12.3026
C2H5             19.9711
C2H6            0.626458
HCCO             23.5362
CH2CO            1.98552
HCCOH            15.0034
N                49.2541
NH                 38.51
NH2              22.8434
NH3            -0.151194
NNH              28.9458
NO               12.0651
NO2               7.7848
N2O              12.7321
HNO              14.5158
CN               46.8336
HCN              17.2536
H2CN             29.8604
HCNN             52.1834
HCNO             22.9428
HOCN             4.24747
HNCO             -6.2069
NCO              17.8429
N2               2.81838
AR               1.87885
C3H7             22.0219
C3H8              2.4994
CH2CHO           10.1125
CH3CHO          -8.13991
