#Dimensionless enthalpies of reactions (H/RT) at Reference Pressure 1bar

-5.078125e+01   2 O + M <=> O2 + M
-4.394509e+01   H + O + M <=> OH + M
8.246959e-01    H2 + O <=> H + OH
-2.242906e+01   HO2 + O <=> O2 + OH
-6.482917e+00   H2O2 + O <=> HO2 + OH
-7.404133e+01   CH + O <=> CO + H
-3.807388e+01   CH2 + O <=> H + HCO
-7.914948e+01   CH2(S) + O <=> CO + H2
-4.174925e+01   CH2(S) + O <=> H + HCO
-2.867476e+01   CH3 + O <=> CH2O + H
1.242961e+00    CH4 + O <=> CH3 + OH
-5.363621e+01   CO + O (+M) <=> CO2 (+M)
-3.657553e+01   HCO + O <=> CO + OH
-4.626665e+01   HCO + O <=> CO2 + H
-5.980347e+00   CH2O + O <=> HCO + OH
-3.101502e+01   CH2OH + O <=> CH2O + OH
-3.381107e+01   CH3O + O <=> CH2O + OH
-2.119727e+00   CH3OH + O <=> CH2OH + OH
6.763298e-01    CH3OH + O <=> CH3O + OH
-3.364818e+01   C2H + O <=> CH + CO
-8.003734e+00   C2H2 + O <=> H + HCCO
1.259237e+01    C2H2 + O <=> C2H + OH
-2.044773e+01   C2H2 + O <=> CH2 + CO
-3.738453e+01   C2H3 + O <=> CH2CO + H
-1.164185e+01   C2H4 + O <=> CH3 + HCO
-3.354703e+01   C2H5 + O <=> CH2O + CH3
-8.723934e-01   C2H6 + O <=> C2H5 + OH
-4.314831e+01   HCCO + O <=> 2 CO + H
1.333613e+00    CH2CO + O <=> HCCO + OH
-2.080150e+01   CH2CO + O <=> CH2 + CO2
-2.854959e+00   CO + O2 <=> CO2 + O
1.644871e+01    CH2O + O2 <=> HCO + HO2
-2.151603e+01   H + O2 + M <=> HO2 + M
-2.151603e+01   H + 2 O2 <=> HO2 + O2
-2.151603e+01   H + H2O + O2 <=> H2O + HO2
-2.151603e+01   H + N2 + O2 <=> HO2 + N2
-2.151603e+01   AR + H + O2 <=> AR + HO2
6.836156e+00    H + O2 <=> O + OH
-4.476979e+01   2 H + M <=> H2 + M
-4.476979e+01   2 H + H2 <=> 2 H2
-4.476979e+01   2 H + H2O <=> H2 + H2O
-4.476979e+01   CO2 + 2 H <=> CO2 + H2
-5.117028e+01   H + OH + M <=> H2O + M
-2.281809e+01   H + HO2 <=> H2O + O
-2.325376e+01   H + HO2 <=> H2 + O2
-1.559291e+01   H + HO2 <=> 2 OH
-7.307613e+00   H + H2O2 <=> H2 + HO2
-2.930101e+01   H + H2O2 <=> H2O + OH
-9.989707e+00   CH + H <=> C + H2
-4.736386e+01   CH2 + H (+M) <=> CH3 (+M)
-5.108146e+00   CH2(S) + H <=> CH + H2
-4.518806e+01   CH3 + H (+M) <=> CH4 (+M)
4.182654e-01    CH4 + H <=> CH3 + H2
-3.796475e+01   H + HCO (+M) <=> CH2O (+M)
-3.740023e+01   H + HCO <=> CO + H2
-1.293008e+01   CH2O + H (+M) <=> CH2OH (+M)
-1.013402e+01   CH2O + H (+M) <=> CH3O (+M)
-6.805043e+00   CH2O + H <=> H2 + HCO
-4.182537e+01   CH2OH + H (+M) <=> CH3OH (+M)
-3.183971e+01   CH2OH + H <=> CH2O + H2
-2.340254e+00   CH2OH + H <=> CH3 + OH
-2.471301e+00   CH2OH + H <=> CH2(S) + H2O
-4.462142e+01   CH3O + H (+M) <=> CH3OH (+M)
-2.796057e+00   CH3O + H <=> CH2OH + H
-3.463577e+01   CH3O + H <=> CH2O + H2
-5.136311e+00   CH3O + H <=> CH3 + OH
-5.267358e+00   CH3O + H <=> CH2(S) + H2O
-2.944423e+00   CH3OH + H <=> CH2OH + H2
-1.483662e-01   CH3OH + H <=> CH3O + H2
-5.653746e+01   C2H + H (+M) <=> C2H2 (+M)
-1.589791e+01   C2H2 + H (+M) <=> C2H3 (+M)
-4.764139e+01   C2H3 + H (+M) <=> C2H4 (+M)
-2.887188e+01   C2H3 + H <=> C2H2 + H2
-1.605957e+01   C2H4 + H (+M) <=> C2H5 (+M)
2.871603e+00    C2H4 + H <=> C2H3 + H2
-4.307270e+01   C2H5 + H (+M) <=> C2H6 (+M)
-2.871022e+01   C2H5 + H <=> C2H4 + H2
-1.697089e+00   C2H6 + H <=> C2H5 + H2
-8.768625e+00   H + HCCO <=> CH2(S) + CO
5.089169e-01    CH2CO + H <=> H2 + HCCO
-1.452915e+01   CH2CO + H <=> CH3 + CO
-1.301790e+01   H + HCCOH <=> CH2CO + H
-5.645166e-01   CO + H2 (+M) <=> CH2O (+M)
-6.400491e+00   H2 + OH <=> H + H2O
-2.186927e+01   2 OH (+M) <=> H2O2 (+M)
-7.225187e+00   2 OH <=> H2O + O
-2.965425e+01   HO2 + OH <=> H2O + O2
-1.370810e+01   H2O2 + OH <=> H2O + HO2
-1.370810e+01   H2O2 + OH <=> H2O + HO2
-6.487632e+01   C + OH <=> CO + H
-3.746580e+01   CH + OH <=> H + HCO
-3.209353e+01   CH2 + OH <=> CH2O + H
-7.833267e+00   CH2 + OH <=> CH + H2O
-3.576890e+01   CH2(S) + OH <=> CH2O + H
-3.948511e+01   CH3 + OH (+M) <=> CH3OH (+M)
-3.806417e+00   CH3 + OH <=> CH2 + H2O
-1.310470e-01   CH3 + OH <=> CH2(S) + H2O
-5.982226e+00   CH4 + OH <=> CH3 + H2O
-9.691115e+00   CO + OH <=> CO2 + H
-4.380072e+01   HCO + OH <=> CO + H2O
-1.320553e+01   CH2O + OH <=> H2O + HCO
-3.824020e+01   CH2OH + OH <=> CH2O + H2O
-4.103626e+01   CH3O + OH <=> CH2O + H2O
-9.344914e+00   CH3OH + OH <=> CH2OH + H2O
-6.548857e+00   CH3OH + OH <=> CH3O + H2O
-2.059610e+01   C2H + OH <=> H + HCCO
-9.337347e+00   C2H2 + OH <=> CH2CO + H
3.680550e+00    C2H2 + OH <=> H + HCCOH
5.367182e+00    C2H2 + OH <=> C2H + H2O
-2.386650e+01   C2H2 + OH <=> CH3 + CO
-3.527237e+01   C2H3 + OH <=> C2H2 + H2O
-3.528888e+00   C2H4 + OH <=> C2H3 + H2O
-8.097581e+00   C2H6 + OH <=> C2H5 + H2O
-5.891574e+00   CH2CO + OH <=> H2O + HCCO
-1.594614e+01   2 HO2 <=> H2O2 + O2
-1.594614e+01   2 HO2 <=> H2O2 + O2
-4.768644e+01   CH2 + HO2 <=> CH2O + OH
-2.367202e+01   CH3 + HO2 <=> CH4 + O2
-1.045659e+01   CH3 + HO2 <=> CH3O + OH
-2.528402e+01   CO + HO2 <=> CO2 + OH
5.025701e-01    CH2O + HO2 <=> H2O2 + HCO
-5.804017e+01   C + O2 <=> CO + O
-3.183622e+01   C + CH2 <=> C2H + H
-4.100982e+01   C + CH3 <=> C2H2 + H
-3.062964e+01   CH + O2 <=> HCO + O
1.432776e+00    CH + H2 <=> CH2 + H
-2.426026e+01   CH + H2O <=> CH2O + H
-5.359360e+01   CH + CH2 <=> C2H2 + H
-2.212765e+01   CH + CH3 <=> C2H3 + H
-2.458098e+01   CH + CH4 <=> C2H4 + H
-3.089302e+01   CH + CO (+M) <=> HCCO (+M)
-2.777468e+01   CH + CO2 <=> CO + HCO
-3.083742e+01   CH + CH2O <=> CH2CO + H
-6.603760e+01   CH + HCCO <=> C2H2 + CO
-2.386816e+01   CH2 + O2 => CO + H + OH
-2.594074e+00   CH2 + H2 <=> CH3 + H
-5.502638e+01   2 CH2 <=> C2H2 + H2
-2.643202e+01   CH2 + CH3 <=> C2H4 + H
-2.175809e+00   CH2 + CH4 <=> 2 CH3
-3.283471e+01   CH2 + CO (+M) <=> CH2CO (+M)
-3.859849e+01   CH2 + HCCO <=> C2H3 + CO
-3.675370e+00   CH2(S) + N2 <=> CH2 + N2
-3.675370e+00   AR + CH2(S) <=> AR + CH2
-2.754353e+01   CH2(S) + O2 <=> CO + H + OH
-7.871381e+01   CH2(S) + O2 <=> CO + H2O
-6.269444e+00   CH2(S) + H2 <=> CH3 + H
-3.935407e+01   CH2(S) + H2O (+M) <=> CH3OH (+M)
-3.675370e+00   CH2(S) + H2O <=> CH2 + H2O
-3.010740e+01   CH2(S) + CH3 <=> C2H4 + H
-5.851179e+00   CH2(S) + CH4 <=> 2 CH3
-3.675370e+00   CH2(S) + CO <=> CH2 + CO
-3.675370e+00   CH2(S) + CO2 <=> CH2 + CO2
-2.607779e+01   CH2(S) + CO2 <=> CH2O + CO
-7.966534e+00   C2H6 + CH2(S) <=> C2H5 + CH3
1.197247e+01    CH3 + O2 <=> CH3O + O
-2.183860e+01   CH3 + O2 <=> CH2O + OH
-7.725879e+00   CH3 + H2O2 <=> CH4 + HO2
-3.820043e+01   2 CH3 (+M) <=> C2H6 (+M)
4.872270e+00    2 CH3 <=> C2H5 + H
-3.781850e+01   CH3 + HCO <=> CH4 + CO
-7.223309e+00   CH2O + CH3 <=> CH4 + HCO
-3.362688e+00   CH3 + CH3OH <=> CH2OH + CH4
-5.666316e-01   CH3 + CH3OH <=> CH3O + CH4
2.453338e+00    C2H4 + CH3 <=> C2H3 + CH4
-2.115355e+00   C2H6 + CH3 <=> C2H5 + CH4
7.369560e+00    H2O + HCO <=> CO + H + H2O
7.369560e+00    HCO + M <=> CO + H + M
-1.414647e+01   HCO + O2 <=> CO + HO2
-8.585953e+00   CH2OH + O2 <=> CH2O + HO2
-1.138201e+01   CH3O + O2 <=> CH2O + HO2
-6.427782e+01   C2H + O2 <=> CO + HCO
-1.176767e+01   C2H + H2 <=> C2H2 + H
-3.717676e+01   C2H3 + O2 <=> CH2O + HCO
1.876951e+01    C2H4 (+M) <=> C2H2 + H2 (+M)
-5.456462e+00   C2H5 + O2 <=> C2H4 + HO2
-3.631216e+01   HCCO + O2 <=> 2 CO + OH
-3.514458e+01   2 HCCO <=> C2H2 + 2 CO
-3.161867e+01   N + NO <=> N2 + O
-1.328991e+01   N + O2 <=> NO + O
-2.012607e+01   N + OH <=> H + NO
-3.381285e+01   N2O + O <=> N2 + O2
-1.548409e+01   N2O + O <=> 2 NO
-2.697669e+01   H + N2O <=> N2 + OH
-1.138378e+01   N2O + OH <=> HO2 + N2
1.696840e+01    N2O (+M) <=> N2 + O (+M)
-2.810222e+00   HO2 + NO <=> NO2 + OH
-3.116241e+01   NO + O + M <=> NO2 + M
-1.961884e+01   NO2 + O <=> NO + O2
-1.278268e+01   H + NO2 <=> NO + OH
-2.959898e+01   NH + O <=> H + NO
-1.029761e+01   H + NH <=> H2 + N
-6.931258e+00   NH + OH <=> H + HNO
-1.669810e+01   NH + OH <=> H2O + N
-9.510215e-02   NH + O2 <=> HNO + O
-2.276283e+01   NH + O2 <=> NO + OH
-6.121765e+01   N + NH <=> H + N2
-5.307671e-01   H2O + NH <=> H2 + HNO
-4.109158e+01   NH + NO <=> N2 + OH
-1.411489e+01   NH + NO <=> H + N2O
-4.550463e+00   NH2 + O <=> NH + OH
-1.148172e+01   NH2 + O <=> H + HNO
-5.375159e+00   H + NH2 <=> H2 + NH
-1.177565e+01   NH2 + OH <=> H2O + NH
-2.399389e+00   NNH <=> H + N2  
-2.399389e+00   NNH + M <=> H + N2 + M
-2.391542e+01   NNH + O2 <=> HO2 + N2
-4.634448e+01   NNH + O <=> N2 + OH
-5.252901e+00   NNH + O <=> NH + NO
-4.716918e+01   H + NNH <=> H2 + N2
-5.356967e+01   NNH + OH <=> H2O + N2
-4.758744e+01   CH3 + NNH <=> CH4 + N2
-2.127737e+01   H + NO + M <=> HNO + M
-2.266772e+01   HNO + O <=> NO + OH
-2.349242e+01   H + HNO <=> H2 + NO
-2.989291e+01   HNO + OH <=> H2O + NO
-2.386617e-01   HNO + O2 <=> HO2 + NO
-3.269069e+01   CN + O <=> CO + N
-1.192773e+01   CN + OH <=> H + NCO
-2.137847e+00   CN + H2O <=> HCN + OH
-5.091572e+00   CN + O2 <=> NCO + O
-8.538338e+00   CN + H2 <=> H + HCN
-4.088903e+01   NCO + O <=> CO + NO
-1.129005e+01   H + NCO <=> CO + NH
3.056062e+00    NCO + OH <=> CO + H + NO
-7.250770e+01   N + NCO <=> CO + N2
-4.374399e+01   NCO + O2 <=> CO2 + NO
2.318213e+01    NCO + M <=> CO + N + M
-2.540494e+01   NCO + NO <=> CO + N2O
-6.207275e+01   NCO + NO <=> CO2 + N2
5.330813e+01    HCN + M <=> CN + H + M
-2.564694e+00   HCN + O <=> H + NCO
-1.385474e+01   HCN + O <=> CO + NH
9.363034e+00    HCN + O <=> CN + OH
4.056874e+00    HCN + OH <=> H + HOCN
-6.397495e+00   HCN + OH <=> H + HNCO
-9.304280e+00   HCN + OH <=> CO + NH2
-1.112118e+01   H + HCN (+M) <=> H2CN (+M)
-3.324690e+01   H2CN + N <=> CH2 + N2
1.955911e+01    C + N2 <=> CN + N
1.031061e+00    CH + N2 <=> HCN + N
-1.329322e+01   CH + N2 (+M) <=> HCNN (+M)
9.895896e+00    CH2 + N2 <=> HCN + NH
6.220526e+00    CH2(S) + N2 <=> HCN + NH
-1.205956e+01   C + NO <=> CN + O
-4.475025e+01   C + NO <=> CO + N
-3.058761e+01   CH + NO <=> HCN + O
-3.315230e+01   CH + NO <=> H + NCO
-1.733973e+01   CH + NO <=> HCO + N
-3.759318e+01   CH2 + NO <=> H + HNCO
-3.119569e+01   CH2 + NO <=> HCN + OH
-8.443458e+00   CH2 + NO <=> H + HCNO
-4.126855e+01   CH2(S) + NO <=> H + HNCO
-3.487106e+01   CH2(S) + NO <=> HCN + OH
-1.211883e+01   CH2(S) + NO <=> H + HCNO
-3.500210e+01   CH3 + NO <=> H2O + HCN
5.047002e+00    CH3 + NO <=> H2CN + OH
-6.074811e+01   HCNN + O <=> CO + H + N2
-4.974688e+01   HCNN + O <=> HCN + NO
-1.733642e+01   HCNN + O2 <=> HCO + N2 + O
-2.417258e+01   HCNN + OH <=> H + HCO + N2
-3.004379e+01   H + HCNN <=> CH2 + N2
-1.714836e+01   HNCO + O <=> CO2 + NH
-1.438851e+01   HNCO + O <=> CO + HNO
3.832801e+00    HNCO + O <=> NCO + OH
-2.906785e+00   H + HNCO <=> CO + NH2
3.008105e+00    H + HNCO <=> H2 + NCO
-3.392386e+00   HNCO + OH <=> H2O + NCO
-1.259790e+01   HNCO + OH <=> CO2 + NH2
3.648785e+01    HNCO + M <=> CO + NH + M
-2.914972e+01   H + HCNO <=> H + HNCO
-2.275223e+01   H + HCNO <=> HCN + OH
-3.205651e+01   H + HCNO <=> CO + NH2
-1.045437e+01   H + HOCN <=> H + HNCO
-2.088745e+01   HCCO + NO <=> CO + HCNO
-1.507907e+01   CH3 + N <=> H + H2CN
-4.872768e+01   CH3 + N <=> H2 + HCN
1.952849e+00    H + NH3 <=> H2 + NH2
-4.447643e+00   NH3 + OH <=> H2O + NH2
2.777545e+00    NH3 + O <=> NH2 + OH
2.759857e+00    CO2 + NH <=> CO + HNO
-2.471041e+01   CN + NO2 <=> NCO + NO
-4.787874e+01   NCO + NO2 <=> CO2 + N2O
-1.043495e+01   CO2 + N <=> CO + NO
-2.811024e+01   CH3 + O => CO + H + H2
-5.344215e+00   C2H4 + O <=> CH2CHO + H
-3.126511e+01   C2H5 + O <=> CH3CHO + H
-2.965425e+01   HO2 + OH <=> H2O + O2
-2.949946e+01   CH3 + OH => CH2O + H2
-4.593109e+01   CH + H2 (+M) <=> CH3 (+M)
-3.355928e+01   CH2 + O2 => CO2 + 2 H
-2.525737e+01   CH2 + O2 <=> CH2O + O
-1.025659e+01   2 CH2 => C2H2 + 2 H
-2.936841e+01   CH2(S) + H2O => CH2O + H2
-2.204358e+00   C2H3 + O2 <=> CH2CHO + O
-5.618125e+00   C2H3 + O2 <=> C2H2 + HO2
-1.964630e+00   CH3CHO + O <=> CH2CHO + OH
-8.927090e-01   CH3CHO + O => CH3 + CO + OH
2.153635e+01    CH3CHO + O2 => CH3 + CO + HO2
-2.789326e+00   CH3CHO + H <=> CH2CHO + H2
-1.717405e+00   CH3CHO + H => CH3 + CO + H2
-8.117896e+00   CH3CHO + OH => CH3 + CO + H2O
5.590208e+00    CH3CHO + HO2 => CH3 + CO + H2O2
-2.135670e+00   CH3 + CH3CHO => CH3 + CH4 + CO
-1.560107e+01   CH2CO + H (+M) <=> CH2CHO (+M)
-5.200424e+00   CH2CHO + O => CH2 + CO2 + H
-2.076668e+01   CH2CHO + O2 => CH2O + CO + OH
9.828503e+00    CH2CHO + O2 => 2 HCO + OH
-6.297639e+00   CH2CHO + H <=> CH3 + HCO
-2.916872e+01   CH2CHO + H <=> CH2CO + H2
-3.556921e+01   CH2CHO + OH <=> CH2CO + H2O
-3.957384e+00   CH2CHO + OH <=> CH2OH + HCO
-3.688516e+01   C2H5 + CH3 (+M) <=> C3H8 (+M)
-6.945814e-01   C3H8 + O <=> C3H7 + OH
-1.519277e+00   C3H8 + H <=> C3H7 + H2
-7.919769e+00   C3H8 + OH <=> C3H7 + H2O
-5.788336e+00   C3H7 + H2O2 <=> C3H8 + HO2
-1.937543e+00   C3H8 + CH3 <=> C3H7 + CH4
-9.694212e+00   C2H4 + CH3 (+M) <=> C3H7 (+M)
-3.504012e+01   C3H7 + O <=> C2H5 + CH2O
-4.325051e+01   C3H7 + H (+M) <=> C3H8 (+M)
-6.365357e+00   C3H7 + H <=> C2H5 + CH3
-4.025103e+00   C3H7 + OH <=> C2H5 + CH2OH
-2.173448e+01   C3H7 + HO2 <=> C3H8 + O2
-6.687930e+00   C3H7 + HO2 => C2H5 + CH2O + OH
-1.493087e+00   C3H7 + CH3 <=> 2 C2H5
