#Equilibrium constants of reactions

1.568077e+17    2 O + M <=> O2 + M
2.469597e+15    H + O + M <=> OH + M
9.767742e-01    H2 + O <=> H + OH
4.068079e+09    HO2 + O <=> O2 + OH
3.172958e+03    H2O2 + O <=> HO2 + OH
3.220665e+30    CH + O <=> CO + H
5.768087e+15    CH2 + O <=> H + HCO
1.845849e+33    CH2(S) + O <=> CO + H2
5.185566e+17    CH2(S) + O <=> H + HCO
1.990821e+11    CH3 + O <=> CH2O + H
1.862384e+01    CH4 + O <=> CH3 + OH
2.252278e+17    CO + O (+M) <=> CO2 (+M)
3.476916e+15    HCO + O <=> CO + OH
3.170956e+17    HCO + O <=> CO2 + H
1.421429e+04    CH2O + O <=> HCO + OH
7.494192e+12    CH2OH + O <=> CH2O + OH
1.775156e+15    CH3O + O <=> CH2O + OH
4.619559e+02    CH3OH + O <=> CH2OH + OH
1.950244e+00    CH3OH + O <=> CH3O + OH
2.437343e+14    C2H + O <=> CH + CO
4.317471e+03    C2H2 + O <=> H + HCCO
1.774466e-04    C2H2 + O <=> C2H + OH
6.945506e+09    C2H2 + O <=> CH2 + CO
5.313541e+14    C2H3 + O <=> CH2CO + H
8.183473e+06    C2H4 + O <=> CH3 + HCO
2.933440e+14    C2H5 + O <=> CH2O + CH3
3.127061e+02    C2H6 + O <=> C2H5 + OH
1.306395e+22    HCCO + O <=> 2 CO + H
6.210897e+00    CH2CO + O <=> HCCO + OH
9.112233e+08    CH2CO + O <=> CH2 + CO2
1.436331e+00    CO + O2 <=> CO2 + O
3.494105e-06    CH2O + O2 <=> HCO + HO2
6.070670e+05    H + O2 + M <=> HO2 + M
6.070670e+05    H + 2 O2 <=> HO2 + O2
6.070670e+05    H + H2O + O2 <=> H2O + HO2
6.070670e+05    H + N2 + O2 <=> HO2 + N2
6.070670e+05    AR + H + O2 <=> AR + HO2
1.574920e-02    H + O2 <=> O + OH
2.528319e+15    2 H + M <=> H2 + M
2.528319e+15    2 H + H2 <=> 2 H2
2.528319e+15    2 H + H2O <=> H2 + H2O
2.528319e+15    CO2 + 2 H <=> CO2 + H2
3.165882e+17    H + OH + M <=> H2O + M
8.213281e+09    H + HO2 <=> H2O + O
4.164810e+09    H + HO2 <=> H2 + O2
6.406901e+07    H + HO2 <=> 2 OH
3.248405e+03    H + H2O2 <=> H2 + HO2
2.606039e+13    H + H2O2 <=> H2O + OH
6.488179e+03    CH + H <=> C + H2
5.033851e+15    CH2 + H (+M) <=> CH3 (+M)
5.731266e+02    CH2(S) + H <=> CH + H2
1.326041e+14    CH3 + H (+M) <=> CH4 (+M)
1.906668e+01    CH4 + H <=> CH3 + H2
1.737404e+11    H + HCO (+M) <=> CH2O (+M)
3.559591e+15    H + HCO <=> CO + H2
3.295347e+02    CH2O + H (+M) <=> CH2OH (+M)
1.391200e+00    CH2O + H (+M) <=> CH3O (+M)
1.455228e+04    CH2O + H <=> H2 + HCO
5.345957e+12    CH2OH + H (+M) <=> CH3OH (+M)
7.672390e+12    CH2OH + H <=> CH2O + H2
3.764373e+01    CH2OH + H <=> CH3 + OH
2.633435e+01    CH2OH + H <=> CH2(S) + H2O
1.266301e+15    CH3O + H (+M) <=> CH3OH (+M)
2.368709e+02    CH3O + H <=> CH2OH + H
1.817366e+15    CH3O + H <=> CH2O + H2
8.916704e+03    CH3O + H <=> CH3 + OH
6.237841e+03    CH3O + H <=> CH2(S) + H2O
4.729403e+02    CH3OH + H <=> CH2OH + H2
1.996617e+00    CH3OH + H <=> CH3O + H2
1.391740e+19    C2H + H (+M) <=> C2H2 (+M)
3.230852e+03    C2H2 + H (+M) <=> C2H3 (+M)
9.392502e+14    C2H3 + H (+M) <=> C2H4 (+M)
7.825547e+11    C2H3 + H <=> C2H2 + H2
4.846868e+03    C2H4 + H (+M) <=> C2H5 (+M)
2.691848e+00    C2H4 + H <=> C2H3 + H2
7.897500e+12    C2H5 + H (+M) <=> C2H6 (+M)
5.216396e+11    C2H5 + H <=> C2H4 + H2
3.201417e+02    C2H6 + H <=> C2H5 + H2
1.789411e+04    H + HCCO <=> CH2(S) + CO
6.358580e+00    CH2CO + H <=> H2 + HCCO
2.036588e+07    CH2CO + H <=> CH3 + CO
4.349251e+05    H + HCCOH <=> CH2CO + H
4.880908e-05    CO + H2 (+M) <=> CH2O (+M)
1.252169e+02    H2 + OH <=> H + H2O
1.214825e+04    2 OH (+M) <=> H2O2 (+M)
1.281943e+02    2 OH <=> H2O + O
5.215045e+11    HO2 + OH <=> H2O + O2
4.067551e+05    H2O2 + OH <=> H2O + HO2
4.067551e+05    H2O2 + OH <=> H2O + HO2
5.081929e+26    C + OH <=> CO + H
9.262994e+14    CH + OH <=> H + HCO
4.057948e+11    CH2 + OH <=> CH2O + H
7.982687e+02    CH2 + OH <=> CH + H2O
3.648135e+13    CH2(S) + OH <=> CH2O + H
1.420145e+11    CH3 + OH (+M) <=> CH3OH (+M)
6.289185e+01    CH3 + OH <=> CH2 + H2O
6.995681e-01    CH3 + OH <=> CH2(S) + H2O
2.387470e+03    CH4 + OH <=> CH3 + H2O
9.120024e+01    CO + OH <=> CO2 + H
4.457208e+17    HCO + OH <=> CO + H2O
1.822191e+06    CH2O + OH <=> H2O + HCO
9.607127e+14    CH2OH + OH <=> CH2O + H2O
2.275649e+17    CH3O + OH <=> CH2O + H2O
5.922011e+04    CH3OH + OH <=> CH2OH + H2O
2.500101e+02    CH3OH + OH <=> CH3O + H2O
2.433109e+07    C2H + OH <=> H + HCCO
6.951445e+02    C2H2 + OH <=> CH2CO + H
1.598309e-03    C2H2 + OH <=> H + HCCOH
2.274764e-02    C2H2 + OH <=> C2H + H2O
1.415723e+10    C2H2 + OH <=> CH3 + CO
9.798907e+13    C2H3 + OH <=> C2H2 + H2O
3.370648e+02    C2H4 + OH <=> C2H3 + H2O
4.008714e+04    C2H6 + OH <=> C2H5 + H2O
7.962015e+02    CH2CO + OH <=> H2O + HCCO
1.282109e+06    2 HO2 <=> H2O2 + O2
1.282109e+06    2 HO2 <=> H2O2 + O2
2.599887e+19    CH2 + HO2 <=> CH2O + OH
2.184340e+08    CH3 + HO2 <=> CH4 + O2
7.185279e+03    CH3 + HO2 <=> CH3O + OH
5.843109e+09    CO + HO2 <=> CO2 + OH
4.479824e+00    CH2O + HO2 <=> H2O2 + HCO
8.003634e+24    C + O2 <=> CO + O
1.298352e+13    C + CH2 <=> C2H + H
3.589635e+16    C + CH3 <=> C2H2 + H
1.458848e+13    CH + O2 <=> HCO + O
1.568606e-01    CH + H2 <=> CH2 + H
5.083436e+08    CH + H2O <=> CH2O + H
4.637049e+20    CH + CH2 <=> C2H2 + H
2.976175e+08    CH + CH3 <=> C2H3 + H
2.108060e+09    CH + CH4 <=> C2H4 + H
2.465307e+08    CH + CO (+M) <=> HCCO (+M)
1.015676e+13    CH + CO2 <=> CO + HCO
7.943470e+11    CH + CH2O <=> CH2CO + H
7.459612e+26    CH + HCCO <=> C2H2 + CO
1.278965e+14    CH2 + O2 => CO + H + OH
1.990988e+00    CH2 + H2 <=> CH3 + H
2.956160e+21    2 CH2 <=> C2H2 + H2
7.048458e+08    CH2 + CH3 <=> C2H4 + H
3.796151e+01    CH2 + CH4 <=> 2 CH3
2.471708e+08    CH2 + CO (+M) <=> CH2CO (+M)
6.076978e+15    CH2 + HCCO <=> C2H3 + CO
8.990097e+01    CH2(S) + N2 <=> CH2 + N2
8.990097e+01    AR + CH2(S) <=> AR + CH2
1.149802e+16    CH2(S) + O2 <=> CO + H + OH
3.640137e+33    CH2(S) + O2 <=> CO + H2O
1.789917e+02    CH2(S) + H2 <=> CH3 + H
2.030031e+11    CH2(S) + H2O (+M) <=> CH3OH (+M)
8.990097e+01    CH2(S) + H2O <=> CH2 + H2O
6.336632e+10    CH2(S) + CH3 <=> C2H4 + H
3.412777e+03    CH2(S) + CH4 <=> 2 CH3
8.990097e+01    CH2(S) + CO <=> CH2 + CO
8.990097e+01    CH2(S) + CO2 <=> CH2 + CO2
4.000137e+11    CH2(S) + CO2 <=> CH2O + CO
5.730270e+04    C2H6 + CH2(S) <=> C2H5 + CH3
1.766259e-06    CH3 + O2 <=> CH3O + O
3.135384e+09    CH3 + O2 <=> CH2O + OH
1.703708e+02    CH3 + H2O2 <=> CH4 + HO2
5.359751e+09    2 CH3 (+M) <=> C2H6 (+M)
6.786643e-04    2 CH3 <=> C2H5 + H
1.866917e+14    CH3 + HCO <=> CH4 + CO
7.632312e+02    CH2O + CH3 <=> CH4 + HCO
2.480455e+01    CH3 + CH3OH <=> CH2OH + CH4
1.047176e-01    CH3 + CH3OH <=> CH3O + CH4
1.411808e-01    C2H4 + CH3 <=> C2H3 + CH4
1.679064e+01    C2H6 + CH3 <=> C2H5 + CH4
1.407888e+00    H2O + HCO <=> CO + H + H2O
1.407888e+00    HCO + M <=> CO + H + M
8.546827e+05    HCO + O2 <=> CO + HO2
1.842195e+03    CH2OH + O2 <=> CH2O + HO2
4.363622e+05    CH3O + O2 <=> CH2O + HO2
3.555712e+27    C2H + O2 <=> CO + HCO
5.504609e+03    C2H + H2 <=> C2H2 + H
9.758515e+15    C2H3 + O2 <=> CH2O + HCO
8.331697e-04    C2H4 (+M) <=> C2H2 + H2 (+M)
1.252493e+02    C2H5 + O2 <=> C2H4 + HO2
2.057468e+20    HCCO + O2 <=> 2 CO + OH
3.025834e+18    2 HCCO <=> C2H2 + 2 CO
1.228024e+13    N + NO <=> N2 + O
2.869373e+06    N + O2 <=> NO + O
1.821916e+08    N + OH <=> H + NO
1.039175e+15    N2O + O <=> N2 + O2
2.428112e+08    N2O + O <=> 2 NO
1.636618e+13    H + N2O <=> N2 + OH
2.554461e+05    N2O + OH <=> HO2 + N2
6.627065e-03    N2O (+M) <=> N2 + O (+M)
3.771459e+00    HO2 + NO <=> NO2 + OH
1.453742e+08    NO + O + M <=> NO2 + M
1.078648e+09    NO2 + O <=> NO + O2
1.698786e+07    H + NO2 <=> NO + OH
1.171993e+12    NH + O <=> H + NO
6.585709e+03    H + NH <=> H2 + N
3.965583e+01    NH + OH <=> H + HNO
8.246420e+05    NH + OH <=> H2O + N
6.245477e-01    NH + O2 <=> HNO + O
1.845796e+10    NH + O2 <=> NO + OH
1.439236e+25    N + NH <=> H + N2
3.166971e-01    H2O + NH <=> H2 + HNO
7.899573e+16    NH + NO <=> N2 + OH
4.826767e+03    NH + NO <=> H + N2O
2.919130e+02    NH2 + O <=> NH + OH
1.157605e+04    NH2 + O <=> H + HNO
2.988541e+02    H + NH2 <=> H2 + NH
3.742158e+04    NH2 + OH <=> H2O + NH
1.052003e+04    NNH <=> H + N2  
1.052003e+04    NNH + M <=> H + N2 + M
6.386364e+09    NNH + O2 <=> HO2 + N2
2.598023e+19    NNH + O <=> N2 + OH
3.288815e+02    NNH + O <=> NH + NO
2.659799e+19    H + NNH <=> H2 + N2
3.330518e+21    NNH + OH <=> H2O + N2
1.394999e+18    CH3 + NNH <=> CH4 + N2
8.356183e+04    H + NO + M <=> HNO + M
2.955412e+10    HNO + O <=> NO + OH
3.025686e+10    H + HNO <=> H2 + NO
3.788670e+12    HNO + OH <=> H2O + NO
7.264885e+00    HNO + O2 <=> HO2 + NO
3.081416e+13    CN + O <=> CO + N
6.119543e+03    CN + OH <=> H + NCO
1.083336e+01    CN + H2O <=> HCN + OH
9.637794e+01    CN + O2 <=> NCO + O
1.356520e+03    CN + H2 <=> H + HCN
9.174018e+17    NCO + O <=> CO + NO
7.827706e+05    H + NCO <=> CO + NH
3.714784e+02    NCO + OH <=> CO + H + NO
1.126591e+31    N + NCO <=> CO + N2
1.317693e+18    NCO + O2 <=> CO2 + NO
2.038944e-06    NCO + M <=> CO + N + M
3.778252e+09    NCO + NO <=> CO + N2O
5.639416e+24    NCO + NO <=> CO2 + N2
2.915695e-19    HCN + M <=> CN + H + M
4.406433e+00    HCN + O <=> H + NCO
3.449226e+06    HCN + O <=> CO + NH
7.200591e-04    HCN + O <=> CN + OH
1.121296e-03    HCN + OH <=> H + HOCN
4.461653e+01    HCN + OH <=> H + HNCO
1.181594e+04    HCN + OH <=> CO + NH2
1.306283e+01    H + HCN (+M) <=> H2CN (+M)
4.679682e+14    H2CN + N <=> CH2 + N2
7.371284e-09    C + N2 <=> CN + N
6.487719e-02    CH + N2 <=> HCN + N
2.242448e+01    CH + N2 (+M) <=> HCNN (+M)
6.280232e-05    CH2 + N2 <=> HCN + NH
5.645989e-03    CH2(S) + N2 <=> HCN + NH
9.052113e+04    C + NO <=> CN + O
2.789332e+18    C + NO <=> CO + N
7.967074e+11    CH + NO <=> HCN + O
3.510638e+12    CH + NO <=> H + NCO
5.084205e+06    CH + NO <=> HCO + N
2.213477e+14    CH2 + NO <=> H + HNCO
4.961115e+12    CH2 + NO <=> HCN + OH
8.330038e+01    CH2 + NO <=> H + HCNO
1.989937e+16    CH2(S) + NO <=> H + HNCO
4.460090e+14    CH2(S) + NO <=> HCN + OH
7.488784e+03    CH2(S) + NO <=> H + HCNO
3.120137e+14    CH3 + NO <=> H2O + HCN
1.287408e-02    CH3 + NO <=> H2CN + OH
1.436227e+29    HCNN + O <=> CO + H + N2
1.301739e+21    HCNN + O <=> HCN + NO
6.505603e+11    HCNN + O2 <=> HCO + N2 + O
4.130750e+13    HCNN + OH <=> H + HCO + N2
1.768574e+13    H + HCNN <=> CH2 + N2
7.050533e+06    HNCO + O <=> CO2 + NH
3.065723e+06    HNCO + O <=> CO + HNO
9.876235e-02    HNCO + O <=> NCO + OH
2.648332e+02    H + HNCO <=> CO + NH2
1.011107e-01    H + HNCO <=> H2 + NCO
1.266077e+01    HNCO + OH <=> H2O + NCO
2.415285e+04    HNCO + OH <=> CO2 + NH2
3.130401e-11    HNCO + M <=> CO + NH + M
2.657223e+12    H + HCNO <=> H + HNCO
5.955693e+10    H + HCNO <=> HCN + OH
7.037210e+14    H + HCNO <=> CO + NH2
3.979016e+04    H + HOCN <=> H + HNCO
1.340051e+08    HCCO + NO <=> CO + HCNO
2.345549e+06    CH3 + N <=> H + H2CN
4.539824e+20    CH3 + N <=> H2 + HCN
1.449820e+00    H + NH3 <=> H2 + NH2
1.815419e+02    NH3 + OH <=> H2O + NH2
1.416146e+00    NH3 + O <=> NH2 + OH
4.348215e-01    CO2 + NH <=> CO + HNO
1.039579e+11    CN + NO2 <=> NCO + NO
5.853632e+18    NCO + NO2 <=> CO2 + N2O
1.997709e+06    CO2 + N <=> CO + NO
4.078791e+15    CH3 + O => CO + H + H2
8.619029e+02    C2H4 + O <=> CH2CHO + H
2.313180e+12    C2H5 + O <=> CH3CHO + H
5.215045e+11    HO2 + OH <=> H2O + O2
2.038158e+11    CH3 + OH => CH2O + H2
7.896127e+14    CH + H2 (+M) <=> CH3 (+M)
1.166419e+16    CH2 + O2 => CO2 + 2 H
6.390946e+09    CH2 + O2 <=> CH2O + O
1.169220e+06    2 CH2 => C2H2 + 2 H
2.913453e+11    CH2(S) + H2O => CH2O + H2
5.162645e+00    C2H3 + O2 <=> CH2CHO + O
1.878969e+02    C2H3 + O2 <=> C2H2 + HO2
1.898513e+02    CH3CHO + O <=> CH2CHO + OH
2.537822e+06    CH3CHO + O => CH3 + CO + OH
6.238381e-04    CH3CHO + O2 => CH3 + CO + HO2
1.943656e+02    CH3CHO + H <=> CH2CHO + H2
2.598167e+06    CH3CHO + H => CH3 + CO + H2
3.253343e+08    CH3CHO + OH => CH3 + CO + H2O
7.998286e+02    CH3CHO + HO2 => CH3 + CO + H2O2
1.362674e+05    CH3 + CH3CHO => CH3 + CH4 + CO
1.523546e+03    CH2CO + H (+M) <=> CH2CHO (+M)
5.980937e+05    CH2CHO + O => CH2 + CO2 + H
4.191200e+13    CH2CHO + O2 => CH2O + CO + OH
1.713442e+02    CH2CHO + O2 => 2 HCO + OH
9.494658e+03    CH2CHO + H <=> CH3 + HCO
1.659496e+12    CH2CHO + H <=> CH2CO + H2
2.077969e+14    CH2CHO + OH <=> CH2CO + H2O
2.522241e+02    CH2CHO + OH <=> CH2OH + HCO
9.856128e+08    C2H5 + CH3 (+M) <=> C3H8 (+M)
3.059521e+02    C3H8 + O <=> C3H7 + OH
3.132270e+02    C3H8 + H <=> C3H7 + H2
3.922131e+04    C3H8 + OH <=> C3H7 + H2O
1.037077e+01    C3H7 + H2O2 <=> C3H8 + HO2
1.642798e+01    C3H8 + CH3 <=> C3H7 + CH4
5.918273e-01    C2H4 + CH3 (+M) <=> C3H7 (+M)
1.630416e+15    C3H7 + O <=> C2H5 + CH2O
8.071841e+12    C3H7 + H (+M) <=> C3H8 (+M)
8.189667e+03    C3H7 + H <=> C2H5 + CH3
2.175572e+02    C3H7 + OH <=> C2H5 + CH2OH
1.329646e+07    C3H7 + HO2 <=> C3H8 + O2
4.229805e+07    C3H7 + HO2 => C2H5 + CH2O + OH
5.558034e+00    C3H7 + CH3 <=> 2 C2H5
