#Forward rate constants of reactions

5.425539e+06    2 O + M <=> O2 + M
2.260641e+07    H + O + M <=> OH + M
5.773265e+08    H2 + O <=> H + OH
2.000000e+10    HO2 + O <=> O2 + OH
2.591218e+09    H2O2 + O <=> HO2 + OH
5.700000e+10    CH + O <=> CO + H
8.000000e+10    CH2 + O <=> H + HCO
1.500000e+10    CH2(S) + O <=> CO + H2
1.500000e+10    CH2(S) + O <=> H + HCO
5.060000e+10    CH3 + O <=> CH2O + H
1.151144e+09    CH4 + O <=> CH3 + OH
4.824617e+06    CO + O (+M) <=> CO2 (+M)
3.000000e+10    HCO + O <=> CO + OH
3.000000e+10    HCO + O <=> CO2 + H
8.838030e+09    CH2O + O <=> HCO + OH
1.000000e+10    CH2OH + O <=> CH2O + OH
1.000000e+10    CH3O + O <=> CH2O + OH
5.274837e+09    CH3OH + O <=> CH2OH + OH
7.966918e+08    CH3OH + O <=> CH3O + OH
5.000000e+10    C2H + O <=> CH + CO
8.763265e+09    C2H2 + O <=> H + HCCO
1.118672e+07    C2H2 + O <=> C2H + OH
4.504967e+09    C2H2 + O <=> CH2 + CO
3.000000e+10    C2H3 + O <=> CH2CO + H
4.917507e+09    C2H4 + O <=> CH3 + HCO
2.240000e+10    C2H5 + O <=> CH2O + CH3
6.745817e+09    C2H6 + O <=> C2H5 + OH
1.000000e+11    HCCO + O <=> 2 CO + H
3.491646e+08    CH2CO + O <=> HCCO + OH
9.935149e+08    CH2CO + O <=> CH2 + CO2
4.926581e+00    CO + O2 <=> CO2 + O
5.189806e+03    CH2O + O2 <=> HCO + HO2
2.189679e+07    H + O2 + M <=> HO2 + M
3.161394e+09    H + 2 O2 <=> HO2 + O2
5.144707e+10    H + H2O + O2 <=> H2O + HO2
3.951742e+09    H + N2 + O2 <=> HO2 + N2
2.408535e+09    AR + H + O2 <=> AR + HO2
1.796848e+08    H + O2 <=> O + OH
4.521283e+07    2 H + M <=> H2 + M
1.278597e+09    2 H + H2 <=> 2 H2
8.495221e+09    2 H + H2O <=> H2 + H2O
3.819444e+08    CO2 + 2 H <=> CO2 + H2
8.289019e+08    H + OH + M <=> H2O + M
2.996313e+09    H + HO2 <=> H2O + O
2.862678e+10    H + HO2 <=> H2 + O2
6.436241e+10    H + HO2 <=> 2 OH
1.968419e+09    H + H2O2 <=> H2 + HO2
2.209854e+09    H + H2O2 <=> H2O + OH
1.650000e+11    CH + H <=> C + H2
6.862918e+09    CH2 + H (+M) <=> CH3 (+M)
3.000000e+10    CH2(S) + H <=> CH + H2
4.744941e+10    CH3 + H (+M) <=> CH4 (+M)
6.817474e+08    CH4 + H <=> CH3 + H2
1.006552e+09    H + HCO (+M) <=> CH2O (+M)
7.340000e+10    H + HCO <=> CO + H2
2.081427e+08    CH2O + H (+M) <=> CH2OH (+M)
1.433602e+07    CH2O + H (+M) <=> CH3O (+M)
1.288190e+10    CH2O + H <=> H2 + HCO
1.072416e+09    CH2OH + H (+M) <=> CH3OH (+M)
2.000000e+10    CH2OH + H <=> CH2O + H2
1.864980e+10    CH2OH + H <=> CH3 + OH
1.341694e+10    CH2OH + H <=> CH2(S) + H2O
7.729242e+08    CH3O + H (+M) <=> CH3OH (+M)
1.935140e+09    CH3O + H <=> CH2OH + H
2.000000e+10    CH3O + H <=> CH2O + H2
5.441457e+10    CH3O + H <=> CH3 + OH
3.275065e+10    CH3O + H <=> CH2(S) + H2O
6.453558e+09    CH3OH + H <=> CH2OH + H2
1.594408e+09    CH3OH + H <=> CH3O + H2
1.503635e+10    C2H + H (+M) <=> C2H2 (+M)
4.646228e+08    C2H2 + H (+M) <=> C2H3 (+M)
7.913279e+09    C2H3 + H (+M) <=> C2H4 (+M)
3.000000e+10    C2H3 + H <=> C2H2 + H2
9.711311e+08    C2H4 + H (+M) <=> C2H5 (+M)
4.823704e+08    C2H4 + H <=> C2H3 + H2
4.041154e+10    C2H5 + H (+M) <=> C2H6 (+M)
2.000000e+09    C2H5 + H <=> C2H4 + H2
3.465528e+09    C2H6 + H <=> C2H5 + H2
1.000000e+11    H + HCCO <=> CH2(S) + CO
1.745823e+09    CH2CO + H <=> H2 + HCCO
2.683903e+09    CH2CO + H <=> CH3 + CO
1.000000e+10    H + HCCOH <=> CH2CO + H
9.923574e-07    CO + H2 (+M) <=> CH2O (+M)
2.287397e+09    H2 + OH <=> H + H2O
2.278026e+08    2 OH (+M) <=> H2O2 (+M)
2.123142e+09    2 OH <=> H2O + O
1.788252e+10    HO2 + OH <=> H2O + O2
1.672108e+09    H2O2 + OH <=> H2O + HO2
7.486241e+09    H2O2 + OH <=> H2O + HO2
5.000000e+10    C + OH <=> CO + H
3.000000e+10    CH + OH <=> H + HCO
2.000000e+10    CH2 + OH <=> CH2O + H
4.624633e+09    CH2 + OH <=> CH + H2O
3.000000e+10    CH2(S) + OH <=> CH2O + H
8.121796e+09    CH3 + OH (+M) <=> CH3OH (+M)
4.872827e+08    CH3 + OH <=> CH2 + H2O
2.658993e+10    CH3 + OH <=> CH2(S) + H2O
2.282821e+09    CH4 + OH <=> CH3 + H2O
2.793142e+08    CO + OH <=> CO2 + H
5.000000e+10    HCO + OH <=> CO + H2O
1.778837e+10    CH2O + OH <=> H2O + HCO
5.000000e+09    CH2OH + OH <=> CH2O + H2O
5.000000e+09    CH3O + OH <=> CH2O + H2O
2.949218e+09    CH3OH + OH <=> CH2OH + H2O
4.836389e+09    CH3OH + OH <=> CH3O + H2O
2.000000e+10    C2H + OH <=> H + HCCO
2.381734e+07    C2H2 + OH <=> CH2CO + H
2.117927e+07    C2H2 + OH <=> H + HCCOH
1.368659e+08    C2H2 + OH <=> C2H + H2O
2.316939e+06    C2H2 + OH <=> CH3 + CO
5.000000e+09    C2H3 + OH <=> C2H2 + H2O
1.817029e+09    C2H4 + OH <=> C2H3 + H2O
8.287471e+09    C2H6 + OH <=> C2H5 + H2O
3.242043e+09    CH2CO + OH <=> H2O + HCCO
2.575141e+08    2 HO2 <=> H2O2 + O2
2.740278e+09    2 HO2 <=> H2O2 + O2
2.000000e+10    CH2 + HO2 <=> CH2O + OH
1.000000e+09    CH3 + HO2 <=> CH4 + O2
3.780000e+10    CH3 + HO2 <=> CH3O + OH
7.551451e+06    CO + HO2 <=> CO2 + OH
5.261334e+07    CH2O + HO2 <=> H2O2 + HCO
4.555396e+10    C + O2 <=> CO + O
5.000000e+10    C + CH2 <=> C2H + H
5.000000e+10    C + CH3 <=> C2H2 + H
6.710000e+10    CH + O2 <=> HCO + O
2.931074e+10    CH + H2 <=> CH2 + H
7.836780e+09    CH + H2O <=> CH2O + H
4.000000e+10    CH + CH2 <=> C2H2 + H
3.000000e+10    CH + CH3 <=> C2H3 + H
6.000000e+10    CH + CH4 <=> C2H4 + H
9.637580e+08    CH + CO (+M) <=> HCCO (+M)
2.527524e+08    CH + CO2 <=> CO + HCO
1.174042e+11    CH + CH2O <=> CH2CO + H
5.000000e+10    CH + HCCO <=> C2H2 + CO
2.665558e+09    CH2 + O2 => CO + H + OH
3.472131e+07    CH2 + H2 <=> CH3 + H
1.068720e+10    2 CH2 <=> C2H2 + H2
4.000000e+10    CH2 + CH3 <=> C2H4 + H
1.104473e+08    CH2 + CH4 <=> 2 CH3
2.795479e+08    CH2 + CO (+M) <=> CH2CO (+M)
3.000000e+10    CH2 + HCCO <=> C2H3 + CO
1.166322e+10    CH2(S) + N2 <=> CH2 + N2
6.997933e+09    AR + CH2(S) <=> AR + CH2
2.800000e+10    CH2(S) + O2 <=> CO + H + OH
1.200000e+10    CH2(S) + O2 <=> CO + H2O
7.000000e+10    CH2(S) + H2 <=> CH3 + H
1.163618e+10    CH2(S) + H2O (+M) <=> CH3OH (+M)
3.000000e+10    CH2(S) + H2O <=> CH2 + H2O
1.524019e+10    CH2(S) + CH3 <=> C2H4 + H
2.032025e+10    CH2(S) + CH4 <=> 2 CH3
9.000000e+09    CH2(S) + CO <=> CH2 + CO
7.000000e+09    CH2(S) + CO2 <=> CH2 + CO2
1.400000e+10    CH2(S) + CO2 <=> CH2O + CO
5.037635e+10    C2H6 + CH2(S) <=> C2H5 + CH3
1.000910e+05    CH3 + O2 <=> CH3O + O
4.611257e+05    CH3 + O2 <=> CH2O + OH
1.125527e+08    CH3 + H2O2 <=> CH4 + HO2
7.833000e+09    2 CH3 (+M) <=> C2H6 (+M)
1.631133e+08    2 CH3 <=> C2H5 + H
2.648000e+10    CH3 + HCO <=> CH4 + CO
1.277636e+08    CH2O + CH3 <=> CH4 + HCO
1.930226e+07    CH3 + CH3OH <=> CH2OH + CH4
6.434087e+06    CH3 + CH3OH <=> CH3O + CH4
6.900382e+06    C2H4 + CH3 <=> C2H3 + CH4
1.748948e+07    C2H6 + CH3 <=> C2H5 + CH4
1.001957e+09    H2O + HCO <=> CO + H + H2O
6.777078e+06    HCO + M <=> CO + H + M
1.137297e+10    HCO + O2 <=> CO + HO2
1.234137e+10    CH2OH + O2 <=> CH2O + HO2
4.743612e+08    CH3O + O2 <=> CH2O + HO2
1.372466e+10    C2H + O2 <=> CO + HCO
1.454266e+10    C2H + H2 <=> C2H2 + H
1.570184e+09    C2H3 + O2 <=> CH2O + HCO
1.922238e-02    C2H4 (+M) <=> C2H2 + H2 (+M)
1.654092e+08    C2H5 + O2 <=> C2H4 + HO2
2.236755e+09    HCCO + O2 <=> 2 CO + OH
1.000000e+10    2 HCCO <=> C2H2 + 2 CO
2.326541e+10    N + NO <=> N2 + O
7.073524e+08    N + O2 <=> NO + O
2.859056e+10    N + OH <=> H + NO
1.504519e+07    N2O + O <=> N2 + O2
1.763160e+06    N2O + O <=> 2 NO
1.410140e+08    H + N2O <=> N2 + OH
2.921172e+05    N2O + OH <=> HO2 + N2
1.250662e+00    N2O (+M) <=> N2 + O (+M)
2.580481e+09    HO2 + NO <=> NO2 + OH
2.618805e+08    NO + O + M <=> NO2 + M
4.312943e+09    NO2 + O <=> NO + O2
1.135038e+11    H + NO2 <=> NO + OH
4.000000e+10    NH + O <=> H + NO
2.786442e+10    H + NH <=> H2 + N
2.000000e+10    NH + OH <=> H + HNO
9.909403e+09    NH + OH <=> H2O + N
4.347859e+07    NH + O2 <=> HNO + O
5.102344e+07    NH + O2 <=> NO + OH
1.500000e+10    N + NH <=> H + N2
6.006909e+07    H2O + NH <=> H2 + HNO
4.229043e+09    NH + NO <=> N2 + OH
1.501970e+10    NH + NO <=> H + N2O
3.000000e+09    NH2 + O <=> NH + OH
3.900000e+10    NH2 + O <=> H + HNO
8.656006e+09    H + NH2 <=> H2 + NH
4.537223e+09    NH2 + OH <=> H2O + NH
3.300000e+08    NNH <=> H + N2  
4.006016e+08    NNH + M <=> H + N2 + M
5.000000e+09    NNH + O2 <=> HO2 + N2
2.500000e+10    NNH + O <=> N2 + OH
7.000000e+10    NNH + O <=> NH + NO
5.000000e+10    H + NNH <=> H2 + N2
2.000000e+10    NNH + OH <=> H2O + N2
2.500000e+10    CH3 + NNH <=> CH4 + N2
1.536144e+08    H + NO + M <=> HNO + M
2.500000e+10    HNO + O <=> NO + OH
1.124742e+11    H + HNO <=> H2 + NO
1.372154e+10    HNO + OH <=> H2O + NO
4.289672e+07    HNO + O2 <=> HO2 + NO
7.700000e+10    CN + O <=> CO + N
4.000000e+10    CN + OH <=> H + NCO
3.503206e+08    CN + H2O <=> HCN + OH
7.384170e+09    CN + O2 <=> NCO + O
4.035195e+09    CN + H2 <=> H + HCN
2.350000e+10    NCO + O <=> CO + NO
5.400000e+10    H + NCO <=> CO + NH
2.500000e+09    NCO + OH <=> CO + H + NO
2.000000e+10    N + NCO <=> CO + N2
4.556229e+05    NCO + O2 <=> CO2 + NO
2.410752e+00    NCO + M <=> CO + N + M
2.908228e+09    NCO + NO <=> CO + N2O
1.886792e+09    NCO + NO <=> CO2 + N2
3.416893e-09    HCN + M <=> CN + H + M
3.385095e+08    HCN + O <=> H + NCO
8.454399e+07    HCN + O <=> CO + NH
4.100706e+06    HCN + O <=> CN + OH
7.197304e+06    HCN + OH <=> H + HOCN
2.734176e+06    HCN + OH <=> H + HNCO
2.803709e+05    HCN + OH <=> CO + NH2
1.158237e+08    H + HCN (+M) <=> H2CN (+M)
5.073443e+10    H2CN + N <=> CH2 + N2
2.618918e+02    C + N2 <=> CN + N
3.449323e+05    CH + N2 <=> HCN + N
6.928583e+07    CH + N2 (+M) <=> HCNN (+M)
3.334491e-04    CH2 + N2 <=> HCN + NH
1.452515e-04    CH2(S) + N2 <=> HCN + NH
1.900000e+10    C + NO <=> CN + O
2.900000e+10    C + NO <=> CO + N
4.100000e+10    CH + NO <=> HCN + O
1.620000e+10    CH + NO <=> H + NCO
2.460000e+10    CH + NO <=> HCO + N
1.025174e+10    CH2 + NO <=> H + HNCO
1.582526e+09    CH2 + NO <=> HCN + OH
2.320855e+09    CH2 + NO <=> H + HCNO
1.025174e+10    CH2(S) + NO <=> H + HNCO
1.582526e+09    CH2(S) + NO <=> HCN + OH
2.320855e+09    CH2(S) + NO <=> H + HCNO
5.459841e+05    CH3 + NO <=> H2O + HCN
1.093612e+05    CH3 + NO <=> H2CN + OH
2.200000e+10    HCNN + O <=> CO + H + N2
2.000000e+09    HCNN + O <=> HCN + NO
1.200000e+10    HCNN + O2 <=> HCO + N2 + O
1.200000e+10    HCNN + OH <=> H + HCO + N2
1.000000e+11    H + HCNN <=> CH2 + N2
6.093141e+07    HNCO + O <=> CO2 + NH
9.932808e+01    HNCO + O <=> CO + HNO
5.798467e+07    HNCO + O <=> NCO + OH
7.847476e+08    H + HNCO <=> CO + NH2
1.981208e+07    H + HNCO <=> H2 + NCO
3.031443e+08    HNCO + OH <=> H2O + NCO
3.031443e+07    HNCO + OH <=> CO2 + NH2
2.382402e-04    HNCO + M <=> CO + NH + M
4.770224e+09    H + HCNO <=> H + HNCO
3.976669e+08    H + HCNO <=> HCN + OH
2.481605e+08    H + HCNO <=> CO + NH2
1.244945e+10    H + HOCN <=> H + HNCO
9.000000e+09    HCCO + NO <=> CO + HCNO
5.997476e+10    CH3 + N <=> H + H2CN
1.112935e+10    CH3 + N <=> H2 + HCN
2.073466e+08    H + NH3 <=> H2 + NH2
2.829660e+09    NH3 + OH <=> H2O + NH2
5.891642e+08    NH3 + O <=> NH2 + OH
2.435345e+07    CO2 + NH <=> CO + HNO
2.577535e+10    CN + NO2 <=> NCO + NO
4.367962e+09    NCO + NO2 <=> CO2 + N2O
2.625134e+07    CO2 + N <=> CO + NO
3.370000e+10    CH3 + O => CO + H + H2
2.635784e+09    C2H4 + O <=> CH2CHO + H
1.096000e+11    C2H5 + O <=> CH3CHO + H
3.489870e+09    HO2 + OH <=> H2O + O2
5.785000e+08    CH3 + OH => CH2O + H2
2.307831e+09    CH + H2 (+M) <=> CH3 (+M)
3.092048e+09    CH2 + O2 => CO2 + 2 H
1.279468e+09    CH2 + O2 <=> CH2O + O
1.993884e+09    2 CH2 => C2H2 + 2 H
5.941048e+08    CH2(S) + H2O => CH2O + H2
2.357229e+09    C2H3 + O2 <=> CH2CHO + O
1.424124e+08    C2H3 + O2 <=> C2H2 + HO2
1.368068e+09    CH3CHO + O <=> CH2CHO + OH
1.368068e+09    CH3CHO + O => CH3 + CO + OH
2.231108e+03    CH3CHO + O2 => CH3 + CO + HO2
2.789989e+09    CH3CHO + H <=> CH2CHO + H2
2.789989e+09    CH3CHO + H => CH3 + CO + H2
6.611127e+09    CH3CHO + OH => CH3 + CO + H2O
2.028314e+07    CH3CHO + HO2 => CH3 + CO + H2O2
6.405633e+07    CH3 + CH3CHO => CH3 + CH4 + CO
3.313987e+09    CH2CO + H (+M) <=> CH2CHO (+M)
1.500000e+11    CH2CHO + O => CH2 + CO2 + H
1.810000e+07    CH2CHO + O2 => CH2O + CO + OH
2.350000e+07    CH2CHO + O2 => 2 HCO + OH
2.200000e+10    CH2CHO + H <=> CH3 + HCO
1.100000e+10    CH2CHO + H <=> CH2CO + H2
1.200000e+10    CH2CHO + OH <=> CH2CO + H2O
3.010000e+10    CH2CHO + OH <=> CH2OH + HCO
6.456717e+09    C2H5 + CH3 (+M) <=> C3H8 (+M)
7.261069e+09    C3H8 + O <=> C3H7 + OH
5.143791e+09    C3H8 + H <=> C3H7 + H2
7.449242e+09    C3H8 + OH <=> C3H7 + H2O
4.782808e+07    C3H7 + H2O2 <=> C3H8 + HO2
7.794784e+06    C3H8 + CH3 <=> C3H7 + CH4
3.917384e+06    C2H4 + CH3 (+M) <=> C3H7 (+M)
9.640000e+10    C3H7 + O <=> C2H5 + CH2O
4.743903e+09    C3H7 + H (+M) <=> C3H8 (+M)
1.548264e+10    C3H7 + H <=> C2H5 + CH3
2.410000e+10    C3H7 + OH <=> C2H5 + CH2OH
2.309254e+08    C3H7 + HO2 <=> C3H8 + O2
2.410000e+10    C3H7 + HO2 => C2H5 + CH2O + OH
1.993167e+09    C3H7 + CH3 <=> 2 C2H5
