#Reverse rate constants of reactions

3.459996e-11    2 O + M <=> O2 + M
9.153890e-09    H + O + M <=> OH + M
5.910542e+08    H2 + O <=> H + OH
4.916326e+00    HO2 + O <=> O2 + OH
8.166568e+05    H2O2 + O <=> HO2 + OH
1.769821e-20    CH + O <=> CO + H
1.386942e-05    CH2 + O <=> H + HCO
8.126341e-24    CH2(S) + O <=> CO + H2
2.892645e-08    CH2(S) + O <=> H + HCO
2.541665e-01    CH3 + O <=> CH2O + H
6.181023e+07    CH4 + O <=> CH3 + OH
2.142105e-11    CO + O (+M) <=> CO2 (+M)
8.628335e-06    HCO + O <=> CO + OH
9.460869e-08    HCO + O <=> CO2 + H
6.217706e+05    CH2O + O <=> HCO + OH
1.334367e-03    CH2OH + O <=> CH2O + OH
5.633308e-06    CH3O + O <=> CH2O + OH
1.141849e+07    CH3OH + O <=> CH2OH + OH
4.085088e+08    CH3OH + O <=> CH3O + OH
2.051415e-04    C2H + O <=> CH + CO
2.029722e+06    C2H2 + O <=> H + HCCO
6.304275e+10    C2H2 + O <=> C2H + OH
6.486161e-01    C2H2 + O <=> CH2 + CO
5.645953e-05    C2H3 + O <=> CH2CO + H
6.009071e+02    C2H4 + O <=> CH3 + HCO
7.636087e-05    C2H5 + O <=> CH2O + CH3
2.157239e+07    C2H6 + O <=> C2H5 + OH
7.654652e-12    HCCO + O <=> 2 CO + H
5.621807e+07    CH2CO + O <=> HCCO + OH
1.090309e+00    CH2CO + O <=> CH2 + CO2
3.429975e+00    CO + O2 <=> CO2 + O
1.485303e+09    CH2O + O2 <=> HCO + HO2
3.606981e+01    H + O2 + M <=> HO2 + M
5.207652e+03    H + 2 O2 <=> HO2 + O2
8.474693e+04    H + H2O + O2 <=> H2O + HO2
6.509565e+03    H + N2 + O2 <=> HO2 + N2
3.967495e+03    AR + H + O2 <=> AR + HO2
1.140913e+10    H + O2 <=> O + OH
1.788257e-08    2 H + M <=> H2 + M
5.057105e-07    2 H + H2 <=> 2 H2
3.360028e-06    2 H + H2O <=> H2 + H2O
1.510666e-07    CO2 + 2 H <=> CO2 + H2
2.618234e-09    H + OH + M <=> H2O + M
3.648132e-01    H + HO2 <=> H2O + O
6.873491e+00    H + HO2 <=> H2 + O2
1.004580e+03    H + HO2 <=> 2 OH
6.059648e+05    H + H2O2 <=> H2 + HO2
8.479741e-05    H + H2O2 <=> H2O + OH
2.543086e+07    CH + H <=> C + H2
1.363354e-06    CH2 + H (+M) <=> CH3 (+M)
5.234445e+07    CH2(S) + H <=> CH + H2
3.578278e-04    CH3 + H (+M) <=> CH4 (+M)
3.575597e+07    CH4 + H <=> CH3 + H2
5.793424e-03    H + HCO (+M) <=> CH2O (+M)
2.062035e-05    H + HCO <=> CO + H2
6.316259e+05    CH2O + H (+M) <=> CH2OH (+M)
1.030479e+07    CH2O + H (+M) <=> CH3O (+M)
8.852150e+05    CH2O + H <=> H2 + HCO
2.006032e-04    CH2OH + H (+M) <=> CH3OH (+M)
2.606750e-03    CH2OH + H <=> CH2O + H2
4.954291e+08    CH2OH + H <=> CH3 + OH
5.094844e+08    CH2OH + H <=> CH2(S) + H2O
6.103793e-07    CH3O + H (+M) <=> CH3OH (+M)
8.169597e+06    CH3O + H <=> CH2OH + H
1.100494e-05    CH3O + H <=> CH2O + H2
6.102543e+06    CH3O + H <=> CH3 + OH
5.250318e+06    CH3O + H <=> CH2(S) + H2O
1.364561e+07    CH3OH + H <=> CH2OH + H2
7.985550e+08    CH3OH + H <=> CH3O + H2
1.080399e-09    C2H + H (+M) <=> C2H2 (+M)
1.438081e+05    C2H2 + H (+M) <=> C2H3 (+M)
8.425103e-06    C2H3 + H (+M) <=> C2H4 (+M)
3.833598e-02    C2H3 + H <=> C2H2 + H2
2.003626e+05    C2H4 + H (+M) <=> C2H5 (+M)
1.791968e+08    C2H4 + H <=> C2H3 + H2
5.117005e-03    C2H5 + H (+M) <=> C2H6 (+M)
3.834065e-03    C2H5 + H <=> C2H4 + H2
1.082498e+07    C2H6 + H <=> C2H5 + H2
5.588430e+06    H + HCCO <=> CH2(S) + CO
2.745618e+08    CH2CO + H <=> H2 + HCCO
1.317843e+02    CH2CO + H <=> CH3 + CO
2.299247e+04    H + HCCOH <=> CH2CO + H
2.033141e-02    CO + H2 (+M) <=> CH2O (+M)
1.826748e+07    H2 + OH <=> H + H2O
1.875189e+04    2 OH (+M) <=> H2O2 (+M)
1.656191e+07    2 OH <=> H2O + O
3.429024e-02    HO2 + OH <=> H2O + O2
4.110846e+03    H2O2 + OH <=> H2O + HO2
1.840479e+04    H2O2 + OH <=> H2O + HO2
9.838784e-17    C + OH <=> CO + H
3.238694e-05    CH + OH <=> H + HCO
4.928599e-02    CH2 + OH <=> CH2O + H
5.793329e+06    CH2 + OH <=> CH + H2O
8.223381e-04    CH2(S) + OH <=> CH2O + H
5.718990e-02    CH3 + OH (+M) <=> CH3OH (+M)
7.747947e+06    CH3 + OH <=> CH2 + H2O
3.800907e+10    CH3 + OH <=> CH2(S) + H2O
9.561674e+05    CH4 + OH <=> CH3 + H2O
3.062648e+06    CO + OH <=> CO2 + H
1.121778e-07    HCO + OH <=> CO + H2O
9.762076e+03    CH2O + OH <=> H2O + HCO
5.204470e-06    CH2OH + OH <=> CH2O + H2O
2.197176e-08    CH3O + OH <=> CH2O + H2O
4.980094e+04    CH3OH + OH <=> CH2OH + H2O
1.934477e+07    CH3OH + OH <=> CH3O + H2O
8.219934e+02    C2H + OH <=> H + HCCO
3.426244e+04    C2H2 + OH <=> CH2CO + H
1.325105e+10    C2H2 + OH <=> H + HCCOH
6.016707e+09    C2H2 + OH <=> C2H + H2O
1.636576e-04    C2H2 + OH <=> CH3 + CO
5.102610e-05    C2H3 + OH <=> C2H2 + H2O
5.390742e+06    C2H4 + OH <=> C2H3 + H2O
2.067364e+05    C2H6 + OH <=> C2H5 + H2O
4.071888e+06    CH2CO + OH <=> H2O + HCCO
2.008519e+02    2 HO2 <=> H2O2 + O2
2.137320e+03    2 HO2 <=> H2O2 + O2
7.692642e-10    CH2 + HO2 <=> CH2O + OH
4.578043e+00    CH3 + HO2 <=> CH4 + O2
5.260756e+06    CH3 + HO2 <=> CH3O + OH
1.292369e-03    CO + HO2 <=> CO2 + OH
1.174451e+07    CH2O + HO2 <=> H2O2 + HCO
5.691660e-15    C + O2 <=> CO + O
3.851036e-03    C + CH2 <=> C2H + H
1.392899e-06    C + CH3 <=> C2H2 + H
4.599520e-03    CH + O2 <=> HCO + O
1.868585e+11    CH + H2 <=> CH2 + H
1.541630e+01    CH + H2O <=> CH2O + H
8.626176e-11    CH + CH2 <=> C2H2 + H
1.008005e+02    CH + CH3 <=> C2H3 + H
2.846219e+01    CH + CH4 <=> C2H4 + H
3.909281e+00    CH + CO (+M) <=> HCCO (+M)
2.488513e-05    CH + CO2 <=> CO + HCO
1.477996e-01    CH + CH2O <=> CH2CO + H
6.702762e-17    CH + HCCO <=> C2H2 + CO
0.000000e+00    CH2 + O2 => CO + H + OH
1.743924e+07    CH2 + H2 <=> CH3 + H
3.615232e-12    2 CH2 <=> C2H2 + H2
5.675000e+01    CH2 + CH3 <=> C2H4 + H
2.909454e+06    CH2 + CH4 <=> 2 CH3
1.130991e+00    CH2 + CO (+M) <=> CH2CO (+M)
4.936664e-06    CH2 + HCCO <=> C2H3 + CO
1.297341e+08    CH2(S) + N2 <=> CH2 + N2
7.784046e+07    AR + CH2(S) <=> AR + CH2
2.435202e-06    CH2(S) + O2 <=> CO + H + OH
3.296579e-24    CH2(S) + O2 <=> CO + H2O
3.910796e+08    CH2(S) + H2 <=> CH3 + H
5.732021e-02    CH2(S) + H2O (+M) <=> CH3OH (+M)
3.337005e+08    CH2(S) + H2O <=> CH2 + H2O
2.405093e-01    CH2(S) + CH3 <=> C2H4 + H
5.954169e+06    CH2(S) + CH4 <=> 2 CH3
1.001102e+08    CH2(S) + CO <=> CH2 + CO
7.786346e+07    CH2(S) + CO2 <=> CH2 + CO2
3.499880e-02    CH2(S) + CO2 <=> CH2O + CO
8.791269e+05    C2H6 + CH2(S) <=> C2H5 + CH3
5.666839e+10    CH3 + O2 <=> CH3O + O
1.470715e-04    CH3 + O2 <=> CH2O + OH
6.606336e+05    CH3 + H2O2 <=> CH4 + HO2
1.461449e+00    2 CH3 (+M) <=> C2H6 (+M)
2.403446e+11    2 CH3 <=> C2H5 + H
1.418381e-04    CH3 + HCO <=> CH4 + CO
1.673983e+05    CH2O + CH3 <=> CH4 + HCO
7.781741e+05    CH3 + CH3OH <=> CH2OH + CH4
6.144226e+07    CH3 + CH3OH <=> CH3O + CH4
4.887621e+07    C2H4 + CH3 <=> C2H3 + CH4
1.041621e+06    C2H6 + CH3 <=> C2H5 + CH4
7.116738e+08    H2O + HCO <=> CO + H + H2O
4.813647e+06    HCO + M <=> CO + H + M
1.330666e+04    HCO + O2 <=> CO + HO2
6.699277e+06    CH2OH + O2 <=> CH2O + HO2
1.087081e+03    CH3O + O2 <=> CH2O + HO2
3.859890e-18    C2H + O2 <=> CO + HCO
2.641906e+06    C2H + H2 <=> C2H2 + H
1.609040e-07    C2H3 + O2 <=> CH2O + HCO
2.307138e+01    C2H4 (+M) <=> C2H2 + H2 (+M)
1.320639e+06    C2H5 + O2 <=> C2H4 + HO2
1.087140e-11    HCCO + O2 <=> 2 CO + OH
3.304874e-09    2 HCCO <=> C2H2 + 2 CO
1.894540e-03    N + NO <=> N2 + O
2.465181e+02    N + O2 <=> NO + O
1.569258e+02    N + OH <=> H + NO
1.447801e-08    N2O + O <=> N2 + O2
7.261444e-03    N2O + O <=> 2 NO
8.616186e-06    H + N2O <=> N2 + OH
1.143557e+00    N2O + OH <=> HO2 + N2
1.887204e+02    N2O (+M) <=> N2 + O (+M)
6.842128e+08    HO2 + NO <=> NO2 + OH
1.801423e+00    NO + O + M <=> NO2 + M
3.998469e+00    NO2 + O <=> NO + O2
6.681466e+03    H + NO2 <=> NO + OH
3.412989e-02    NH + O <=> H + NO
4.231043e+06    H + NH <=> H2 + N
5.043395e+08    NH + OH <=> H + HNO
1.201661e+04    NH + OH <=> H2O + N
6.961613e+07    NH + O2 <=> HNO + O
2.764305e-03    NH + O2 <=> NO + OH
1.042220e-15    N + NH <=> H + N2
1.896736e+08    H2O + NH <=> H2 + HNO
5.353508e-08    NH + NO <=> N2 + OH
3.111752e+06    NH + NO <=> H + N2O
1.027703e+07    NH2 + O <=> NH + OH
3.369024e+06    NH2 + O <=> H + HNO
2.896398e+07    H + NH2 <=> H2 + NH
1.212462e+05    NH2 + OH <=> H2O + NH
3.136873e+04    NNH <=> H + N2  
3.807988e+04    NNH + M <=> H + N2 + M
7.829181e-01    NNH + O2 <=> HO2 + N2
9.622701e-10    NNH + O <=> N2 + OH
2.128426e+08    NNH + O <=> NH + NO
1.879841e-09    H + NNH <=> H2 + N2
6.005073e-12    NNH + OH <=> H2O + N2
1.792116e-08    CH3 + NNH <=> CH4 + N2
1.838332e+03    H + NO + M <=> HNO + M
8.459057e-01    HNO + O <=> NO + OH
3.717313e+00    H + HNO <=> H2 + NO
3.621730e-03    HNO + OH <=> H2O + NO
5.904667e+06    HNO + O2 <=> HO2 + NO
2.498851e-03    CN + O <=> CO + N
6.536436e+06    CN + OH <=> H + NCO
3.233721e+07    CN + H2O <=> HCN + OH
7.661681e+07    CN + O2 <=> NCO + O
2.974668e+06    CN + H2 <=> H + HCN
2.561582e-08    NCO + O <=> CO + NO
6.898572e+04    H + NCO <=> CO + NH
6.729866e+06    NCO + OH <=> CO + H + NO
1.775266e-21    N + NCO <=> CO + N2
3.457732e-13    NCO + O2 <=> CO2 + NO
1.182353e+06    NCO + M <=> CO + N + M
7.697284e-01    NCO + NO <=> CO + N2O
3.345723e-16    NCO + NO <=> CO2 + N2
1.171897e+10    HCN + M <=> CN + H + M
7.682166e+07    HCN + O <=> H + NCO
2.451100e+01    HCN + O <=> CO + NH
5.694957e+09    HCN + O <=> CN + OH
6.418740e+09    HCN + OH <=> H + HOCN
6.128169e+04    HCN + OH <=> H + HNCO
2.372820e+01    HCN + OH <=> CO + NH2
8.866662e+06    H + HCN (+M) <=> H2CN (+M)
1.084143e-04    H2CN + N <=> CH2 + N2
3.552865e+10    C + N2 <=> CN + N
5.316697e+06    CH + N2 <=> HCN + N
3.089740e+06    CH + N2 (+M) <=> HCNN (+M)
5.309503e+00    CH2 + N2 <=> HCN + NH
2.572649e-02    CH2(S) + N2 <=> HCN + NH
2.098957e+05    C + NO <=> CN + O
1.039675e-08    C + NO <=> CO + N
5.146180e-02    CH + NO <=> HCN + O
4.614546e-03    CH + NO <=> H + NCO
4.838515e+03    CH + NO <=> HCO + N
4.631510e-05    CH2 + NO <=> H + HNCO
3.189859e-04    CH2 + NO <=> HCN + OH
2.786128e+07    CH2 + NO <=> H + HCNO
5.151791e-07    CH2(S) + NO <=> H + HNCO
3.548192e-06    CH2(S) + NO <=> HCN + OH
3.099108e+05    CH2(S) + NO <=> H + HCNO
1.749873e-09    CH3 + NO <=> H2O + HCN
8.494684e+06    CH3 + NO <=> H2CN + OH
1.531791e-19    HCNN + O <=> CO + H + N2
1.536406e-12    HCNN + O <=> HCN + NO
1.844564e-02    HCNN + O2 <=> HCO + N2 + O
2.905041e-04    HCNN + OH <=> H + HCO + N2
5.654274e-03    H + HCNN <=> CH2 + N2
8.642101e+00    HNCO + O <=> CO2 + NH
3.239956e-05    HNCO + O <=> CO + HNO
5.871131e+08    HNCO + O <=> NCO + OH
2.963177e+06    H + HNCO <=> CO + NH2
1.959444e+08    H + HNCO <=> H2 + NCO
2.394359e+07    HNCO + OH <=> H2O + NCO
1.255108e+03    HNCO + OH <=> CO2 + NH2
7.610533e+06    HNCO + M <=> CO + NH + M
1.795191e-03    H + HCNO <=> H + HNCO
6.677088e-03    H + HCNO <=> HCN + OH
3.526404e-07    H + HCNO <=> CO + NH2
3.128776e+05    H + HOCN <=> H + HNCO
6.716160e+01    HCCO + NO <=> CO + HCNO
2.556960e+04    CH3 + N <=> H + H2CN
2.451494e-11    CH3 + N <=> H2 + HCN
1.430154e+08    H + NH3 <=> H2 + NH2
1.558681e+07    NH3 + OH <=> H2O + NH2
4.160334e+08    NH3 + O <=> NH2 + OH
5.600792e+07    CO2 + NH <=> CO + HNO
2.479403e-01    CN + NO2 <=> NCO + NO
7.461968e-10    NCO + NO2 <=> CO2 + N2O
1.314072e+01    CO2 + N <=> CO + NO
0.000000e+00    CH3 + O => CO + H + H2
3.058099e+06    C2H4 + O <=> CH2CHO + H
4.738066e-02    C2H5 + O <=> CH3CHO + H
6.691927e-03    HO2 + OH <=> H2O + O2
0.000000e+00    CH3 + OH => CH2O + H2
2.922738e-06    CH + H2 (+M) <=> CH3 (+M)
0.000000e+00    CH2 + O2 => CO2 + 2 H
2.002001e-01    CH2 + O2 <=> CH2O + O
0.000000e+00    2 CH2 => C2H2 + 2 H
0.000000e+00    CH2(S) + H2O => CH2O + H2
4.565934e+08    C2H3 + O2 <=> CH2CHO + O
7.579284e+05    C2H3 + O2 <=> C2H2 + HO2
7.205996e+06    CH3CHO + O <=> CH2CHO + OH
0.000000e+00    CH3CHO + O => CH3 + CO + OH
0.000000e+00    CH3CHO + O2 => CH3 + CO + HO2
1.435434e+07    CH3CHO + H <=> CH2CHO + H2
0.000000e+00    CH3CHO + H => CH3 + CO + H2
0.000000e+00    CH3CHO + OH => CH3 + CO + H2O
0.000000e+00    CH3CHO + HO2 => CH3 + CO + H2O2
0.000000e+00    CH3 + CH3CHO => CH3 + CH4 + CO
2.175180e+06    CH2CO + H (+M) <=> CH2CHO (+M)
0.000000e+00    CH2CHO + O => CH2 + CO2 + H
0.000000e+00    CH2CHO + O2 => CH2O + CO + OH
0.000000e+00    CH2CHO + O2 => 2 HCO + OH
2.317092e+06    CH2CHO + H <=> CH3 + HCO
6.628519e-03    CH2CHO + H <=> CH2CO + H2
5.774869e-05    CH2CHO + OH <=> CH2CO + H2O
1.193383e+08    CH2CHO + OH <=> CH2OH + HCO
6.550967e+00    C2H5 + CH3 (+M) <=> C3H8 (+M)
2.373270e+07    C3H8 + O <=> C3H7 + OH
1.642193e+07    C3H8 + H <=> C3H7 + H2
1.899284e+05    C3H8 + OH <=> C3H7 + H2O
4.611817e+06    C3H7 + H2O2 <=> C3H8 + HO2
4.744821e+05    C3H8 + CH3 <=> C3H7 + CH4
6.619133e+06    C2H4 + CH3 (+M) <=> C3H7 (+M)
5.912602e-05    C3H7 + O <=> C2H5 + CH2O
5.877102e-04    C3H7 + H (+M) <=> C3H8 (+M)
1.890509e+06    C3H7 + H <=> C2H5 + CH3
1.107754e+08    C3H7 + OH <=> C2H5 + CH2OH
1.736744e+01    C3H7 + HO2 <=> C3H8 + O2
0.000000e+00    C3H7 + HO2 => C2H5 + CH2O + OH
3.586101e+08    C3H7 + CH3 <=> 2 C2H5
