#Dimensionless formation entropies of species (S/R) at Reference Pressure of 1 bar

H2               20.6638
H                17.2785
O                22.9236
O2               30.0701
OH               27.1101
H2O               28.925
HO2              34.5592
H2O2             37.1662
C                22.4992
CH               27.0965
CH2              30.0622
CH2(S)           29.2388
CH3               31.542
CH4              31.5611
CO               28.9474
CO2               33.601
HCO              33.9245
CH2O             34.5294
CH2OH            40.0857
CH3O             37.4143
CH3OH            40.2565
C2H              33.6413
C2H2             33.8723
C2H3             38.7436
C2H4             38.2671
C2H5             43.3824
C2H6             42.6961
HCCO             39.8841
CH2CO            40.9107
HCCOH            40.9457
N                21.9194
NH               26.8096
NH2              29.8701
NH3              30.9312
NNH              33.9887
NO               30.6455
NO2              36.6118
N2O              34.5436
HNO              33.3902
CN               29.5748
HCN              31.6345
H2CN             35.7718
HCNN             40.4852
HCNO             39.4081
HOCN             38.7297
HNCO             38.8667
NCO               36.198
N2               28.1616
AR               22.0912
C3H7             55.0007
C3H8             54.1583
CH2CHO           45.3272
CH3CHO           46.2321
