#Dimensionless entropies of reactions (S/R) at Reactor & Ref. Pressure (1bar)

-1.416776e+01   -1.577719e+01   2 O + M <=> O2 + M
-1.148256e+01   -1.309200e+01   H + O + M <=> OH + M
8.011962e-01    8.011962e-01    H2 + O <=> H + OH
-3.026255e-01   -3.026255e-01   HO2 + O <=> O2 + OH
1.579502e+00    1.579502e+00    H2O2 + O <=> HO2 + OH
-3.794192e+00   -3.794192e+00   CH + O <=> CO + H
-1.782761e+00   -1.782761e+00   CH2 + O <=> H + HCO
-2.551231e+00   -2.551231e+00   CH2(S) + O <=> CO + H2
-9.594232e-01   -9.594232e-01   CH2(S) + O <=> H + HCO
-2.657778e+00   -2.657778e+00   CH3 + O <=> CH2O + H
4.167404e+00    4.167404e+00    CH4 + O <=> CH3 + OH
-1.666062e+01   -1.827006e+01   CO + O (+M) <=> CO2 (+M)
-7.906116e-01   -7.906116e-01   HCO + O <=> CO + OH
-5.968669e+00   -5.968669e+00   HCO + O <=> CO2 + H
3.581656e+00    3.581656e+00    CH2O + O <=> HCO + OH
-1.369866e+00   -1.369866e+00   CH2OH + O <=> CH2O + OH
1.301592e+00    1.301592e+00    CH3O + O <=> CH2O + OH
4.015742e+00    4.015742e+00    CH3OH + O <=> CH2OH + OH
1.344284e+00    1.344284e+00    CH3OH + O <=> CH3O + OH
-5.210787e-01   -5.210787e-01   C2H + O <=> CH + CO
3.666910e-01    3.666910e-01    C2H2 + O <=> H + HCCO
3.955528e+00    3.955528e+00    C2H2 + O <=> C2H + OH
2.213631e+00    2.213631e+00    C2H2 + O <=> CH2 + CO
-3.478084e+00   -3.478084e+00   C2H3 + O <=> CH2CO + H
4.275774e+00    4.275774e+00    C2H4 + O <=> CH3 + HCO
-2.346637e-01   -2.346637e-01   C2H5 + O <=> CH2O + CH3
4.872870e+00    4.872870e+00    C2H6 + O <=> C2H5 + OH
1.075613e+01    1.236557e+01    HCCO + O <=> 2 CO + H
3.159918e+00    3.159918e+00    CH2CO + O <=> HCCO + OH
-1.711994e-01   -1.711994e-01   CH2CO + O <=> CH2 + CO2
-2.492867e+00   -2.492867e+00   CO + O2 <=> CO2 + O
3.884282e+00    3.884282e+00    CH2O + O2 <=> HCO + HO2
-1.117994e+01   -1.278938e+01   H + O2 + M <=> HO2 + M
-1.117994e+01   -1.278938e+01   H + 2 O2 <=> HO2 + O2
-1.117994e+01   -1.278938e+01   H + H2O + O2 <=> H2O + HO2
-1.117994e+01   -1.278938e+01   H + N2 + O2 <=> HO2 + N2
-1.117994e+01   -1.278938e+01   AR + H + O2 <=> AR + HO2
2.685191e+00    2.685191e+00    H + O2 <=> O + OH
-1.228376e+01   -1.389320e+01   2 H + M <=> H2 + M
-1.228376e+01   -1.389320e+01   2 H + H2 <=> 2 H2
-1.228376e+01   -1.389320e+01   2 H + H2O <=> H2 + H2O
-1.228376e+01   -1.389320e+01   CO2 + 2 H <=> CO2 + H2
-1.385420e+01   -1.546364e+01   H + OH + M <=> H2O + M
1.092510e-02    1.092510e-02    H + HO2 <=> H2O + O
-1.103822e+00   -1.103822e+00   H + HO2 <=> H2 + O2
2.382565e+00    2.382565e+00    H + HO2 <=> 2 OH
7.783059e-01    7.783059e-01    H + H2O2 <=> H2 + HO2
1.590427e+00    1.590427e+00    H + H2O2 <=> H2O + OH
-1.211969e+00   -1.211969e+00   CH + H <=> C + H2
-1.418920e+01   -1.579864e+01   CH2 + H (+M) <=> CH3 (+M)
1.242961e+00    1.242961e+00    CH2(S) + H <=> CH + H2
-1.564997e+01   -1.725941e+01   CH3 + H (+M) <=> CH4 (+M)
3.366208e+00    3.366208e+00    CH4 + H <=> CH3 + H2
-1.506422e+01   -1.667366e+01   H + HCO (+M) <=> CH2O (+M)
-1.591808e+00   -1.591808e+00   H + HCO <=> CO + H2
-1.011270e+01   -1.172214e+01   CH2O + H (+M) <=> CH2OH (+M)
-1.278416e+01   -1.439360e+01   CH2O + H (+M) <=> CH3O (+M)
2.780460e+00    2.780460e+00    CH2O + H <=> H2 + HCO
-1.549831e+01   -1.710775e+01   CH2OH + H (+M) <=> CH3OH (+M)
-2.171062e+00   -2.171062e+00   CH2OH + H <=> CH2O + H2
1.287912e+00    1.287912e+00    CH2OH + H <=> CH3 + OH
7.995731e-01    7.995731e-01    CH2OH + H <=> CH2(S) + H2O
-1.282685e+01   -1.443629e+01   CH3O + H (+M) <=> CH3OH (+M)
2.671458e+00    2.671458e+00    CH3O + H <=> CH2OH + H
5.003961e-01    5.003961e-01    CH3O + H <=> CH2O + H2
3.959370e+00    3.959370e+00    CH3O + H <=> CH3 + OH
3.471031e+00    3.471031e+00    CH3O + H <=> CH2(S) + H2O
3.214546e+00    3.214546e+00    CH3OH + H <=> CH2OH + H2
5.430880e-01    5.430880e-01    CH3OH + H <=> CH3O + H2
-1.543809e+01   -1.704753e+01   C2H + H (+M) <=> C2H2 (+M)
-1.079771e+01   -1.240715e+01   C2H2 + H (+M) <=> C2H3 (+M)
-1.614559e+01   -1.775503e+01   C2H3 + H (+M) <=> C2H4 (+M)
-1.486053e+00   -1.486053e+00   C2H3 + H <=> C2H2 + H2
-1.055378e+01   -1.216322e+01   C2H4 + H (+M) <=> C2H5 (+M)
3.861831e+00    3.861831e+00    C2H4 + H <=> C2H3 + H2
-1.635544e+01   -1.796487e+01   C2H5 + H (+M) <=> C2H6 (+M)
-1.729977e+00   -1.729977e+00   C2H5 + H <=> C2H4 + H2
4.071674e+00    4.071674e+00    C2H6 + H <=> C2H5 + H2
1.023602e+00    1.023602e+00    H + HCCO <=> CH2(S) + CO
2.358722e+00    2.358722e+00    CH2CO + H <=> H2 + HCCO
2.300219e+00    2.300219e+00    CH2CO + H <=> CH3 + CO
-3.496747e-02   -3.496747e-02   H + HCCOH <=> CH2CO + H
-1.347241e+01   -1.508185e+01   CO + H2 (+M) <=> CH2O (+M)
-1.570444e+00   -1.570444e+00   H2 + OH <=> H + H2O
-1.544463e+01   -1.705407e+01   2 OH (+M) <=> H2O2 (+M)
-2.371640e+00   -2.371640e+00   2 OH <=> H2O + O
-2.674266e+00   -2.674266e+00   HO2 + OH <=> H2O + O2
-7.921381e-01   -7.921381e-01   H2O2 + OH <=> H2O + HO2
-7.921381e-01   -7.921381e-01   H2O2 + OH <=> H2O + HO2
-3.383418e+00   -3.383418e+00   C + OH <=> CO + H
-3.003580e+00   -3.003580e+00   CH + OH <=> H + HCO
-5.364418e+00   -5.364418e+00   CH2 + OH <=> CH2O + H
-1.150822e+00   -1.150822e+00   CH2 + OH <=> CH + H2O
-4.541079e+00   -4.541079e+00   CH2(S) + OH <=> CH2O + H
-1.678622e+01   -1.839566e+01   CH3 + OH (+M) <=> CH3OH (+M)
3.349992e-01    3.349992e-01    CH3 + OH <=> CH2 + H2O
-4.883391e-01   -4.883391e-01   CH3 + OH <=> CH2(S) + H2O
1.795764e+00    1.795764e+00    CH4 + OH <=> CH3 + H2O
-5.178058e+00   -5.178058e+00   CO + OH <=> CO2 + H
-3.162252e+00   -3.162252e+00   HCO + OH <=> CO + H2O
1.210016e+00    1.210016e+00    CH2O + OH <=> H2O + HCO
-3.741506e+00   -3.741506e+00   CH2OH + OH <=> CH2O + H2O
-1.070048e+00   -1.070048e+00   CH3O + OH <=> CH2O + H2O
1.644102e+00    1.644102e+00    CH3OH + OH <=> CH2OH + H2O
-1.027356e+00   -1.027356e+00   CH3OH + OH <=> CH3O + H2O
-3.588837e+00   -3.588837e+00   C2H + OH <=> H + HCCO
-2.793227e+00   -2.793227e+00   C2H2 + OH <=> CH2CO + H
-2.758260e+00   -2.758260e+00   C2H2 + OH <=> H + HCCOH
1.583888e+00    1.583888e+00    C2H2 + OH <=> C2H + H2O
-4.930083e-01   -4.930083e-01   C2H2 + OH <=> CH3 + CO
-3.056497e+00   -3.056497e+00   C2H3 + OH <=> C2H2 + H2O
2.291387e+00    2.291387e+00    C2H4 + OH <=> C2H3 + H2O
2.501230e+00    2.501230e+00    C2H6 + OH <=> C2H5 + H2O
7.882780e-01    7.882780e-01    CH2CO + OH <=> H2O + HCCO
-1.882128e+00   -1.882128e+00   2 HO2 <=> H2O2 + O2
-1.882128e+00   -1.882128e+00   2 HO2 <=> H2O2 + O2
-2.981852e+00   -2.981852e+00   CH2 + HO2 <=> CH2O + OH
-4.470029e+00   -4.470029e+00   CH3 + HO2 <=> CH4 + O2
-1.576805e+00   -1.576805e+00   CH3 + HO2 <=> CH3O + OH
-2.795492e+00   -2.795492e+00   CO + HO2 <=> CO2 + OH
2.002154e+00    2.002154e+00    CH2O + HO2 <=> H2O2 + HCO
-6.982276e-01   -6.982276e-01   C + O2 <=> CO + O
-1.641521e+00   -1.641521e+00   C + CH2 <=> C2H + H
-2.890410e+00   -2.890410e+00   C + CH3 <=> C2H2 + H
-3.183892e-01   -3.183892e-01   CH + O2 <=> HCO + O
-4.196223e-01   -4.196223e-01   CH + H2 <=> CH2 + H
-4.213596e+00   -4.213596e+00   CH + H2O <=> CH2O + H
-6.007823e+00   -6.007823e+00   CH + CH2 <=> C2H2 + H
-2.616326e+00   -2.616326e+00   CH + CH3 <=> C2H3 + H
-3.111950e+00   -3.111950e+00   CH + CH4 <=> C2H4 + H
-1.455032e+01   -1.615976e+01   CH + CO (+M) <=> HCCO (+M)
2.174478e+00    2.174478e+00    CH + CO2 <=> CO + HCO
-3.436632e+00   -3.436632e+00   CH + CH2O <=> CH2CO + H
-4.160883e+00   -4.160883e+00   CH + HCCO <=> C2H2 + CO
1.159438e+01    1.320382e+01    CH2 + O2 => CO + H + OH
-1.905443e+00   -1.905443e+00   CH2 + H2 <=> CH3 + H
-5.588200e+00   -5.588200e+00   2 CH2 <=> C2H2 + H2
-6.058535e+00   -6.058535e+00   CH2 + CH3 <=> C2H4 + H
1.460764e+00    1.460764e+00    CH2 + CH4 <=> 2 CH3
-1.648942e+01   -1.809886e+01   CH2 + CO (+M) <=> CH2CO (+M)
-2.255207e+00   -2.255207e+00   CH2 + HCCO <=> C2H3 + CO
8.233383e-01    8.233383e-01    CH2(S) + N2 <=> CH2 + N2
8.233383e-01    8.233383e-01    AR + CH2(S) <=> AR + CH2
1.241772e+01    1.402716e+01    CH2(S) + O2 <=> CO + H + OH
-1.436484e+00   -1.436484e+00   CH2(S) + O2 <=> CO + H2O
-1.082105e+00   -1.082105e+00   CH2(S) + H2 <=> CH3 + H
-1.629788e+01   -1.790732e+01   CH2(S) + H2O (+M) <=> CH3OH (+M)
8.233383e-01    8.233383e-01    CH2(S) + H2O <=> CH2 + H2O
-5.235197e+00   -5.235197e+00   CH2(S) + CH3 <=> C2H4 + H
2.284103e+00    2.284103e+00    CH2(S) + CH4 <=> 2 CH3
8.233383e-01    8.233383e-01    CH2(S) + CO <=> CH2 + CO
8.233383e-01    8.233383e-01    CH2(S) + CO2 <=> CH2 + CO2
6.369785e-01    6.369785e-01    CH2(S) + CO2 <=> CH2O + CO
2.989569e+00    2.989569e+00    C2H6 + CH2(S) <=> C2H5 + CH3
-1.274180e+00   -1.274180e+00   CH3 + O2 <=> CH3O + O
2.741272e-02    2.741272e-02    CH3 + O2 <=> CH2O + OH
-2.587902e+00   -2.587902e+00   CH3 + H2O2 <=> CH4 + HO2
-1.877855e+01   -2.038799e+01   2 CH3 (+M) <=> C2H6 (+M)
-2.423114e+00   -2.423114e+00   2 CH3 <=> C2H5 + H
-4.958015e+00   -4.958015e+00   CH3 + HCO <=> CH4 + CO
-5.857477e-01   -5.857477e-01   CH2O + CH3 <=> CH4 + HCO
-1.516613e-01   -1.516613e-01   CH3 + CH3OH <=> CH2OH + CH4
-2.823120e+00   -2.823120e+00   CH3 + CH3OH <=> CH3O + CH4
4.956236e-01    4.956236e-01    C2H4 + CH3 <=> C2H3 + CH4
7.054667e-01    7.054667e-01    C2H6 + CH3 <=> C2H5 + CH4
1.069195e+01    1.230139e+01    H2O + HCO <=> CO + H + H2O
1.069195e+01    1.230139e+01    HCO + M <=> CO + H + M
-4.879861e-01   -4.879861e-01   HCO + O2 <=> CO + HO2
-1.067240e+00   -1.067240e+00   CH2OH + O2 <=> CH2O + HO2
1.604218e+00    1.604218e+00    CH3O + O2 <=> CH2O + HO2
-8.394679e-01   -8.394679e-01   C2H + O2 <=> CO + HCO
-3.154332e+00   -3.154332e+00   C2H + H2 <=> C2H2 + H
-3.598410e-01   -3.598410e-01   C2H3 + O2 <=> CH2O + HCO
1.465954e+01    1.626898e+01    C2H4 (+M) <=> C2H2 + H2 (+M)
-6.261557e-01   -6.261557e-01   C2H5 + O2 <=> C2H4 + HO2
1.344132e+01    1.505076e+01    HCCO + O2 <=> 2 CO + OH
1.038944e+01    1.199888e+01    2 HCCO <=> C2H2 + 2 CO
-1.479655e+00   -1.479655e+00   N + NO <=> N2 + O
1.579693e+00    1.579693e+00    N + O2 <=> NO + O
-1.105498e+00   -1.105498e+00   N + OH <=> H + NO
7.643571e-01    7.643571e-01    N2O + O <=> N2 + O2
3.823705e+00    3.823705e+00    N2O + O <=> 2 NO
3.449548e+00    3.449548e+00    H + N2O <=> N2 + OH
1.066983e+00    1.066983e+00    N2O + OH <=> HO2 + N2
1.493211e+01    1.654155e+01    N2O (+M) <=> N2 + O (+M)
-1.482760e+00   -1.482760e+00   HO2 + NO <=> NO2 + OH
-1.534789e+01   -1.695733e+01   NO + O + M <=> NO2 + M
1.180135e+00    1.180135e+00    NO2 + O <=> NO + O2
3.865326e+00    3.865326e+00    H + NO2 <=> NO + OH
-1.809255e+00   -1.809255e+00   NH + O <=> H + NO
-1.504953e+00   -1.504953e+00   H + NH <=> H2 + N
-3.251021e+00   -3.251021e+00   NH + OH <=> H + HNO
-3.075397e+00   -3.075397e+00   NH + OH <=> H2O + N
-5.658297e-01   -5.658297e-01   NH + O2 <=> HNO + O
8.759355e-01    8.759355e-01    NH + O2 <=> NO + OH
-3.288910e+00   -3.288910e+00   N + NH <=> H + N2
-1.680577e+00   -1.680577e+00   H2O + NH <=> H2 + HNO
-2.183412e+00   -2.183412e+00   NH + NO <=> N2 + OH
-5.632960e+00   -5.632960e+00   NH + NO <=> H + N2O
1.125993e+00    1.125993e+00    NH2 + O <=> NH + OH
-2.125028e+00   -2.125028e+00   NH2 + O <=> H + HNO
3.247963e-01    3.247963e-01    H + NH2 <=> H2 + NH
-1.245648e+00   -1.245648e+00   NH2 + OH <=> H2O + NH
9.841950e+00    1.145139e+01    NNH <=> H + N2
9.841950e+00    1.145139e+01    NNH + M <=> H + N2 + M
-1.337990e+00   -1.337990e+00   NNH + O2 <=> HO2 + N2
-1.640615e+00   -1.640615e+00   NNH + O <=> N2 + OH
5.427970e-01    5.427970e-01    NNH + O <=> NH + NO
-2.441811e+00   -2.441811e+00   H + NNH <=> H2 + N2
-4.012255e+00   -4.012255e+00   NNH + OH <=> H2O + N2
-5.808019e+00   -5.808019e+00   CH3 + NNH <=> CH4 + N2
-1.292433e+01   -1.453377e+01   H + NO + M <=> HNO + M
1.441765e+00    1.441765e+00    HNO + O <=> NO + OH
6.405690e-01    6.405690e-01    H + HNO <=> H2 + NO
-9.298750e-01   -9.298750e-01   HNO + OH <=> H2O + NO
1.744391e+00    1.744391e+00    HNO + O2 <=> HO2 + NO
-1.631697e+00   -1.631697e+00   CN + O <=> CO + N
-3.208486e+00   -3.208486e+00   CN + OH <=> H + NCO
2.447833e-01    2.447833e-01    CN + H2O <=> HCN + OH
-5.232950e-01   -5.232950e-01   CN + O2 <=> NCO + O
-1.325661e+00   -1.325661e+00   CN + H2 <=> H + HCN
4.712907e-01    4.712907e-01    NCO + O <=> CO + NO
2.280546e+00    2.280546e+00    H + NCO <=> CO + NH
1.195386e+01    1.356329e+01    NCO + OH <=> CO + H + NO
-1.008364e+00   -1.008364e+00   N + NCO <=> CO + N2
-2.021576e+00   -2.021576e+00   NCO + O2 <=> CO2 + NO
1.305935e+01    1.466879e+01    NCO + M <=> CO + N + M
-3.352414e+00   -3.352414e+00   NCO + NO <=> CO + N2O
-5.080924e+00   -5.080924e+00   NCO + NO <=> CO2 + N2
1.360942e+01    1.521886e+01    HCN + M <=> CN + H + M
-1.081629e+00   -1.081629e+00   HCN + O <=> H + NCO
1.198917e+00    1.198917e+00    HCN + O <=> CO + NH
2.126857e+00    2.126857e+00    HCN + O <=> CN + OH
-2.736397e+00   -2.736397e+00   HCN + OH <=> H + HOCN
-2.599391e+00   -2.599391e+00   HCN + OH <=> H + HNCO
7.292448e-02    7.292448e-02    HCN + OH <=> CO + NH2
-1.153171e+01   -1.314115e+01   H + HCN (+M) <=> H2CN (+M)
5.325221e-01    5.325221e-01    H2CN + N <=> CH2 + N2
8.334318e-01    8.334318e-01    C + N2 <=> CN + N
-1.704198e+00   -1.704198e+00   CH + N2 <=> HCN + N
-1.316337e+01   -1.477281e+01   CH + N2 (+M) <=> HCNN (+M)
2.203774e-01    2.203774e-01    CH2 + N2 <=> HCN + NH
1.043716e+00    1.043716e+00    CH2(S) + N2 <=> HCN + NH
-6.462232e-01   -6.462232e-01   C + NO <=> CN + O
-2.277920e+00   -2.277920e+00   C + NO <=> CO + N
-3.183853e+00   -3.183853e+00   CH + NO <=> HCN + O
-4.265482e+00   -4.265482e+00   CH + NO <=> H + NCO
-1.898082e+00   -1.898082e+00   CH + NO <=> HCO + N
-4.562426e+00   -4.562426e+00   CH2 + NO <=> H + HNCO
-1.963035e+00   -1.963035e+00   CH2 + NO <=> HCN + OH
-4.021005e+00   -4.021005e+00   CH2 + NO <=> H + HCNO
-3.739087e+00   -3.739087e+00   CH2(S) + NO <=> H + HNCO
-1.139696e+00   -1.139696e+00   CH2(S) + NO <=> HCN + OH
-3.197666e+00   -3.197666e+00   CH2(S) + NO <=> H + HCNO
-1.628036e+00   -1.628036e+00   CH3 + NO <=> H2O + HCN
6.944623e-01    6.944623e-01    CH3 + NO <=> H2CN + OH
9.369177e+00    1.097861e+01    HCNN + O <=> CO + H + N2
-1.128893e+00   -1.128893e+00   HCNN + O <=> HCN + NO
1.284498e+01    1.445442e+01    HCNN + O2 <=> HCO + N2 + O
1.015979e+01    1.176923e+01    HCNN + OH <=> H + HCO + N2
4.599853e-01    4.599853e-01    H + HCNN <=> CH2 + N2
-1.379750e+00   -1.379750e+00   HNCO + O <=> CO2 + NH
5.472874e-01    5.472874e-01    HNCO + O <=> CO + HNO
1.517762e+00    1.517762e+00    HNCO + O <=> NCO + OH
2.672315e+00    2.672315e+00    H + HNCO <=> CO + NH2
7.165657e-01    7.165657e-01    H + HNCO <=> H2 + NCO
-8.538783e-01   -8.538783e-01   HNCO + OH <=> H2O + NCO
-2.505742e+00   -2.505742e+00   HNCO + OH <=> CO2 + NH2
1.528087e+01    1.689031e+01    HNCO + M <=> CO + NH + M
-5.414209e-01   -5.414209e-01   H + HCNO <=> H + HNCO
2.057970e+00    2.057970e+00    H + HCNO <=> HCN + OH
2.130894e+00    2.130894e+00    H + HCNO <=> CO + NH2
1.370057e-01    1.370057e-01    H + HOCN <=> H + HNCO
-2.174065e+00   -2.174065e+00   HCCO + NO <=> CO + HCNO
-4.110359e-01   -4.110359e-01   CH3 + N <=> H + H2CN
-1.163090e+00   -1.163090e+00   CH3 + N <=> H2 + HCN
2.324288e+00    2.324288e+00    H + NH3 <=> H2 + NH2
7.538438e-01    7.538438e-01    NH3 + OH <=> H2O + NH2
3.125484e+00    3.125484e+00    NH3 + O <=> NH2 + OH
1.927037e+00    1.927037e+00    CO2 + NH <=> CO + HNO
6.568398e-01    6.568398e-01    CN + NO2 <=> NCO + NO
-4.665146e+00   -4.665146e+00   NCO + NO2 <=> CO2 + N2O
4.072560e+00    4.072560e+00    CO2 + N <=> CO + NO
1.081463e+01    1.242407e+01    CH3 + O => CO + H + H2
1.414928e+00    1.414928e+00    C2H4 + O <=> CH2CHO + H
-2.795465e+00   -2.795465e+00   C2H5 + O <=> CH3CHO + H
-2.674266e+00   -2.674266e+00   HO2 + OH <=> H2O + O2
-3.458974e+00   -3.458974e+00   CH3 + OH => CH2O + H2
-1.460883e+01   -1.621826e+01   CH + H2 (+M) <=> CH3 (+M)
6.416325e+00    8.025763e+00    CH2 + O2 => CO2 + 2 H
-2.679227e+00   -2.679227e+00   CH2 + O2 <=> CH2O + O
6.695561e+00    8.304998e+00    2 CH2 => C2H2 + 2 H
-2.970635e+00   -2.970635e+00   CH2(S) + H2O => CH2O + H2
-5.629088e-01   -5.629088e-01   C2H3 + O2 <=> CH2CHO + O
-3.822315e-01   -3.822315e-01   C2H3 + O2 <=> C2H2 + HO2
3.281611e+00    3.281611e+00    CH3CHO + O <=> CH2CHO + OH
1.683441e+01    1.844385e+01    CH3CHO + O => CH3 + CO + OH
1.713704e+01    1.874647e+01    CH3CHO + O2 => CH3 + CO + HO2
2.480415e+00    2.480415e+00    CH3CHO + H <=> CH2CHO + H2
1.603321e+01    1.764265e+01    CH3CHO + H => CH3 + CO + H2
1.446277e+01    1.607221e+01    CH3CHO + OH => CH3 + CO + H2O
1.525491e+01    1.686435e+01    CH3CHO + HO2 => CH3 + CO + H2O2
1.266701e+01    1.427644e+01    CH3 + CH3CHO => CH3 + CH4 + CO
-1.125258e+01   -1.286202e+01   CH2CO + H (+M) <=> CH2CHO (+M)
1.108138e+01    1.269082e+01    CH2CHO + O => CH2 + CO2 + H
1.358021e+01    1.518965e+01    CH2CHO + O2 => CH2O + CO + OH
1.795248e+01    1.956192e+01    CH2CHO + O2 => 2 HCO + OH
2.860846e+00    2.860846e+00    CH2CHO + H <=> CH3 + HCO
-1.031181e+00   -1.031181e+00   CH2CHO + H <=> CH2CO + H2
-2.601625e+00   -2.601625e+00   CH2CHO + OH <=> CH2CO + H2O
1.572934e+00    1.572934e+00    CH2CHO + OH <=> CH2OH + HCO
-1.915668e+01   -2.076612e+01   C2H5 + CH3 (+M) <=> C3H8 (+M)
5.028847e+00    5.028847e+00    C3H8 + O <=> C3H7 + OH
4.227651e+00    4.227651e+00    C3H8 + H <=> C3H7 + H2
2.657207e+00    2.657207e+00    C3H8 + OH <=> C3H7 + H2O
-3.449345e+00   -3.449345e+00   C3H7 + H2O2 <=> C3H8 + HO2
8.614434e-01    8.614434e-01    C3H8 + CH3 <=> C3H7 + CH4
-1.319906e+01   -1.480849e+01   C2H4 + CH3 (+M) <=> C3H7 (+M)
-1.250656e-02   -1.250656e-02   C3H7 + O <=> C2H5 + CH2O
-1.651141e+01   -1.812085e+01   C3H7 + H (+M) <=> C3H8 (+M)
2.645272e+00    2.645272e+00    C3H7 + H <=> C2H5 + CH3
1.357359e+00    1.357359e+00    C3H7 + OH <=> C2H5 + CH2OH
-5.331473e+00   -5.331473e+00   C3H7 + HO2 <=> C3H8 + O2
1.385262e+01    1.546206e+01    C3H7 + HO2 => C2H5 + CH2O + OH
2.221571e-01    2.221571e-01    C3H7 + CH3 <=> 2 C2H5
