z(m),N2(T),N(T),H(T),NH3(T),NH2(T),NH(T),RU(T),N2(S),N(S),H(S),NH3(S),NH2(S),NH(S),RU(S)
0.000000e+00,4.066249e-13,3.571678e-01,2.646952e-06,4.243479e-07,4.174714e-08,9.706375e-07,6.428281e-01,3.069751e-11,4.471382e-01,1.354310e-04,2.139660e-06,1.385273e-02,3.918510e-05,5.388323e-01
1.000000e-10,6.711125e-13,3.571670e-01,4.208160e-06,4.243472e-07,4.174946e-08,1.197460e-06,6.428272e-01,3.074394e-11,4.471381e-01,1.354352e-04,2.139663e-06,1.385272e-02,3.918585e-05,5.388324e-01
1.450000e-10,7.901318e-13,3.571667e-01,4.746009e-06,4.243469e-07,4.175041e-08,1.275602e-06,6.428268e-01,3.076483e-11,4.471381e-01,1.354370e-04,2.139665e-06,1.385271e-02,3.918618e-05,5.388324e-01
1.900000e-10,9.091509e-13,3.571664e-01,5.228823e-06,4.243466e-07,4.175134e-08,1.345748e-06,6.428265e-01,3.078572e-11,4.471381e-01,1.354389e-04,2.139666e-06,1.385271e-02,3.918652e-05,5.388325e-01
2.350000e-10,1.028170e-12,3.571662e-01,5.670677e-06,4.243464e-07,4.175225e-08,1.409943e-06,6.428262e-01,3.080661e-11,4.471380e-01,1.354408e-04,2.139667e-06,1.385270e-02,3.918686e-05,5.388325e-01
2.800000e-10,1.147189e-12,3.571660e-01,6.080504e-06,4.243462e-07,4.175314e-08,1.469485e-06,6.428260e-01,3.082750e-11,4.471380e-01,1.354426e-04,2.139668e-06,1.385270e-02,3.918719e-05,5.388325e-01
3.250000e-10,1.266208e-12,3.571658e-01,6.464402e-06,4.243460e-07,4.175402e-08,1.525260e-06,6.428257e-01,3.084839e-11,4.471380e-01,1.354445e-04,2.139670e-06,1.385269e-02,3.918753e-05,5.388326e-01
3.700000e-10,1.385226e-12,3.571656e-01,6.826744e-06,4.243459e-07,4.175488e-08,1.577903e-06,6.428255e-01,3.086928e-11,4.471379e-01,1.354464e-04,2.139671e-06,1.385269e-02,3.918787e-05,5.388326e-01
4.150000e-10,1.504245e-12,3.571654e-01,7.170800e-06,4.243457e-07,4.175574e-08,1.627890e-06,6.428253e-01,3.089017e-11,4.471379e-01,1.354483e-04,2.139672e-06,1.385268e-02,3.918820e-05,5.388327e-01
4.600000e-10,1.623264e-12,3.571653e-01,7.499087e-06,4.243455e-07,4.175659e-08,1.675585e-06,6.428251e-01,3.091106e-11,4.471378e-01,1.354501e-04,2.139674e-06,1.385268e-02,3.918854e-05,5.388327e-01
5.050000e-10,1.742282e-12,3.571651e-01,7.813593e-06,4.243454e-07,4.175743e-08,1.721278e-06,6.428249e-01,3.093195e-11,4.471378e-01,1.354520e-04,2.139675e-06,1.385267e-02,3.918888e-05,5.388327e-01
5.500000e-10,1.861300e-12,3.571650e-01,8.115920e-06,4.243452e-07,4.175827e-08,1.765202e-06,6.428247e-01,3.095284e-11,4.471378e-01,1.354539e-04,2.139676e-06,1.385267e-02,3.918921e-05,5.388328e-01
5.950000e-10,1.980318e-12,3.571648e-01,8.407382e-06,4.243451e-07,4.175910e-08,1.807547e-06,6.428245e-01,3.097373e-11,4.471377e-01,1.354557e-04,2.139678e-06,1.385266e-02,3.918955e-05,5.388328e-01
6.400000e-10,2.099337e-12,3.571647e-01,8.689072e-06,4.243449e-07,4.175992e-08,1.848473e-06,6.428243e-01,3.099462e-11,4.471377e-01,1.354576e-04,2.139679e-06,1.385266e-02,3.918989e-05,5.388329e-01
6.850000e-10,2.218355e-12,3.571645e-01,8.961912e-06,4.243448e-07,4.176074e-08,1.888113e-06,6.428242e-01,3.101551e-11,4.471377e-01,1.354595e-04,2.139680e-06,1.385265e-02,3.919022e-05,5.388329e-01
7.300000e-10,2.337372e-12,3.571644e-01,9.226687e-06,4.243447e-07,4.176156e-08,1.926581e-06,6.428240e-01,3.103640e-11,4.471376e-01,1.354614e-04,2.139682e-06,1.385265e-02,3.919056e-05,5.388329e-01
7.750000e-10,2.456390e-12,3.571642e-01,9.484073e-06,4.243445e-07,4.176237e-08,1.963975e-06,6.428238e-01,3.105729e-11,4.471376e-01,1.354632e-04,2.139683e-06,1.385264e-02,3.919090e-05,5.388330e-01
8.200000e-10,2.575408e-12,3.571641e-01,9.734656e-06,4.243444e-07,4.176318e-08,2.000381e-06,6.428237e-01,3.107818e-11,4.471375e-01,1.354651e-04,2.139684e-06,1.385264e-02,3.919123e-05,5.388330e-01
8.650000e-10,2.694426e-12,3.571640e-01,9.978947e-06,4.243443e-07,4.176398e-08,2.035873e-06,6.428235e-01,3.109907e-11,4.471375e-01,1.354670e-04,2.139686e-06,1.385263e-02,3.919157e-05,5.388331e-01
9.100000e-10,2.813443e-12,3.571639e-01,1.021740e-05,4.243442e-07,4.176479e-08,2.070517e-06,6.428234e-01,3.111996e-11,4.471375e-01,1.354688e-04,2.139687e-06,1.385263e-02,3.919190e-05,5.388331e-01
9.550000e-10,2.932460e-12,3.571637e-01,1.045041e-05,4.243441e-07,4.176558e-08,2.104370e-06,6.428232e-01,3.114085e-11,4.471374e-01,1.354707e-04,2.139688e-06,1.385262e-02,3.919224e-05,5.388331e-01
1.000000e-09,3.051478e-12,3.571636e-01,1.067834e-05,4.243439e-07,4.176638e-08,2.137485e-06,6.428231e-01,3.116174e-11,4.471374e-01,1.354726e-04,2.139689e-06,1.385262e-02,3.919258e-05,5.388332e-01
1.450000e-09,4.241646e-12,3.571626e-01,1.273517e-05,4.243429e-07,4.177424e-08,2.436312e-06,6.428218e-01,3.137065e-11,4.471370e-01,1.354913e-04,2.139703e-06,1.385256e-02,3.919594e-05,5.388336e-01
1.900000e-09,5.431806e-12,3.571617e-01,1.450325e-05,4.243420e-07,4.178195e-08,2.693188e-06,6.428207e-01,3.157955e-11,4.471367e-01,1.355100e-04,2.139716e-06,1.385251e-02,3.919930e-05,5.388340e-01
2.350000e-09,6.621957e-12,3.571608e-01,1.607794e-05,4.243412e-07,4.178956e-08,2.921966e-06,6.428197e-01,3.178845e-11,4.471363e-01,1.355287e-04,2.139729e-06,1.385246e-02,3.920267e-05,5.388344e-01
2.800000e-09,7.812100e-12,3.571601e-01,1.751162e-05,4.243405e-07,4.179709e-08,3.130259e-06,6.428188e-01,3.199735e-11,4.471359e-01,1.355474e-04,2.139742e-06,1.385241e-02,3.920603e-05,5.388348e-01
3.250000e-09,9.002236e-12,3.571594e-01,1.883649e-05,4.243399e-07,4.180458e-08,3.322742e-06,6.428180e-01,3.220625e-11,4.471355e-01,1.355661e-04,2.139755e-06,1.385236e-02,3.920939e-05,5.388352e-01
3.700000e-09,1.019236e-11,3.571588e-01,2.007409e-05,4.243392e-07,4.181201e-08,3.502546e-06,6.428172e-01,3.241515e-11,4.471352e-01,1.355848e-04,2.139768e-06,1.385231e-02,3.921275e-05,5.388356e-01
4.150000e-09,1.138248e-11,3.571582e-01,2.123970e-05,4.243387e-07,4.181941e-08,3.671890e-06,6.428164e-01,3.262404e-11,4.471348e-01,1.356035e-04,2.139781e-06,1.385226e-02,3.921611e-05,5.388360e-01
4.600000e-09,1.257260e-11,3.571576e-01,2.234457e-05,4.243381e-07,4.182678e-08,3.832411e-06,6.428158e-01,3.283294e-11,4.471344e-01,1.356222e-04,2.139795e-06,1.385220e-02,3.921947e-05,5.388364e-01
5.050000e-09,1.376270e-11,3.571571e-01,2.339731e-05,4.243376e-07,4.183412e-08,3.985358e-06,6.428151e-01,3.304184e-11,4.471340e-01,1.356409e-04,2.139808e-06,1.385215e-02,3.922283e-05,5.388368e-01
5.500000e-09,1.495280e-11,3.571565e-01,2.440469e-05,4.243371e-07,4.184144e-08,4.131713e-06,6.428145e-01,3.325074e-11,4.471337e-01,1.356596e-04,2.139821e-06,1.385210e-02,3.922619e-05,5.388372e-01
5.950000e-09,1.614290e-11,3.571560e-01,2.537209e-05,4.243366e-07,4.184873e-08,4.272262e-06,6.428138e-01,3.345963e-11,4.471333e-01,1.356782e-04,2.139834e-06,1.385205e-02,3.922955e-05,5.388376e-01
6.400000e-09,1.733298e-11,3.571556e-01,2.630392e-05,4.243361e-07,4.185601e-08,4.407642e-06,6.428133e-01,3.366853e-11,4.471329e-01,1.356969e-04,2.139847e-06,1.385200e-02,3.923291e-05,5.388380e-01
6.850000e-09,1.852306e-11,3.571551e-01,2.720385e-05,4.243356e-07,4.186328e-08,4.538387e-06,6.428127e-01,3.387742e-11,4.471325e-01,1.357156e-04,2.139860e-06,1.385195e-02,3.923627e-05,5.388384e-01
7.300000e-09,1.971313e-11,3.571546e-01,2.807494e-05,4.243352e-07,4.187052e-08,4.664942e-06,6.428121e-01,3.408632e-11,4.471322e-01,1.357343e-04,2.139873e-06,1.385190e-02,3.923963e-05,5.388388e-01
7.750000e-09,2.090320e-11,3.571542e-01,2.891981e-05,4.243348e-07,4.187776e-08,4.787688e-06,6.428116e-01,3.429521e-11,4.471318e-01,1.357530e-04,2.139886e-06,1.385185e-02,3.924299e-05,5.388392e-01
8.200000e-09,2.209326e-11,3.571538e-01,2.974069e-05,4.243343e-07,4.188498e-08,4.906948e-06,6.428111e-01,3.450410e-11,4.471314e-01,1.357716e-04,2.139900e-06,1.385180e-02,3.924634e-05,5.388396e-01
8.650000e-09,2.328331e-11,3.571534e-01,3.053936e-05,4.243339e-07,4.189219e-08,5.022982e-06,6.428106e-01,3.471299e-11,4.471310e-01,1.357903e-04,2.139913e-06,1.385174e-02,3.924970e-05,5.388400e-01
9.100000e-09,2.447335e-11,3.571530e-01,3.131800e-05,4.243335e-07,4.189939e-08,5.136105e-06,6.428101e-01,3.492189e-11,4.471307e-01,1.358090e-04,2.139926e-06,1.385169e-02,3.925306e-05,5.388404e-01
9.550000e-09,2.566339e-11,3.571526e-01,3.207765e-05,4.243332e-07,4.190658e-08,5.246470e-06,6.428096e-01,3.513078e-11,4.471303e-01,1.358276e-04,2.139939e-06,1.385164e-02,3.925641e-05,5.388408e-01
1.000000e-08,2.685342e-11,3.571522e-01,3.281941e-05,4.243328e-07,4.191376e-08,5.354234e-06,6.428092e-01,3.533967e-11,4.471299e-01,1.358463e-04,2.139952e-06,1.385159e-02,3.925977e-05,5.388412e-01
1.450000e-08,3.875340e-11,3.571487e-01,3.947916e-05,4.243294e-07,4.198518e-08,6.321781e-06,6.428050e-01,3.742854e-11,4.471262e-01,1.360328e-04,2.140083e-06,1.385108e-02,3.929329e-05,5.388453e-01
1.900000e-08,5.065276e-11,3.571458e-01,4.516723e-05,4.243264e-07,4.205609e-08,7.148155e-06,6.428014e-01,3.951736e-11,4.471224e-01,1.362191e-04,2.140214e-06,1.385057e-02,3.932677e-05,5.388493e-01
2.350000e-08,6.255152e-11,3.571432e-01,5.021452e-05,4.243238e-07,4.212667e-08,7.881432e-06,6.427982e-01,4.160612e-11,4.471187e-01,1.364051e-04,2.140344e-06,1.385007e-02,3.936021e-05,5.388533e-01
2.800000e-08,7.444969e-11,3.571408e-01,5.479874e-05,4.243214e-07,4.219701e-08,8.547432e-06,6.427954e-01,4.369483e-11,4.471150e-01,1.365909e-04,2.140475e-06,1.384956e-02,3.939360e-05,5.388573e-01
3.250000e-08,8.634728e-11,3.571386e-01,5.902779e-05,4.243192e-07,4.226717e-08,9.161829e-06,6.427927e-01,4.578347e-11,4.471113e-01,1.367765e-04,2.140605e-06,1.384906e-02,3.942695e-05,5.388613e-01
3.700000e-08,9.824430e-11,3.571366e-01,6.297325e-05,4.243171e-07,4.233717e-08,9.735025e-06,6.427902e-01,4.787207e-11,4.471076e-01,1.369619e-04,2.140735e-06,1.384856e-02,3.946025e-05,5.388653e-01
4.150000e-08,1.101408e-10,3.571347e-01,6.668549e-05,4.243151e-07,4.240706e-08,1.027434e-05,6.427879e-01,4.996061e-11,4.471039e-01,1.371470e-04,2.140865e-06,1.384806e-02,3.949351e-05,5.388693e-01
4.600000e-08,1.220366e-10,3.571328e-01,7.020153e-05,4.243133e-07,4.247683e-08,1.078514e-05,6.427857e-01,5.204909e-11,4.471002e-01,1.373319e-04,2.140995e-06,1.384756e-02,3.952673e-05,5.388733e-01
5.050000e-08,1.339320e-10,3.571311e-01,7.354949e-05,4.243115e-07,4.254652e-08,1.127153e-05,6.427836e-01,5.413752e-11,4.470965e-01,1.375166e-04,2.141125e-06,1.384706e-02,3.955990e-05,5.388773e-01
5.500000e-08,1.458268e-10,3.571294e-01,7.675139e-05,4.243098e-07,4.261613e-08,1.173670e-05,6.427816e-01,5.622590e-11,4.470928e-01,1.377010e-04,2.141254e-06,1.384657e-02,3.959302e-05,5.388812e-01
5.950000e-08,1.577210e-10,3.571278e-01,7.982481e-05,4.243081e-07,4.268567e-08,1.218320e-05,6.427797e-01,5.831422e-11,4.470891e-01,1.378853e-04,2.141384e-06,1.384607e-02,3.962611e-05,5.388852e-01
6.400000e-08,1.696147e-10,3.571263e-01,8.278406e-05,4.243065e-07,4.275515e-08,1.261311e-05,6.427778e-01,6.040248e-11,4.470854e-01,1.380693e-04,2.141513e-06,1.384558e-02,3.965915e-05,5.388892e-01
6.850000e-08,1.815078e-10,3.571248e-01,8.564096e-05,4.243050e-07,4.282457e-08,1.302815e-05,6.427760e-01,6.249069e-11,4.470817e-01,1.382530e-04,2.141642e-06,1.384509e-02,3.969214e-05,5.388931e-01
7.300000e-08,1.934004e-10,3.571234e-01,8.840546e-05,4.243035e-07,4.289394e-08,1.342977e-05,6.427743e-01,6.457885e-11,4.470780e-01,1.384366e-04,2.141771e-06,1.384460e-02,3.972510e-05,5.388971e-01
7.750000e-08,2.052925e-10,3.571220e-01,9.108596e-05,4.243020e-07,4.296327e-08,1.381918e-05,6.427726e-01,6.666695e-11,4.470743e-01,1.386199e-04,2.141899e-06,1.384411e-02,3.975801e-05,5.389010e-01
8.200000e-08,2.171840e-10,3.571206e-01,9.368968e-05,4.243006e-07,4.303255e-08,1.419744e-05,6.427710e-01,6.875500e-11,4.470707e-01,1.388031e-04,2.142028e-06,1.384363e-02,3.979088e-05,5.389050e-01
8.650000e-08,2.290750e-10,3.571193e-01,9.622284e-05,4.242992e-07,4.310179e-08,1.456544e-05,6.427694e-01,7.084299e-11,4.470670e-01,1.389860e-04,2.142156e-06,1.384314e-02,3.982370e-05,5.389089e-01
9.100000e-08,2.409655e-10,3.571180e-01,9.869089e-05,4.242979e-07,4.317100e-08,1.492399e-05,6.427679e-01,7.293093e-11,4.470634e-01,1.391686e-04,2.142285e-06,1.384266e-02,3.985649e-05,5.389128e-01
9.550000e-08,2.528554e-10,3.571168e-01,1.010986e-04,4.242966e-07,4.324017e-08,1.527377e-05,6.427664e-01,7.501882e-11,4.470597e-01,1.393511e-04,2.142413e-06,1.384218e-02,3.988923e-05,5.389167e-01
1.000000e-07,2.647448e-10,3.571156e-01,1.034501e-04,4.242953e-07,4.330931e-08,1.561539e-05,6.427649e-01,7.710665e-11,4.470560e-01,1.395333e-04,2.142541e-06,1.384170e-02,3.992193e-05,5.389207e-01
1.450000e-07,3.836102e-10,3.571046e-01,1.245423e-04,4.242835e-07,4.399930e-08,1.867951e-05,6.427517e-01,9.798203e-11,4.470197e-01,1.413440e-04,2.143811e-06,1.383697e-02,4.024664e-05,5.389596e-01
1.900000e-07,5.024244e-10,3.570952e-01,1.425393e-04,4.242734e-07,4.468738e-08,2.129395e-05,6.427405e-01,1.188521e-10,4.469838e-01,1.431339e-04,2.145067e-06,1.383240e-02,4.056732e-05,5.389979e-01
2.350000e-07,6.211885e-10,3.570868e-01,1.584988e-04,4.242642e-07,4.537412e-08,2.361234e-05,6.427306e-01,1.397169e-10,4.469483e-01,1.449038e-04,2.146309e-06,1.382795e-02,4.088409e-05,5.390358e-01
2.800000e-07,7.399028e-10,3.570792e-01,1.729860e-04,4.242558e-07,4.605980e-08,2.571684e-05,6.427216e-01,1.605764e-10,4.469132e-01,1.466542e-04,2.147536e-06,1.382365e-02,4.119711e-05,5.390732e-01
3.250000e-07,8.585692e-10,3.570722e-01,1.863452e-04,4.242479e-07,4.674462e-08,2.765743e-05,6.427133e-01,1.814308e-10,4.468784e-01,1.483859e-04,2.148750e-06,1.381946e-02,4.150649e-05,5.391101e-01
3.700000e-07,9.771879e-10,3.570657e-01,1.988035e-04,4.242405e-07,4.742870e-08,2.946714e-05,6.427056e-01,2.022800e-10,4.468439e-01,1.500995e-04,2.149952e-06,1.381541e-02,4.181236e-05,5.391466e-01
4.150000e-07,1.095760e-09,3.570595e-01,2.105211e-04,4.242335e-07,4.811211e-08,3.116922e-05,6.426984e-01,2.231242e-10,4.468098e-01,1.517956e-04,2.151141e-06,1.381147e-02,4.211483e-05,5.391827e-01
4.600000e-07,1.214285e-09,3.570536e-01,2.216157e-04,4.242268e-07,4.879492e-08,3.278079e-05,6.426915e-01,2.439632e-10,4.467760e-01,1.534747e-04,2.152317e-06,1.380764e-02,4.241400e-05,5.392183e-01
5.050000e-07,1.332764e-09,3.570480e-01,2.321762e-04,4.242204e-07,4.947719e-08,3.431477e-05,6.426850e-01,2.647973e-10,4.467426e-01,1.551374e-04,2.153482e-06,1.380392e-02,4.270998e-05,5.392535e-01
5.500000e-07,1.451198e-09,3.570427e-01,2.422736e-04,4.242142e-07,5.015895e-08,3.578144e-05,6.426788e-01,2.856263e-10,4.467094e-01,1.567842e-04,2.154636e-06,1.380031e-02,4.300286e-05,5.392883e-01
5.950000e-07,1.569587e-09,3.570376e-01,2.519626e-04,4.242083e-07,5.084024e-08,3.718879e-05,6.426728e-01,3.064504e-10,4.466765e-01,1.584155e-04,2.155779e-06,1.379681e-02,4.329274e-05,5.393228e-01
6.400000e-07,1.687932e-09,3.570326e-01,2.612891e-04,4.242025e-07,5.152107e-08,3.854345e-05,6.426671e-01,3.272695e-10,4.466439e-01,1.600318e-04,2.156911e-06,1.379340e-02,4.357971e-05,5.393569e-01
6.850000e-07,1.806233e-09,3.570278e-01,2.702906e-04,4.241969e-07,5.220148e-08,3.985090e-05,6.426615e-01,3.480838e-10,4.466116e-01,1.616335e-04,2.158033e-06,1.379009e-02,4.386384e-05,5.393906e-01
7.300000e-07,1.924491e-09,3.570232e-01,2.789986e-04,4.241914e-07,5.288148e-08,4.111570e-05,6.426562e-01,3.688931e-10,4.465796e-01,1.632210e-04,2.159145e-06,1.378688e-02,4.414522e-05,5.394240e-01
7.750000e-07,2.042706e-09,3.570187e-01,2.874398e-04,4.241861e-07,5.356109e-08,4.234173e-05,6.426510e-01,3.896976e-10,4.465478e-01,1.647948e-04,2.160247e-06,1.378375e-02,4.442392e-05,5.394570e-01
8.200000e-07,2.160878e-09,3.570143e-01,2.956371e-04,4.241809e-07,5.424032e-08,4.353233e-05,6.426460e-01,4.104973e-10,4.465163e-01,1.663552e-04,2.161340e-06,1.378072e-02,4.470002e-05,5.394898e-01
8.650000e-07,2.279008e-09,3.570101e-01,3.036103e-04,4.241759e-07,5.491918e-08,4.469036e-05,6.426411e-01,4.312922e-10,4.464850e-01,1.679025e-04,2.162423e-06,1.377777e-02,4.497358e-05,5.395222e-01
9.100000e-07,2.397096e-09,3.570059e-01,3.113766e-04,4.241709e-07,5.559769e-08,4.581833e-05,6.426364e-01,4.520824e-10,4.464540e-01,1.694371e-04,2.163498e-06,1.377490e-02,4.524467e-05,5.395543e-01
9.550000e-07,2.515143e-09,3.570019e-01,3.189513e-04,4.241661e-07,5.627586e-08,4.691844e-05,6.426318e-01,4.728678e-10,4.464232e-01,1.709594e-04,2.164564e-06,1.377211e-02,4.551336e-05,5.395861e-01
1.000000e-06,2.633149e-09,3.569979e-01,3.263475e-04,4.241613e-07,5.695370e-08,4.799264e-05,6.426273e-01,4.936485e-10,4.463926e-01,1.724696e-04,2.165622e-06,1.376940e-02,4.577969e-05,5.396176e-01
1.450000e-06,3.811027e-09,3.569622e-01,3.926086e-04,4.241180e-07,6.371512e-08,5.761546e-05,6.425871e-01,7.012025e-10,4.460983e-01,1.869685e-04,2.175777e-06,1.374618e-02,4.832575e-05,5.399181e-01
1.900000e-06,4.985140e-09,3.569315e-01,4.490270e-04,4.240803e-07,7.044915e-08,6.580792e-05,6.425532e-01,9.083123e-10,4.458215e-01,2.005283e-04,2.185284e-06,1.372888e-02,5.068886e-05,5.401962e-01
2.350000e-06,6.155733e-09,3.569040e-01,4.989652e-04,4.240463e-07,7.715891e-08,7.305856e-05,6.425235e-01,1.114999e-09,4.455591e-01,2.133210e-04,2.194268e-06,1.371625e-02,5.290229e-05,5.404562e-01
2.800000e-06,7.322998e-09,3.568788e-01,5.442175e-04,4.240152e-07,8.384646e-08,7.962806e-05,6.424968e-01,1.321280e-09,4.453085e-01,2.254718e-04,2.202820e-06,1.370743e-02,5.499029e-05,5.407014e-01
3.250000e-06,8.487098e-09,3.568555e-01,5.858766e-04,4.239864e-07,9.051328e-08,8.567523e-05,6.424725e-01,1.527170e-09,4.450680e-01,2.370755e-04,2.211007e-06,1.370176e-02,5.697117e-05,5.409340e-01
3.700000e-06,9.648173e-09,3.568335e-01,6.246668e-04,4.239595e-07,9.716055e-08,9.130527e-05,6.424500e-01,1.732684e-09,4.448361e-01,2.482056e-04,2.218882e-06,1.369873e-02,5.885916e-05,5.411559e-01
4.150000e-06,1.080634e-08,3.568127e-01,6.610973e-04,4.239341e-07,1.037892e-07,9.659220e-05,6.424290e-01,1.937832e-09,4.446118e-01,2.589207e-04,2.226487e-06,1.369795e-02,6.066561e-05,5.413684e-01
4.600000e-06,1.196171e-08,3.567929e-01,6.955411e-04,4.239102e-07,1.104001e-07,1.015902e-04,6.424094e-01,2.142626e-09,4.443941e-01,2.692682e-04,2.233855e-06,1.369911e-02,6.239967e-05,5.415729e-01
5.050000e-06,1.311436e-08,3.567740e-01,7.282852e-04,4.238874e-07,1.169938e-07,1.063410e-04,6.423909e-01,2.347075e-09,4.441824e-01,2.792874e-04,2.241013e-06,1.370194e-02,6.406898e-05,5.417701e-01
5.500000e-06,1.426439e-08,3.567557e-01,7.595530e-04,4.238658e-07,1.235709e-07,1.108770e-04,6.423733e-01,2.551189e-09,4.439760e-01,2.890111e-04,2.247985e-06,1.370623e-02,6.567986e-05,5.419609e-01
5.950000e-06,1.541187e-08,3.567380e-01,7.895148e-04,4.238451e-07,1.301320e-07,1.152230e-04,6.423567e-01,2.754975e-09,4.437743e-01,2.984665e-04,2.254789e-06,1.371180e-02,6.723760e-05,5.421459e-01
6.400000e-06,1.655686e-08,3.567209e-01,8.183227e-04,4.238253e-07,1.366775e-07,1.194011e-04,6.423408e-01,2.958440e-09,4.435771e-01,3.076778e-04,2.261441e-06,1.371852e-02,6.874688e-05,5.423257e-01
6.850000e-06,1.769943e-08,3.567044e-01,8.460935e-04,4.238064e-07,1.432078e-07,1.234283e-04,6.423255e-01,3.161592e-09,4.433838e-01,3.166651e-04,2.267956e-06,1.372624e-02,7.021160e-05,5.425008e-01
7.300000e-06,1.883964e-08,3.566882e-01,8.729291e-04,4.237882e-07,1.497233e-07,1.273194e-04,6.423110e-01,3.364436e-09,4.431942e-01,3.254465e-04,2.274345e-06,1.373486e-02,7.163527e-05,5.426716e-01
7.750000e-06,1.997752e-08,3.566724e-01,8.989129e-04,4.237708e-07,1.562243e-07,1.310864e-04,6.422970e-01,3.566979e-09,4.430080e-01,3.340372e-04,2.280620e-06,1.374429e-02,7.302085e-05,5.428384e-01
8.200000e-06,2.111313e-08,3.566570e-01,9.241187e-04,4.237540e-07,1.627112e-07,1.347402e-04,6.422835e-01,3.769225e-09,4.428249e-01,3.424512e-04,2.286788e-06,1.375443e-02,7.437102e-05,5.430016e-01
8.650000e-06,2.224652e-08,3.566420e-01,9.486093e-04,4.237378e-07,1.691841e-07,1.382898e-04,6.422705e-01,3.971181e-09,4.426447e-01,3.507005e-04,2.292859e-06,1.376523e-02,7.568816e-05,5.431614e-01
9.100000e-06,2.337772e-08,3.566272e-01,9.724396e-04,4.237222e-07,1.756434e-07,1.417433e-04,6.422580e-01,4.172849e-09,4.424673e-01,3.587961e-04,2.298839e-06,1.377661e-02,7.697437e-05,5.433180e-01
9.550000e-06,2.450678e-08,3.566128e-01,9.956580e-04,4.237072e-07,1.820893e-07,1.451076e-04,6.422458e-01,4.374236e-09,4.422924e-01,3.667478e-04,2.304735e-06,1.378852e-02,7.823156e-05,5.434718e-01
1.000000e-05,2.563373e-08,3.565986e-01,1.018307e-03,4.236928e-07,1.885220e-07,1.483890e-04,6.422341e-01,4.575346e-09,4.421199e-01,3.745643e-04,2.310553e-06,1.380092e-02,7.946143e-05,5.436229e-01
1.450000e-05,3.679387e-08,3.564676e-01,1.220204e-03,4.235726e-07,2.521653e-07,1.776170e-04,6.421339e-01,6.571960e-09,4.405009e-01,4.467407e-04,2.365344e-06,1.394332e-02,9.053968e-05,5.450161e-01
1.900000e-05,4.777134e-08,3.563503e-01,1.390657e-03,4.234875e-07,3.146621e-07,2.022553e-04,6.420560e-01,8.544200e-09,4.390230e-01,5.110472e-04,2.415859e-06,1.410386e-02,9.998929e-05,5.462597e-01
2.350000e-05,5.858315e-08,3.562418e-01,1.540385e-03,4.234289e-07,3.761124e-07,2.238627e-04,6.419931e-01,1.049415e-08,4.376429e-01,5.700588e-04,2.463637e-06,1.427070e-02,1.083173e-04,5.474055e-01
2.800000e-05,6.924219e-08,3.561392e-01,1.675124e-03,4.233918e-07,4.365907e-07,2.432736e-04,6.419415e-01,1.242345e-08,4.363371e-01,6.252229e-04,2.509492e-06,1.443820e-02,1.158117e-04,5.484812e-01
3.250000e-05,7.975804e-08,3.560411e-01,1.798362e-03,4.233727e-07,4.961521e-07,2.609961e-04,6.418986e-01,1.433328e-08,4.350909e-01,6.774422e-04,2.553908e-06,1.460346e-02,1.226545e-04,5.495029e-01
3.700000e-05,9.013871e-08,3.559464e-01,1.912418e-03,4.233692e-07,5.548423e-07,2.773674e-04,6.418627e-01,1.622465e-08,4.338950e-01,7.273239e-04,2.597190e-06,1.476495e-02,1.289698e-04,5.504812e-01
4.150000e-05,1.003910e-07,3.558545e-01,2.018921e-03,4.233793e-07,6.127005e-07,2.926254e-04,6.418328e-01,1.809841e-08,4.327423e-01,7.752977e-04,2.639546e-06,1.492185e-02,1.348469e-04,5.514230e-01
4.600000e-05,1.105208e-07,3.557648e-01,2.119068e-03,4.234017e-07,6.697602e-07,3.069445e-04,6.418080e-01,1.995529e-08,4.316280e-01,8.216788e-04,2.681120e-06,1.507376e-02,1.403522e-04,5.523335e-01
5.050000e-05,1.205336e-07,3.556770e-01,2.213777e-03,4.234351e-07,7.260526e-07,3.204587e-04,6.417875e-01,2.179596e-08,4.305481e-01,8.667084e-04,2.722020e-06,1.522052e-02,1.455372e-04,5.532164e-01
5.500000e-05,1.304341e-07,3.555907e-01,2.303763e-03,4.234784e-07,7.816058e-07,3.332724e-04,6.417709e-01,2.362104e-08,4.294996e-01,9.105732e-04,2.762323e-06,1.536214e-02,1.504426e-04,5.540745e-01
5.950000e-05,1.402266e-07,3.555058e-01,2.389596e-03,4.235309e-07,8.364442e-07,3.454691e-04,6.417577e-01,2.543104e-08,4.284799e-01,9.534207e-04,2.802090e-06,1.549871e-02,1.551013e-04,5.549100e-01
6.400000e-05,1.499151e-07,3.554222e-01,2.471743e-03,4.235917e-07,8.905906e-07,3.571169e-04,6.417475e-01,2.722643e-08,4.274870e-01,9.953702e-04,2.841368e-06,1.563035e-02,1.595399e-04,5.557248e-01
6.850000e-05,1.595032e-07,3.553395e-01,2.550590e-03,4.236603e-07,9.440672e-07,3.682725e-04,6.417401e-01,2.900769e-08,4.265191e-01,1.036520e-03,2.880194e-06,1.575725e-02,1.637812e-04,5.565204e-01
7.300000e-05,1.689944e-07,3.552578e-01,2.626463e-03,4.237361e-07,9.968940e-07,3.789836e-04,6.417351e-01,3.077524e-08,4.255748e-01,1.076952e-03,2.918599e-06,1.587958e-02,1.678439e-04,5.572979e-01
7.750000e-05,1.783919e-07,3.551770e-01,2.699635e-03,4.238186e-07,1.049090e-06,3.892903e-04,6.417324e-01,3.252946e-08,4.246525e-01,1.116733e-03,2.956607e-06,1.599755e-02,1.717443e-04,5.580585e-01
8.200000e-05,1.876988e-07,3.550969e-01,2.770343e-03,4.239073e-07,1.100673e-06,3.992275e-04,6.417318e-01,3.427073e-08,4.237513e-01,1.155922e-03,2.994239e-06,1.611135e-02,1.754963e-04,5.588029e-01
8.650000e-05,1.969177e-07,3.550175e-01,2.838791e-03,4.240020e-07,1.151659e-06,4.088252e-04,6.417331e-01,3.599938e-08,4.228699e-01,1.194567e-03,3.031513e-06,1.622117e-02,1.791120e-04,5.595322e-01
9.100000e-05,2.060513e-07,3.549388e-01,2.905158e-03,4.241021e-07,1.202065e-06,4.181095e-04,6.417361e-01,3.771575e-08,4.220076e-01,1.232712e-03,3.068443e-06,1.632720e-02,1.826020e-04,5.602468e-01
9.550000e-05,2.151023e-07,3.548606e-01,2.969599e-03,4.242074e-07,1.251906e-06,4.271035e-04,6.417408e-01,3.942015e-08,4.211633e-01,1.270393e-03,3.105043e-06,1.642962e-02,1.859755e-04,5.609476e-01
1.000000e-04,2.240728e-07,3.547830e-01,3.032254e-03,4.243176e-07,1.301195e-06,4.358276e-04,6.417470e-01,4.111284e-08,4.203364e-01,1.307643e-03,3.141324e-06,1.652860e-02,1.892408e-04,5.616349e-01
1.450000e-04,3.098136e-07,3.540300e-01,3.582415e-03,4.256390e-07,1.766568e-06,5.114610e-04,6.418737e-01,5.745388e-08,4.128824e-01,1.661349e-03,3.488411e-06,1.736176e-02,2.172590e-04,5.678737e-01
1.900000e-04,3.894734e-07,3.533073e-01,4.036796e-03,4.272514e-07,2.188923e-06,5.723933e-04,6.420805e-01,7.287134e-08,4.065967e-01,1.990186e-03,3.810769e-06,1.798671e-02,2.394526e-04,5.731831e-01
2.350000e-04,4.642801e-07,3.526060e-01,4.430239e-03,4.290590e-07,2.576054e-06,6.238334e-04,6.423365e-01,8.752594e-08,4.011722e-01,2.301444e-03,4.112327e-06,1.847559e-02,2.579342e-04,5.777886e-01
2.800000e-04,5.350293e-07,3.519219e-01,4.780809e-03,4.310042e-07,2.933243e-06,6.685153e-04,6.426249e-01,1.015211e-07,3.964142e-01,2.598634e-03,4.395666e-06,1.887039e-02,2.738075e-04,5.818385e-01
3.250000e-04,6.023628e-07,3.512524e-01,5.099602e-03,4.330509e-07,3.264781e-06,7.081284e-04,6.429356e-01,1.149470e-07,3.921831e-01,2.884134e-03,4.663085e-06,1.919753e-02,2.877478e-04,5.854427e-01
3.700000e-04,6.668279e-07,3.505950e-01,5.394098e-03,4.351768e-07,3.574281e-06,7.438118e-04,6.432624e-01,1.278860e-07,3.883751e-01,3.159844e-03,4.916697e-06,1.947444e-02,3.002045e-04,5.886854e-01
4.150000e-04,7.286975e-07,3.499497e-01,5.668775e-03,4.373611e-07,3.863877e-06,7.762747e-04,6.436003e-01,1.403730e-07,3.849216e-01,3.426526e-03,5.157639e-06,1.971233e-02,3.114589e-04,5.916228e-01
4.600000e-04,7.883124e-07,3.493149e-01,5.927386e-03,4.395918e-07,4.135911e-06,8.060969e-04,6.439463e-01,1.524616e-07,3.817630e-01,3.685289e-03,5.387369e-06,1.991962e-02,3.217360e-04,5.943048e-01
5.050000e-04,8.459253e-07,3.486899e-01,6.172625e-03,4.418596e-07,4.392201e-06,8.337006e-04,6.442981e-01,1.641913e-07,3.788545e-01,3.936930e-03,5.607021e-06,2.010229e-02,3.311988e-04,5.967693e-01
5.500000e-04,9.017207e-07,3.480744e-01,6.406451e-03,4.441558e-07,4.634167e-06,8.594001e-04,6.446538e-01,1.755903e-07,3.761615e-01,4.181998e-03,5.817468e-06,2.026476e-02,3.399684e-04,5.990458e-01
5.950000e-04,9.558588e-07,3.474679e-01,6.630422e-03,4.464740e-07,4.863054e-06,8.834468e-04,6.450120e-01,1.866840e-07,3.736559e-01,4.420984e-03,6.019491e-06,2.041041e-02,3.481408e-04,6.011584e-01
6.400000e-04,1.008509e-06,3.468697e-01,6.845918e-03,4.488100e-07,5.080073e-06,9.060572e-04,6.453717e-01,1.975010e-07,3.713131e-01,4.654456e-03,6.213890e-06,2.054194e-02,3.557976e-04,6.031283e-01
6.850000e-04,1.059772e-06,3.462799e-01,7.053881e-03,4.511589e-07,5.286098e-06,9.273899e-04,6.457321e-01,2.080573e-07,3.691148e-01,4.882713e-03,6.401199e-06,2.066139e-02,3.629986e-04,6.049715e-01
7.300000e-04,1.109778e-06,3.456977e-01,7.255252e-03,4.535182e-07,5.482061e-06,9.475931e-04,6.460925e-01,2.183752e-07,3.670440e-01,5.106198e-03,6.582043e-06,2.077050e-02,3.697990e-04,6.067027e-01
7.750000e-04,1.158533e-06,3.451239e-01,7.450399e-03,4.558810e-07,5.668390e-06,9.667504e-04,6.464517e-01,2.284531e-07,3.650904e-01,5.324840e-03,6.756596e-06,2.087045e-02,3.762311e-04,6.083311e-01
8.200000e-04,1.206062e-06,3.445590e-01,7.639686e-03,4.582414e-07,5.845549e-06,9.849405e-04,6.468089e-01,2.382926e-07,3.632444e-01,5.538641e-03,6.925081e-06,2.096229e-02,3.823247e-04,6.098651e-01
8.650000e-04,1.252741e-06,3.439992e-01,7.824833e-03,4.606127e-07,6.015268e-06,1.002364e-03,6.471659e-01,2.479698e-07,3.614844e-01,5.749221e-03,7.088958e-06,2.104752e-02,3.881498e-04,6.113233e-01
9.100000e-04,1.298460e-06,3.434463e-01,8.005576e-03,4.629845e-07,6.177425e-06,1.019027e-03,6.475211e-01,2.574596e-07,3.598087e-01,5.956015e-03,7.247945e-06,2.112658e-02,3.937105e-04,6.127075e-01
9.550000e-04,1.343276e-06,3.429002e-01,8.182280e-03,4.653551e-07,6.332499e-06,1.034992e-03,6.478744e-01,2.667719e-07,3.582097e-01,6.159212e-03,7.402340e-06,2.120014e-02,3.990298e-04,6.140242e-01
1.000000e-03,1.387321e-06,3.423597e-01,8.355593e-03,4.677274e-07,6.481206e-06,1.050344e-03,6.482261e-01,2.759329e-07,3.566783e-01,6.359370e-03,7.552701e-06,2.126889e-02,4.041373e-04,6.152815e-01
1.450000e-03,1.787944e-06,3.373046e-01,9.927825e-03,4.910156e-07,7.672918e-06,1.176671e-03,6.515810e-01,3.595433e-07,3.442785e-01,8.197283e-03,8.860182e-06,2.176476e-02,4.459619e-04,6.253043e-01
1.900000e-03,2.136506e-06,3.327778e-01,1.130812e-02,5.132808e-07,8.495524e-06,1.270859e-03,6.546321e-01,4.324986e-07,3.352176e-01,9.816195e-03,9.916287e-06,2.205843e-02,4.770251e-04,6.324204e-01
2.350000e-03,2.448023e-06,3.286974e-01,1.256237e-02,5.342799e-07,9.087128e-06,1.345487e-03,6.573827e-01,4.977309e-07,3.281030e-01,1.127505e-02,1.080283e-05,2.224692e-02,5.016478e-04,6.378621e-01
2.800000e-03,2.731440e-06,3.249942e-01,1.372384e-02,5.539845e-07,9.525967e-06,1.406983e-03,6.598621e-01,5.570535e-07,3.222553e-01,1.261082e-02,1.156684e-05,2.237282e-02,5.219823e-04,6.422269e-01
3.250000e-03,2.992810e-06,3.216088e-01,1.481307e-02,5.724622e-07,9.859689e-06,1.459115e-03,6.621056e-01,6.117202e-07,3.172908e-01,1.384940e-02,1.223845e-05,2.245818e-02,5.392707e-04,6.458495e-01
3.700000e-03,3.236144e-06,3.184953e-01,1.584276e-02,5.897924e-07,1.011832e-05,1.504220e-03,6.641437e-01,6.625719e-07,3.129782e-01,1.500814e-02,1.283733e-05,2.251563e-02,5.542747e-04,6.489303e-01
4.150000e-03,3.464006e-06,3.156208e-01,1.682042e-02,6.060385e-07,1.032151e-05,1.543807e-03,6.660006e-01,7.101520e-07,3.091717e-01,1.609818e-02,1.337654e-05,2.255293e-02,5.674826e-04,6.515957e-01
4.600000e-03,3.678837e-06,3.129511e-01,1.775370e-02,6.213048e-07,1.048323e-05,1.579024e-03,6.677014e-01,7.549775e-07,3.057622e-01,1.713035e-02,1.386688e-05,2.257532e-02,5.792655e-04,6.539382e-01
5.050000e-03,3.882484e-06,3.104592e-01,1.864842e-02,6.356830e-07,1.061322e-05,1.610694e-03,6.692665e-01,7.974411e-07,3.026727e-01,1.811288e-02,1.431632e-05,2.258635e-02,5.898893e-04,6.560230e-01
5.500000e-03,4.076244e-06,3.081246e-01,1.950842e-02,6.492438e-07,1.071839e-05,1.639406e-03,6.707121e-01,8.378191e-07,2.998488e-01,1.905147e-02,1.473067e-05,2.258852e-02,5.995438e-04,6.578961e-01
5.950000e-03,4.261223e-06,3.059293e-01,2.033716e-02,6.620559e-07,1.080388e-05,1.665623e-03,6.720522e-01,8.763473e-07,2.972479e-01,1.995107e-02,1.511466e-05,2.258369e-02,6.083783e-04,6.595930e-01
6.400000e-03,4.438356e-06,3.038579e-01,2.113763e-02,6.741832e-07,1.087357e-05,1.689711e-03,6.732988e-01,9.132247e-07,2.948367e-01,2.081587e-02,1.547216e-05,2.257324e-02,6.165116e-04,6.611413e-01
6.850000e-03,4.608408e-06,3.018974e-01,2.191225e-02,6.856807e-07,1.093042e-05,1.711961e-03,6.744621e-01,9.486135e-07,2.925891e-01,2.164924e-02,1.580629e-05,2.255822e-02,6.240372e-04,6.625627e-01
7.300000e-03,4.772058e-06,3.000366e-01,2.266326e-02,6.966002e-07,1.097670e-05,1.732609e-03,6.755511e-01,9.826586e-07,2.904836e-01,2.245424e-02,1.611969e-05,2.253946e-02,6.310325e-04,6.638746e-01
7.750000e-03,4.929865e-06,2.982658e-01,2.339249e-02,7.069864e-07,1.101424e-05,1.751850e-03,6.765732e-01,1.015478e-06,2.885029e-01,2.323333e-02,1.641454e-05,2.251760e-02,6.375603e-04,6.650912e-01
8.200000e-03,5.082330e-06,2.965767e-01,2.410157e-02,7.168793e-07,1.104444e-05,1.769843e-03,6.775350e-01,1.047178e-06,2.866328e-01,2.398865e-02,1.669268e-05,2.249316e-02,6.436730e-04,6.662240e-01
8.650000e-03,5.230017e-06,2.949602e-01,2.479276e-02,7.263267e-07,1.106849e-05,1.786745e-03,6.784433e-01,1.077878e-06,2.848590e-01,2.472298e-02,1.695601e-05,2.246653e-02,6.494216e-04,6.672840e-01
9.100000e-03,5.372845e-06,2.934150e-01,2.546509e-02,7.353307e-07,1.108724e-05,1.802614e-03,6.793001e-01,1.107562e-06,2.831771e-01,2.543559e-02,1.720507e-05,2.243815e-02,6.548253e-04,6.682760e-01
9.550000e-03,5.511542e-06,2.919311e-01,2.612168e-02,7.439474e-07,1.110154e-05,1.817598e-03,6.801123e-01,1.136382e-06,2.815734e-01,2.613002e-02,1.744177e-05,2.240821e-02,6.599323e-04,6.692098e-01
1.000000e-02,5.646337e-06,2.905043e-01,2.676319e-02,7.521987e-07,1.111198e-05,1.831771e-03,6.808833e-01,1.164387e-06,2.800414e-01,2.680719e-02,1.766702e-05,2.237697e-02,6.647675e-04,6.700908e-01
1.000000e-02,5.646337e-06,2.905043e-01,2.676319e-02,7.521987e-07,1.111198e-05,1.831771e-03,6.808833e-01,1.164387e-06,2.800414e-01,2.680719e-02,1.766702e-05,2.237697e-02,6.647675e-04,6.700908e-01
