z(m),N2,NH3,H2
0.000000e+00,0.000000e+00,1.000000e+00,0.000000e+00
1.000000e-10,4.576821e-09,1.000000e+00,9.880992e-10
1.450000e-10,6.636388e-09,1.000000e+00,1.432743e-09
1.900000e-10,8.695954e-09,1.000000e+00,1.877387e-09
2.350000e-10,1.075552e-08,1.000000e+00,2.322031e-09
2.800000e-10,1.281508e-08,1.000000e+00,2.766675e-09
3.250000e-10,1.487465e-08,1.000000e+00,3.211318e-09
3.700000e-10,1.693421e-08,1.000000e+00,3.655961e-09
4.150000e-10,1.899377e-08,1.000000e+00,4.100604e-09
4.600000e-10,2.105333e-08,1.000000e+00,4.545246e-09
5.050000e-10,2.311289e-08,1.000000e+00,4.989888e-09
5.500000e-10,2.517244e-08,1.000000e+00,5.434531e-09
5.950000e-10,2.723200e-08,1.000000e+00,5.879172e-09
6.400000e-10,2.929156e-08,1.000000e+00,6.323814e-09
6.850000e-10,3.135111e-08,1.000000e+00,6.768456e-09
7.300000e-10,3.341066e-08,1.000000e+00,7.213097e-09
7.750000e-10,3.547022e-08,1.000000e+00,7.657738e-09
8.200000e-10,3.752977e-08,1.000000e+00,8.102379e-09
8.650000e-10,3.958932e-08,1.000000e+00,8.547019e-09
9.100000e-10,4.164887e-08,9.999999e-01,8.991659e-09
9.550000e-10,4.370842e-08,9.999999e-01,9.436300e-09
1.000000e-09,4.576796e-08,9.999999e-01,9.880940e-09
1.450000e-09,6.636338e-08,9.999999e-01,1.432733e-08
1.900000e-09,8.695871e-08,9.999999e-01,1.877369e-08
2.350000e-09,1.075539e-07,9.999999e-01,2.322004e-08
2.800000e-09,1.281491e-07,9.999998e-01,2.766637e-08
3.250000e-09,1.487441e-07,9.999998e-01,3.211267e-08
3.700000e-09,1.693391e-07,9.999998e-01,3.655896e-08
4.150000e-09,1.899339e-07,9.999998e-01,4.100523e-08
4.600000e-09,2.105287e-07,9.999997e-01,4.545148e-08
5.050000e-09,2.311234e-07,9.999997e-01,4.989770e-08
5.500000e-09,2.517180e-07,9.999997e-01,5.434391e-08
5.950000e-09,2.723125e-07,9.999997e-01,5.879010e-08
6.400000e-09,2.929069e-07,9.999996e-01,6.323627e-08
6.850000e-09,3.135012e-07,9.999996e-01,6.768242e-08
7.300000e-09,3.340954e-07,9.999996e-01,7.212855e-08
7.750000e-09,3.546896e-07,9.999996e-01,7.657466e-08
8.200000e-09,3.752836e-07,9.999995e-01,8.102075e-08
8.650000e-09,3.958776e-07,9.999995e-01,8.546683e-08
9.100000e-09,4.164715e-07,9.999995e-01,8.991288e-08
9.550000e-09,4.370653e-07,9.999995e-01,9.435892e-08
1.000000e-08,4.576590e-07,9.999994e-01,9.880493e-08
1.450000e-08,6.635911e-07,9.999992e-01,1.432640e-07
1.900000e-08,8.695145e-07,9.999989e-01,1.877213e-07
2.350000e-08,1.075429e-06,9.999987e-01,2.321766e-07
2.800000e-08,1.281335e-06,9.999984e-01,2.766301e-07
3.250000e-08,1.487233e-06,9.999982e-01,3.210817e-07
3.700000e-08,1.693122e-06,9.999979e-01,3.655315e-07
4.150000e-08,1.899002e-06,9.999977e-01,4.099794e-07
4.600000e-08,2.104874e-06,9.999974e-01,4.544255e-07
5.050000e-08,2.310737e-06,9.999972e-01,4.988698e-07
5.500000e-08,2.516592e-06,9.999969e-01,5.433122e-07
5.950000e-08,2.722438e-06,9.999967e-01,5.877528e-07
6.400000e-08,2.928276e-06,9.999964e-01,6.321916e-07
6.850000e-08,3.134106e-06,9.999962e-01,6.766285e-07
7.300000e-08,3.339927e-06,9.999959e-01,7.210637e-07
7.750000e-08,3.545740e-06,9.999957e-01,7.654970e-07
8.200000e-08,3.751544e-06,9.999954e-01,8.099285e-07
8.650000e-08,3.957340e-06,9.999952e-01,8.543582e-07
9.100000e-08,4.163128e-06,9.999949e-01,8.987862e-07
9.550000e-08,4.368907e-06,9.999947e-01,9.432123e-07
1.000000e-07,4.574678e-06,9.999944e-01,9.876366e-07
1.450000e-07,6.631933e-06,9.999919e-01,1.431782e-06
1.900000e-07,8.688370e-06,9.999894e-01,1.875750e-06
2.350000e-07,1.074400e-05,9.999869e-01,2.319544e-06
2.800000e-07,1.279882e-05,9.999844e-01,2.763164e-06
3.250000e-07,1.485287e-05,9.999819e-01,3.206616e-06
3.700000e-07,1.690614e-05,9.999794e-01,3.649901e-06
4.150000e-07,1.895864e-05,9.999769e-01,4.093019e-06
4.600000e-07,2.101038e-05,9.999745e-01,4.535974e-06
5.050000e-07,2.306137e-05,9.999720e-01,4.978766e-06
5.500000e-07,2.511161e-05,9.999695e-01,5.421397e-06
5.950000e-07,2.716112e-05,9.999670e-01,5.863869e-06
6.400000e-07,2.920989e-05,9.999645e-01,6.306184e-06
6.850000e-07,3.125795e-05,9.999620e-01,6.748343e-06
7.300000e-07,3.330529e-05,9.999595e-01,7.190347e-06
7.750000e-07,3.535192e-05,9.999570e-01,7.632199e-06
8.200000e-07,3.739785e-05,9.999545e-01,8.073899e-06
8.650000e-07,3.944308e-05,9.999520e-01,8.515448e-06
9.100000e-07,4.148763e-05,9.999496e-01,8.956849e-06
9.550000e-07,4.353149e-05,9.999471e-01,9.398102e-06
1.000000e-06,4.557467e-05,9.999446e-01,9.839208e-06
1.450000e-06,6.597034e-05,9.999198e-01,1.424247e-05
1.900000e-06,8.630354e-05,9.998951e-01,1.863225e-05
2.350000e-06,1.065782e-04,9.998704e-01,2.300939e-05
2.800000e-06,1.267976e-04,9.998458e-01,2.737459e-05
3.250000e-06,1.469642e-04,9.998213e-01,3.172841e-05
3.700000e-06,1.670805e-04,9.997968e-01,3.607136e-05
4.150000e-06,1.871484e-04,9.997724e-01,4.040386e-05
4.600000e-06,2.071697e-04,9.997481e-01,4.472628e-05
5.050000e-06,2.271457e-04,9.997238e-01,4.903896e-05
5.500000e-06,2.470780e-04,9.996996e-01,5.334218e-05
5.950000e-06,2.669678e-04,9.996754e-01,5.763622e-05
6.400000e-06,2.868161e-04,9.996513e-01,6.192132e-05
6.850000e-06,3.066241e-04,9.996272e-01,6.619771e-05
7.300000e-06,3.263926e-04,9.996031e-01,7.046557e-05
7.750000e-06,3.461224e-04,9.995792e-01,7.472508e-05
8.200000e-06,3.658144e-04,9.995552e-01,7.897643e-05
8.650000e-06,3.854694e-04,9.995313e-01,8.321977e-05
9.100000e-06,4.050879e-04,9.995075e-01,8.745525e-05
9.550000e-06,4.246706e-04,9.994836e-01,9.168301e-05
1.000000e-05,4.442182e-04,9.994599e-01,9.590317e-05
1.450000e-05,6.378697e-04,9.992244e-01,1.377110e-04
1.900000e-05,8.284729e-04,9.989927e-01,1.788607e-04
2.350000e-05,1.016309e-03,9.987643e-01,2.194131e-04
2.800000e-05,1.201592e-03,9.985390e-01,2.594142e-04
3.250000e-05,1.384480e-03,9.983166e-01,2.988982e-04
3.700000e-05,1.565104e-03,9.980970e-01,3.378935e-04
4.150000e-05,1.743577e-03,9.978800e-01,3.764245e-04
4.600000e-05,1.919997e-03,9.976655e-01,4.145120e-04
5.050000e-05,2.094451e-03,9.974534e-01,4.521753e-04
5.500000e-05,2.267021e-03,9.972435e-01,4.894319e-04
5.950000e-05,2.437777e-03,9.970359e-01,5.262966e-04
6.400000e-05,2.606781e-03,9.968304e-01,5.627834e-04
6.850000e-05,2.774099e-03,9.966270e-01,5.989059e-04
7.300000e-05,2.939785e-03,9.964255e-01,6.346762e-04
7.750000e-05,3.103892e-03,9.962260e-01,6.701057e-04
8.200000e-05,3.266471e-03,9.960283e-01,7.052051e-04
8.650000e-05,3.427567e-03,9.958324e-01,7.399845e-04
9.100000e-05,3.587225e-03,9.956383e-01,7.744535e-04
9.550000e-05,3.745487e-03,9.954459e-01,8.086210e-04
1.000000e-04,3.902391e-03,9.952551e-01,8.424952e-04
1.450000e-04,5.404375e-03,9.934289e-01,1.166762e-03
1.900000e-04,6.803248e-03,9.917280e-01,1.468767e-03
2.350000e-04,8.119598e-03,9.901274e-01,1.752957e-03
2.800000e-04,9.366747e-03,9.886110e-01,2.022206e-03
3.250000e-04,1.055552e-02,9.871656e-01,2.278854e-03
3.700000e-04,1.169523e-02,9.857799e-01,2.524907e-03
4.150000e-04,1.279040e-02,9.844483e-01,2.761345e-03
4.600000e-04,1.384685e-02,9.831637e-01,2.989424e-03
5.050000e-04,1.486887e-02,9.819211e-01,3.210070e-03
5.500000e-04,1.585959e-02,9.807165e-01,3.423958e-03
5.950000e-04,1.682172e-02,9.795466e-01,3.631677e-03
6.400000e-04,1.775819e-02,9.784080e-01,3.833852e-03
6.850000e-04,1.867070e-02,9.772984e-01,4.030856e-03
7.300000e-04,1.956147e-02,9.762154e-01,4.223166e-03
7.750000e-04,2.043059e-02,9.751586e-01,4.410802e-03
8.200000e-04,2.127838e-02,9.741278e-01,4.593835e-03
8.650000e-04,2.211156e-02,9.731147e-01,4.773713e-03
9.100000e-04,2.292811e-02,9.721219e-01,4.950000e-03
9.550000e-04,2.372899e-02,9.711481e-01,5.122902e-03
1.000000e-03,2.451655e-02,9.701905e-01,5.292930e-03
1.450000e-03,3.170028e-02,9.614559e-01,6.843844e-03
1.900000e-03,3.798104e-02,9.538191e-01,8.199809e-03
2.350000e-03,4.362094e-02,9.469617e-01,9.417413e-03
2.800000e-03,4.877694e-02,9.406925e-01,1.053055e-02
3.250000e-03,5.355549e-02,9.348824e-01,1.156219e-02
3.700000e-03,5.802688e-02,9.294457e-01,1.252751e-02
4.150000e-03,6.223560e-02,9.243284e-01,1.343613e-02
4.600000e-03,6.622427e-02,9.194787e-01,1.429725e-02
5.050000e-03,7.002502e-02,9.148574e-01,1.511780e-02
5.500000e-03,7.366008e-02,9.104376e-01,1.590256e-02
5.950000e-03,7.714842e-02,9.061963e-01,1.665563e-02
6.400000e-03,8.050600e-02,9.021139e-01,1.738050e-02
6.850000e-03,8.374578e-02,8.981747e-01,1.807994e-02
7.300000e-03,8.687935e-02,8.943646e-01,1.875645e-02
7.750000e-03,8.991610e-02,8.906723e-01,1.941206e-02
8.200000e-03,9.286449e-02,8.870878e-01,2.004852e-02
8.650000e-03,9.573438e-02,8.835983e-01,2.066809e-02
9.100000e-03,9.852314e-02,8.802077e-01,2.127013e-02
9.550000e-03,1.012441e-01,8.768993e-01,2.185756e-02
1.000000e-02,1.039007e-01,8.736690e-01,2.243112e-02
1.000000e-02,1.039007e-01,8.736690e-01,2.243112e-02
