#Dimensionless Gibbs Energies of reactions (G/RT) at Reactor & Ref. Pressure (1bar)

-6.072980e+01   -6.326869e+01   2 O + M <=> O2 + M
-5.270628e+01   -5.524517e+01   H + O + M <=> OH + M
4.786893e-01    4.786893e-01    H2 + O <=> H + OH
-3.461092e+01   -3.461092e+01   HO2 + O <=> O2 + OH
-1.161205e+01   -1.161205e+01   H2O2 + O <=> HO2 + OH
-1.809537e+01   -2.063426e+01   H + O2 + M <=> HO2 + M
-1.809537e+01   -2.063426e+01   H + 2 O2 <=> HO2 + O2
-1.809537e+01   -2.063426e+01   H + H2O + O2 <=> H2O + HO2
-1.809537e+01   -2.063426e+01   H + N2 + O2 <=> HO2 + N2
-1.809537e+01   -2.063426e+01   AR + H + O2 <=> AR + HO2
8.023515e+00    8.023515e+00    H + O2 <=> O + OH
-5.318497e+01   -5.572386e+01   2 H + M <=> H2 + M
-5.318497e+01   -5.572386e+01   2 H + H2 <=> 2 H2
-5.318497e+01   -5.572386e+01   2 H + H2O <=> H2 + H2O
-6.160799e+01   -6.414689e+01   H + OH + M <=> H2O + M
-3.548911e+01   -3.548911e+01   H + HO2 <=> H2O + O
-3.508961e+01   -3.508961e+01   H + HO2 <=> H2 + O2
-2.658740e+01   -2.658740e+01   H + HO2 <=> 2 OH
-1.209074e+01   -1.209074e+01   H + H2O2 <=> H2 + HO2
-4.710117e+01   -4.710117e+01   H + H2O2 <=> H2O + OH
-8.423022e+00   -8.423022e+00   H2 + OH <=> H + H2O
-1.450683e+01   -1.704572e+01   2 OH (+M) <=> H2O2 (+M)
-8.901712e+00   -8.901712e+00   2 OH <=> H2O + O
-4.351263e+01   -4.351263e+01   HO2 + OH <=> H2O + O2
-2.051377e+01   -2.051377e+01   H2O2 + OH <=> H2O + HO2
-2.051377e+01   -2.051377e+01   H2O2 + OH <=> H2O + HO2
-2.299886e+01   -2.299886e+01   2 HO2 <=> H2O2 + O2
-2.299886e+01   -2.299886e+01   2 HO2 <=> H2O2 + O2
-4.351263e+01   -4.351263e+01   HO2 + OH <=> H2O + O2
