#Dimensionless enthalpies of reactions (H/RT) at Reference Pressure 1bar

-7.866149e+01   2 O + M <=> O2 + M
-6.774351e+01   H + O + M <=> OH + M
1.264640e+00    H2 + O <=> H + OH
-3.476501e+01   HO2 + O <=> O2 + OH
-9.768007e+00   H2O2 + O <=> HO2 + OH
-3.297850e+01   H + O2 + M <=> HO2 + M
-3.297850e+01   H + 2 O2 <=> HO2 + O2
-3.297850e+01   H + H2O + O2 <=> H2O + HO2
-3.297850e+01   H + N2 + O2 <=> HO2 + N2
-3.297850e+01   AR + H + O2 <=> AR + HO2
1.091797e+01    H + O2 <=> O + OH
-6.900815e+01   2 H + M <=> H2 + M
-6.900815e+01   2 H + H2 <=> 2 H2
-6.900815e+01   2 H + H2O <=> H2 + H2O
-7.905171e+01   H + OH + M <=> H2O + M
-3.515524e+01   H + HO2 <=> H2O + O
-3.602965e+01   H + HO2 <=> H2 + O2
-2.384704e+01   H + HO2 <=> 2 OH
-1.103265e+01   H + H2O2 <=> H2 + HO2
-4.492324e+01   H + H2O2 <=> H2O + OH
-1.004356e+01   H2 + OH <=> H + H2O
-3.412847e+01   2 OH (+M) <=> H2O2 (+M)
-1.130820e+01   2 OH <=> H2O + O
-4.607321e+01   HO2 + OH <=> H2O + O2
-2.107621e+01   H2O2 + OH <=> H2O + HO2
-2.107621e+01   H2O2 + OH <=> H2O + HO2
-2.499701e+01   2 HO2 <=> H2O2 + O2
-2.499701e+01   2 HO2 <=> H2O2 + O2
-4.607321e+01   HO2 + OH <=> H2O + O2
