#Equilibrium constants of reactions

1.896055e+29    2 O + M <=> O2 + M
6.212733e+25    H + O + M <=> OH + M
6.195950e-01    H2 + O <=> H + OH
1.074807e+15    HO2 + O <=> O2 + OH
1.104208e+05    H2O2 + O <=> HO2 + OH
5.780326e+10    H + O2 + M <=> HO2 + M
5.780326e+10    H + 2 O2 <=> HO2 + O2
5.780326e+10    H + H2O + O2 <=> H2O + HO2
5.780326e+10    H + N2 + O2 <=> HO2 + N2
5.780326e+10    AR + H + O2 <=> AR + HO2
3.276663e-04    H + O2 <=> O + OH
1.002709e+26    2 H + M <=> H2 + M
1.002709e+26    2 H + H2 <=> 2 H2
1.002709e+26    2 H + H2O <=> H2 + H2O
4.562963e+29    H + OH + M <=> H2O + M
2.586583e+15    H + HO2 <=> H2O + O
1.734692e+15    H + HO2 <=> H2 + O2
3.521779e+11    H + HO2 <=> 2 OH
1.782144e+05    H + H2O2 <=> H2 + HO2
2.856124e+20    H + H2O2 <=> H2O + OH
4.550637e+03    H2 + OH <=> H + H2O
1.597607e+09    2 OH (+M) <=> H2O2 (+M)
7.344534e+03    2 OH <=> H2O + O
7.893954e+18    HO2 + OH <=> H2O + O2
8.109890e+08    H2O2 + OH <=> H2O + HO2
8.109890e+08    H2O2 + OH <=> H2O + HO2
9.733738e+09    2 HO2 <=> H2O2 + O2
9.733738e+09    2 HO2 <=> H2O2 + O2
7.893954e+18    HO2 + OH <=> H2O + O2
