#Forward rate constants of reactions

3.764977e+05    2 O + M <=> O2 + M
1.352362e+06    H + O + M <=> OH + M
4.022441e+07    H2 + O <=> H + OH
2.000000e+10    HO2 + O <=> O2 + OH
4.181255e+08    H2O2 + O <=> HO2 + OH
7.681567e+06    H + O2 + M <=> HO2 + M
5.480433e+09    H + 2 O2 <=> HO2 + O2
7.207845e+10    H + H2O + O2 <=> H2O + HO2
6.850541e+09    H + N2 + O2 <=> HO2 + N2
3.434832e+09    AR + H + O2 <=> AR + HO2
4.473114e+06    H + O2 <=> O + OH
5.409450e+05    2 H + M <=> H2 + M
1.668584e+09    2 H + H2 <=> 2 H2
1.479237e+10    2 H + H2O <=> H2 + H2O
3.802070e+07    H + OH + M <=> H2O + M
2.560612e+09    H + HO2 <=> H2O + O
2.229218e+10    H + HO2 <=> H2 + O2
5.546899e+10    H + HO2 <=> 2 OH
2.398145e+08    H + H2O2 <=> H2 + HO2
9.511061e+08    H + H2O2 <=> H2O + OH
5.242447e+08    H2 + OH <=> H + H2O
2.970453e+07    2 OH (+M) <=> H2O2 (+M)
1.199823e+09    2 OH <=> H2O + O
2.010392e+10    HO2 + OH <=> H2O + O2
1.512992e+09    H2O2 + OH <=> H2O + HO2
7.640951e+06    H2O2 + OH <=> H2O + HO2
3.772060e+08    2 HO2 <=> H2O2 + O2
1.649476e+08    2 HO2 <=> H2O2 + O2
6.029453e+07    HO2 + OH <=> H2O + O2
