#Reverse rate constants of reactions

1.985690e-24    2 O + M <=> O2 + M
2.176759e-20    H + O + M <=> OH + M
6.492049e+07    H2 + O <=> H + OH
1.860800e-05    HO2 + O <=> O2 + OH
3.786657e+03    H2O2 + O <=> HO2 + OH
1.328916e-04    H + O2 + M <=> HO2 + M
9.481182e-02    H + 2 O2 <=> HO2 + O2
1.246962e+00    H + H2O + O2 <=> H2O + HO2
1.185148e-01    H + N2 + O2 <=> HO2 + N2
5.942280e-02    AR + H + O2 <=> AR + HO2
1.365143e+10    H + O2 <=> O + OH
5.394837e-21    2 H + M <=> H2 + M
1.664076e-17    2 H + H2 <=> 2 H2
1.475241e-16    2 H + H2O <=> H2 + H2O
8.332459e-23    H + OH + M <=> H2O + M
9.899593e-07    H + HO2 <=> H2O + O
1.285080e-05    H + HO2 <=> H2 + O2
1.575027e-01    H + HO2 <=> 2 OH
1.345651e+03    H + H2O2 <=> H2 + HO2
3.330059e-12    H + H2O2 <=> H2O + OH
1.152025e+05    H2 + OH <=> H + H2O
1.859314e-02    2 OH (+M) <=> H2O2 (+M)
1.633628e+05    2 OH <=> H2O + O
2.546748e-09    HO2 + OH <=> H2O + O2
1.865613e+00    H2O2 + OH <=> H2O + HO2
9.421769e-03    H2O2 + OH <=> H2O + HO2
3.875243e-02    2 HO2 <=> H2O2 + O2
1.694596e-02    2 HO2 <=> H2O2 + O2
7.638064e-12    HO2 + OH <=> H2O + O2
