2 O + M <=> O2 + M
H + O + M <=> OH + M
H2 + O <=> H + OH
HO2 + O <=> O2 + OH
H2O2 + O <=> HO2 + OH
H + O2 + M <=> HO2 + M
H + 2 O2 <=> HO2 + O2
H + H2O + O2 <=> H2O + HO2
H + N2 + O2 <=> HO2 + N2
AR + H + O2 <=> AR + HO2
H + O2 <=> O + OH
2 H + M <=> H2 + M
2 H + H2 <=> 2 H2
2 H + H2O <=> H2 + H2O
H + OH + M <=> H2O + M
H + HO2 <=> H2O + O
H + HO2 <=> H2 + O2
H + HO2 <=> 2 OH
H + H2O2 <=> H2 + HO2
H + H2O2 <=> H2O + OH
H2 + OH <=> H + H2O
2 OH (+M) <=> H2O2 (+M)
2 OH <=> H2O + O
HO2 + OH <=> H2O + O2
H2O2 + OH <=> H2O + HO2
H2O2 + OH <=> H2O + HO2
2 HO2 <=> H2O2 + O2
2 HO2 <=> H2O2 + O2
HO2 + OH <=> H2O + O2
