#Dimensionless entropies of reactions (S/R) at Reactor & Ref. Pressure (1bar)

-1.793169e+01   -1.539280e+01   2 O + M <=> O2 + M
-1.503723e+01   -1.249834e+01   H + O + M <=> OH + M
7.859509e-01    7.859509e-01    H2 + O <=> H + OH
-1.540957e-01   -1.540957e-01   HO2 + O <=> O2 + OH
1.844046e+00    1.844046e+00    H2O2 + O <=> HO2 + OH
-1.488313e+01   -1.234424e+01   H + O2 + M <=> HO2 + M
-1.488313e+01   -1.234424e+01   H + 2 O2 <=> HO2 + O2
-1.488313e+01   -1.234424e+01   H + H2O + O2 <=> H2O + HO2
-1.488313e+01   -1.234424e+01   H + N2 + O2 <=> HO2 + N2
-1.488313e+01   -1.234424e+01   AR + H + O2 <=> AR + HO2
2.894458e+00    2.894458e+00    H + O2 <=> O + OH
-1.582318e+01   -1.328429e+01   2 H + M <=> H2 + M
-1.582318e+01   -1.328429e+01   2 H + H2 <=> 2 H2
-1.582318e+01   -1.328429e+01   2 H + H2O <=> H2 + H2O
-1.744372e+01   -1.490482e+01   H + OH + M <=> H2O + M
3.338766e-01    3.338766e-01    H + HO2 <=> H2O + O
-9.400466e-01   -9.400466e-01   H + HO2 <=> H2 + O2
2.740363e+00    2.740363e+00    H + HO2 <=> 2 OH
1.058095e+00    1.058095e+00    H + H2O2 <=> H2 + HO2
2.177922e+00    2.177922e+00    H + H2O2 <=> H2O + OH
-1.620535e+00   -1.620535e+00   H2 + OH <=> H + H2O
-1.962164e+01   -1.708275e+01   2 OH (+M) <=> H2O2 (+M)
-2.406486e+00   -2.406486e+00   2 OH <=> H2O + O
-2.560582e+00   -2.560582e+00   HO2 + OH <=> H2O + O2
-5.624402e-01   -5.624402e-01   H2O2 + OH <=> H2O + HO2
-5.624402e-01   -5.624402e-01   H2O2 + OH <=> H2O + HO2
-1.998142e+00   -1.998142e+00   2 HO2 <=> H2O2 + O2
-1.998142e+00   -1.998142e+00   2 HO2 <=> H2O2 + O2
-2.560582e+00   -2.560582e+00   HO2 + OH <=> H2O + O2
